<?xml version="1.0" encoding="UTF-8"?>
<testsuite tests="38" assertions="35" skipped="0" name="RegressionTesting" failures="0" time="61.484788" errors="2">
  <testcase assertions="1" name="test_A new Test Company_100_jobapplication" time="0.108371">
  </testcase>
  <testcase assertions="1" name="test_AI Signal_168_jobapplication" time="0.117024">
  </testcase>
  <testcase assertions="1" name="test_ALL_170_jobapplication" time="0.110419">
  </testcase>
  <testcase assertions="1" name="test_AT&amp;T_22_jobapplication" time="0.160373">
  </testcase>
  <testcase assertions="1" name="test_Acumen Solutions_94_jobapplication" time="0.130986">
  </testcase>
  <testcase assertions="1" name="test_AdReady_125_jobapplication" time="0.125548">
  </testcase>
  <testcase assertions="1" name="test_Alamy Inc_129_jobapplication" time="0.112166">
  </testcase>
  <testcase assertions="1" name="test_Alexander Interactive_78_jobapplication" time="0.107116">
  </testcase>
  <testcase assertions="0" name="test_Amazon_9_jobapplication" time="16.363252">
    <failure type="NameError" message="undefined local variable or method `company_id' for #&lt;RegressionTesting:0x10167e740&gt;">
undefined local variable or method `company_id' for #&lt;RegressionTesting:0x10167e740&gt; (NameError)
onejobforall.rb:70:in `profile_edit'
onejobforall.rb:182:in `test_Amazon_9_jobapplication'
/opt/local/lib/ruby/gems/1.8/gems/test-unit-2.0.9/lib/test/unit/testcase.rb:452:in `__send__'
/opt/local/lib/ruby/gems/1.8/gems/test-unit-2.0.9/lib/test/unit/testcase.rb:452:in `run_test'
/opt/local/lib/ruby/gems/1.8/gems/test-unit-2.0.9/lib/test/unit/testcase.rb:320:in `run'
/opt/local/lib/ruby/gems/1.8/gems/test-unit-2.0.9/lib/test/unit/testsuite.rb:38:in `run'
/opt/local/lib/ruby/gems/1.8/gems/test-unit-2.0.9/lib/test/unit/testsuite.rb:37:in `each'
/opt/local/lib/ruby/gems/1.8/gems/test-unit-2.0.9/lib/test/unit/testsuite.rb:37:in `run'
/opt/local/lib/ruby/gems/1.8/gems/test-unit-2.0.9/lib/test/unit/testsuite.rb:38:in `run'
/opt/local/lib/ruby/gems/1.8/gems/test-unit-2.0.9/lib/test/unit/testsuite.rb:37:in `each'
/opt/local/lib/ruby/gems/1.8/gems/test-unit-2.0.9/lib/test/unit/testsuite.rb:37:in `run'
/opt/local/lib/ruby/gems/1.8/gems/test-unit-2.0.9/lib/test/unit/ui/testrunnermediator.rb:48:in `run_suite'
/opt/local/lib/ruby/gems/1.8/gems/test-unit-2.0.9/lib/test/unit/ui/console/testrunner.rb:82:in `start_mediator'
/opt/local/lib/ruby/gems/1.8/gems/test-unit-2.0.9/lib/test/unit/ui/console/testrunner.rb:52:in `start'
/opt/local/lib/ruby/gems/1.8/gems/test-unit-2.0.9/lib/test/unit/ui/testrunnerutilities.rb:24:in `run'
/opt/local/lib/ruby/gems/1.8/gems/test-unit-2.0.9/lib/test/unit/autorunner.rb:304:in `run'
/opt/local/lib/ruby/gems/1.8/gems/test-unit-2.0.9/lib/test/unit/autorunner.rb:52:in `run'
/opt/local/lib/ruby/gems/1.8/gems/test-unit-2.0.9/lib/test/unit.rb:321    </failure>
  </testcase>
  <testcase assertions="1" name="test_American Pacific Mortgage_124_jobapplication" time="0.115387">
  </testcase>
  <testcase assertions="1" name="test_Amey_88_jobapplication" time="0.109834">
  </testcase>
  <testcase assertions="1" name="test_Any_166_jobapplication" time="0.115599">
  </testcase>
  <testcase assertions="1" name="test_Arrows Group_161_jobapplication" time="0.112644">
  </testcase>
  <testcase assertions="1" name="test_Avatarla_111_jobapplication" time="0.112605">
  </testcase>
  <testcase assertions="1" name="test_Avenue100 Media Solutions_127_jobapplication" time="0.10939">
  </testcase>
  <testcase assertions="1" name="test_Aviation Products Ltd._174_jobapplication" time="0.107845">
  </testcase>
  <testcase assertions="1" name="test_Bank of America_24_jobapplication" time="7.928966">
  </testcase>
  <testcase assertions="1" name="test_Beacon Hill Staffing Group_104_jobapplication" time="0.111603">
  </testcase>
  <testcase assertions="1" name="test_Billy Lau_152_jobapplication" time="0.125953">
  </testcase>
  <testcase assertions="0" name="test_Biogen Idec_38_jobapplication" time="16.065789">
    <failure type="NameError" message="undefined local variable or method `company_id' for #&lt;RegressionTesting:0x10167e218&gt;">
undefined local variable or method `company_id' for #&lt;RegressionTesting:0x10167e218&gt; (NameError)
onejobforall.rb:70:in `profile_edit'
onejobforall.rb:182:in `test_Biogen Idec_38_jobapplication'
/opt/local/lib/ruby/gems/1.8/gems/test-unit-2.0.9/lib/test/unit/testcase.rb:452:in `__send__'
/opt/local/lib/ruby/gems/1.8/gems/test-unit-2.0.9/lib/test/unit/testcase.rb:452:in `run_test'
/opt/local/lib/ruby/gems/1.8/gems/test-unit-2.0.9/lib/test/unit/testcase.rb:320:in `run'
/opt/local/lib/ruby/gems/1.8/gems/test-unit-2.0.9/lib/test/unit/testsuite.rb:38:in `run'
/opt/local/lib/ruby/gems/1.8/gems/test-unit-2.0.9/lib/test/unit/testsuite.rb:37:in `each'
/opt/local/lib/ruby/gems/1.8/gems/test-unit-2.0.9/lib/test/unit/testsuite.rb:37:in `run'
/opt/local/lib/ruby/gems/1.8/gems/test-unit-2.0.9/lib/test/unit/testsuite.rb:38:in `run'
/opt/local/lib/ruby/gems/1.8/gems/test-unit-2.0.9/lib/test/unit/testsuite.rb:37:in `each'
/opt/local/lib/ruby/gems/1.8/gems/test-unit-2.0.9/lib/test/unit/testsuite.rb:37:in `run'
/opt/local/lib/ruby/gems/1.8/gems/test-unit-2.0.9/lib/test/unit/ui/testrunnermediator.rb:48:in `run_suite'
/opt/local/lib/ruby/gems/1.8/gems/test-unit-2.0.9/lib/test/unit/ui/console/testrunner.rb:82:in `start_mediator'
/opt/local/lib/ruby/gems/1.8/gems/test-unit-2.0.9/lib/test/unit/ui/console/testrunner.rb:52:in `start'
/opt/local/lib/ruby/gems/1.8/gems/test-unit-2.0.9/lib/test/unit/ui/testrunnerutilities.rb:24:in `run'
/opt/local/lib/ruby/gems/1.8/gems/test-unit-2.0.9/lib/test/unit/autorunner.rb:304:in `run'
/opt/local/lib/ruby/gems/1.8/gems/test-unit-2.0.9/lib/test/unit/autorunner.rb:52:in `run'
/opt/local/lib/ruby/gems/1.8/gems/test-unit-2.0.9/lib/test/unit.rb:321    </failure>
  </testcase>
  <testcase assertions="1" name="test_Blue Nile_65_jobapplication" time="8.203477">
  </testcase>
  <testcase assertions="1" name="test_Bonobos_54_jobapplication" time="0.146831">
  </testcase>
  <testcase assertions="1" name="test_Boyden Global Executive Search_110_jobapplication" time="0.108242">
  </testcase>
  <testcase assertions="1" name="test_Bunge_134_jobapplication" time="0.110624">
  </testcase>
  <testcase assertions="1" name="test_Buzzfeed_4_jobapplication" time="0.118638">
  </testcase>
  <testcase assertions="1" name="test_CBEC Firm, LLC_96_jobapplication" time="0.105789">
  </testcase>
  <testcase assertions="1" name="test_CODA Automotive_153_jobapplication" time="0.105138">
  </testcase>
  <testcase assertions="1" name="test_Chronicle Books / McEvoy_144_jobapplication" time="0.109217">
  </testcase>
  <testcase assertions="1" name="test_Church &amp; Dwight Co._6_jobapplication" time="0.137671">
  </testcase>
  <testcase assertions="1" name="test_Complete Discovery Source, Inc._136_jobapplication" time="0.112036">
  </testcase>
  <testcase assertions="1" name="test_Conde Nast_2_jobapplication" time="0.146449">
  </testcase>
  <testcase assertions="1" name="test_Corbis_58_jobapplication" time="7.788942">
  </testcase>
  <testcase assertions="1" name="test_Coupon Cocktail_126_jobapplication" time="0.133903">
  </testcase>
  <testcase assertions="1" name="test_Craft Coffee_175_jobapplication" time="0.125133">
  </testcase>
  <testcase assertions="1" name="test_Cyrus Innovation_176_jobapplication" time="0.113785">
  </testcase>
  <testcase assertions="1" name="test_DeepIntel Solutions_119_jobapplication" time="0.110145">
  </testcase>
  <testcase assertions="1" name="test_Diageo_83_jobapplication" time="0.110003">
  </testcase>
  <testcase name="test_DriveTime_52_jobapplication">
  </testcase>
  <system-out>
Testing Company:"A new Test Company"
Testing Company:"AI Signal"
Testing Company:"ALL"
Testing Company:"AT&amp;T"
Testing Company:"Acumen Solutions"
Testing Company:"AdReady"
Testing Company:"Alamy Inc"
Testing Company:"Alexander Interactive"
Testing Company:"Amazon"
Testing Company:"American Pacific Mortgage"
Testing Company:"Amey"
Testing Company:"Any"
Testing Company:"Arrows Group"
Testing Company:"Avatarla"
Testing Company:"Avenue100 Media Solutions"
Testing Company:"Aviation Products Ltd."
Testing Company:"Bank of America"
Testing Company:"Beacon Hill Staffing Group"
Testing Company:"Billy Lau"
Testing Company:"Biogen Idec"
Testing Company:"Blue Nile"
Testing Company:"Bonobos"
Testing Company:"Boyden Global Executive Search"
Testing Company:"Bunge"
Testing Company:"Buzzfeed"
Testing Company:"CBEC Firm, LLC"
Testing Company:"CODA Automotive"
Testing Company:"Chronicle Books / McEvoy"
Testing Company:"Church &amp; Dwight Co."
Testing Company:"Complete Discovery Source, Inc."
Testing Company:"Conde Nast"
Testing Company:"Corbis"
Testing Company:"Coupon Cocktail"
Testing Company:"Craft Coffee"
Testing Company:"Cyrus Innovation"
Testing Company:"DeepIntel Solutions"
Testing Company:"Diageo"
Testing Company:"DriveTime"
  </system-out>
  <system-err>
  </system-err>
</testsuite>
