<?xml version="1.0" encoding="UTF-8"?>
<testsuite failures="19" tests="132" skipped="0" name="JobServiceRegression" assertions="2499" time="190.131326" errors="13">
  <testcase name="test_connection" assertions="0" time="0.133603">
  </testcase>
  <testcase name="test_job_by_categoryid_1" assertions="40" time="53.297846">
  </testcase>
  <testcase name="test_job_by_categoryid_10" assertions="40" time="2.119133">
  </testcase>
  <testcase name="test_job_by_categoryid_11" assertions="40" time="12.759436">
  </testcase>
  <testcase name="test_job_by_categoryid_12" assertions="40" time="16.392984">
  </testcase>
  <testcase name="test_job_by_categoryid_13" assertions="40" time="20.085182">
  </testcase>
  <testcase name="test_job_by_categoryid_14" assertions="40" time="2.161732">
  </testcase>
  <testcase name="test_job_by_categoryid_15" assertions="40" time="1.536899">
  </testcase>
  <testcase name="test_job_by_categoryid_16" assertions="40" time="5.412142">
  </testcase>
  <testcase name="test_job_by_categoryid_17" assertions="40" time="5.442268">
  </testcase>
  <testcase name="test_job_by_categoryid_18" assertions="40" time="1.065674">
  </testcase>
  <testcase name="test_job_by_categoryid_19" assertions="40" time="0.804564">
  </testcase>
  <testcase name="test_job_by_categoryid_2" assertions="40" time="5.104727">
  </testcase>
  <testcase name="test_job_by_categoryid_3" assertions="40" time="10.264031">
  </testcase>
  <testcase name="test_job_by_categoryid_4" assertions="40" time="7.024048">
  </testcase>
  <testcase name="test_job_by_categoryid_5" assertions="40" time="6.568027">
  </testcase>
  <testcase name="test_job_by_categoryid_6" assertions="40" time="0.63442">
  </testcase>
  <testcase name="test_job_by_categoryid_7" assertions="40" time="0.81207">
  </testcase>
  <testcase name="test_job_by_categoryid_8" assertions="40" time="0.646046">
  </testcase>
  <testcase name="test_job_by_categoryid_9" assertions="40" time="0.512476">
  </testcase>
  <testcase name="test_job_by_company_id_0" assertions="40" time="0.47865">
  </testcase>
  <testcase name="test_job_by_company_id_1" assertions="1" time="0.559089">
    <failure type="Test::Unit::AssertionFailedError" message="The title values are equal for 2....">
The title values are equal for 2.
&lt;"Web Associate"&gt; expected to be =~
&lt;/Research\ Telemarketing\ Representative/&gt;. (Test::Unit::AssertionFailedError)
regression.rb:99:in `test_job_by_company_id_1'
regression.rb:98:in `each'
regression.rb:98:in `test_job_by_company_id_1'    </failure>
  </testcase>
  <testcase name="test_job_by_company_id_10" assertions="1" time="0.881728">
    <failure type="Test::Unit::AssertionFailedError" message="The title values are equal for 2....">
The title values are equal for 2.
&lt;"Director Sales Operations I-516874"&gt; expected to be =~
&lt;/HPCS\ Cloud\ Support\ Technical\ Consultant\ \-\ 658594/&gt;. (Test::Unit::AssertionFailedError)
regression.rb:99:in `test_job_by_company_id_10'
regression.rb:98:in `each'
regression.rb:98:in `test_job_by_company_id_10'    </failure>
  </testcase>
  <testcase name="test_job_by_company_id_11" assertions="40" time="0.492875">
  </testcase>
  <testcase name="test_job_by_company_id_12" assertions="1" time="0.649618">
    <failure type="Test::Unit::AssertionFailedError" message="The title values are equal for 2....">
The title values are equal for 2.
&lt;"Medical Director, Product Leader - Infectious Disease Job"&gt; expected to be =~
&lt;/Dutch\ Service\ Analyst/&gt;. (Test::Unit::AssertionFailedError)
regression.rb:99:in `test_job_by_company_id_12'
regression.rb:98:in `each'
regression.rb:98:in `test_job_by_company_id_12'    </failure>
  </testcase>
  <testcase name="test_job_by_company_id_13" assertions="5" time="0.498043">
    <failure type="Test::Unit::AssertionFailedError" message="The title values are equal for 3....">
The title values are equal for 3.
&lt;"MS/PhD Fulltime Recent College Graduate"&gt; expected to be =~
&lt;/ST\ Group\ Grad\ Intern/&gt;. (Test::Unit::AssertionFailedError)
regression.rb:99:in `test_job_by_company_id_13'
regression.rb:98:in `each'
regression.rb:98:in `test_job_by_company_id_13'    </failure>
  </testcase>
  <testcase name="test_job_by_company_id_14" assertions="1" time="0.572122">
    <failure type="Test::Unit::AssertionFailedError" message="The title values are equal for 2....">
The title values are equal for 2.
&lt;"Finance Office Assistant (Part-time)"&gt; expected to be =~
&lt;/Jr\.\ Data\ Services\ Engineer/&gt;. (Test::Unit::AssertionFailedError)
regression.rb:99:in `test_job_by_company_id_14'
regression.rb:98:in `each'
regression.rb:98:in `test_job_by_company_id_14'    </failure>
  </testcase>
  <testcase name="test_job_by_company_id_15" assertions="25" time="0.643502">
    <failure type="Test::Unit::AssertionFailedError" message="The title values are equal for 8....">
The title values are equal for 8.
&lt;"Account Manager 1 NBM- Connecticut, Small Business"&gt; expected to be =~
&lt;/Account\ Manager\ 1\-Kansas\ City,\ MO/&gt;. (Test::Unit::AssertionFailedError)
regression.rb:99:in `test_job_by_company_id_15'
regression.rb:98:in `each'
regression.rb:98:in `test_job_by_company_id_15'    </failure>
  </testcase>
  <testcase name="test_job_by_company_id_16" assertions="4" time="0.219375">
    <failure type="NoMethodError" message="undefined method `[]' for nil:NilClass">
undefined method `[]' for nil:NilClass (NoMethodError)
regression.rb:99:in `test_job_by_company_id_16'
regression.rb:98:in `each'
regression.rb:98:in `test_job_by_company_id_16'
/opt/local/lib/ruby/gems/1.8/gems/test-unit-2.0.9/lib/test/unit/testcase.rb:452:in `__send__'
/opt/local/lib/ruby/gems/1.8/gems/test-unit-2.0.9/lib/test/unit/testcase.rb:452:in `run_test'
/opt/local/lib/ruby/gems/1.8/gems/test-unit-2.0.9/lib/test/unit/testcase.rb:320:in `run'
/opt/local/lib/ruby/gems/1.8/gems/test-unit-2.0.9/lib/test/unit/testsuite.rb:38:in `run'
/opt/local/lib/ruby/gems/1.8/gems/test-unit-2.0.9/lib/test/unit/testsuite.rb:37:in `each'
/opt/local/lib/ruby/gems/1.8/gems/test-unit-2.0.9/lib/test/unit/testsuite.rb:37:in `run'
/opt/local/lib/ruby/gems/1.8/gems/test-unit-2.0.9/lib/test/unit/testsuite.rb:38:in `run'
/opt/local/lib/ruby/gems/1.8/gems/test-unit-2.0.9/lib/test/unit/testsuite.rb:37:in `each'
/opt/local/lib/ruby/gems/1.8/gems/test-unit-2.0.9/lib/test/unit/testsuite.rb:37:in `run'
/opt/local/lib/ruby/gems/1.8/gems/test-unit-2.0.9/lib/test/unit/ui/testrunnermediator.rb:48:in `run_suite'
/opt/local/lib/ruby/gems/1.8/gems/test-unit-2.0.9/lib/test/unit/ui/console/testrunner.rb:82:in `start_mediator'
/opt/local/lib/ruby/gems/1.8/gems/test-unit-2.0.9/lib/test/unit/ui/console/testrunner.rb:52:in `start'
/opt/local/lib/ruby/gems/1.8/gems/test-unit-2.0.9/lib/test/unit/ui/testrunnerutilities.rb:24:in `run'
/opt/local/lib/ruby/gems/1.8/gems/test-unit-2.0.9/lib/test/unit/autorunner.rb:304:in `run'
/opt/local/lib/ruby/gems/1.8/gems/test-unit-2.0.9/lib/test/unit/autorunner.rb:52:in `run'
/opt/local/lib/ruby/gems/1.8/gems/test-unit-2.0.9/lib/test/unit.rb:321
regression.rb:342    </failure>
  </testcase>
  <testcase name="test_job_by_company_id_17" assertions="1" time="0.619361">
    <failure type="Test::Unit::AssertionFailedError" message="The title values are equal for 2....">
The title values are equal for 2.
&lt;"Capital Markets Market Risk Analyst"&gt; expected to be =~
&lt;/Sr\ Tech\ Mgr\ \-\ Apps\ Prog/&gt;. (Test::Unit::AssertionFailedError)
regression.rb:99:in `test_job_by_company_id_17'
regression.rb:98:in `each'
regression.rb:98:in `test_job_by_company_id_17'    </failure>
  </testcase>
  <testcase name="test_job_by_company_id_18" assertions="1" time="0.662364">
    <failure type="Test::Unit::AssertionFailedError" message="The title values are equal for 2....">
The title values are equal for 2.
&lt;"Accounting Manager"&gt; expected to be =~
&lt;/Engineering\ Opportunities/&gt;. (Test::Unit::AssertionFailedError)
regression.rb:99:in `test_job_by_company_id_18'
regression.rb:98:in `each'
regression.rb:98:in `test_job_by_company_id_18'    </failure>
  </testcase>
  <testcase name="test_job_by_company_id_19" assertions="40" time="0.657488">
  </testcase>
  <testcase name="test_job_by_company_id_2" assertions="8" time="0.209663">
    <failure type="NoMethodError" message="undefined method `[]' for nil:NilClass">
undefined method `[]' for nil:NilClass (NoMethodError)
regression.rb:99:in `test_job_by_company_id_2'
regression.rb:98:in `each'
regression.rb:98:in `test_job_by_company_id_2'
/opt/local/lib/ruby/gems/1.8/gems/test-unit-2.0.9/lib/test/unit/testcase.rb:452:in `__send__'
/opt/local/lib/ruby/gems/1.8/gems/test-unit-2.0.9/lib/test/unit/testcase.rb:452:in `run_test'
/opt/local/lib/ruby/gems/1.8/gems/test-unit-2.0.9/lib/test/unit/testcase.rb:320:in `run'
/opt/local/lib/ruby/gems/1.8/gems/test-unit-2.0.9/lib/test/unit/testsuite.rb:38:in `run'
/opt/local/lib/ruby/gems/1.8/gems/test-unit-2.0.9/lib/test/unit/testsuite.rb:37:in `each'
/opt/local/lib/ruby/gems/1.8/gems/test-unit-2.0.9/lib/test/unit/testsuite.rb:37:in `run'
/opt/local/lib/ruby/gems/1.8/gems/test-unit-2.0.9/lib/test/unit/testsuite.rb:38:in `run'
/opt/local/lib/ruby/gems/1.8/gems/test-unit-2.0.9/lib/test/unit/testsuite.rb:37:in `each'
/opt/local/lib/ruby/gems/1.8/gems/test-unit-2.0.9/lib/test/unit/testsuite.rb:37:in `run'
/opt/local/lib/ruby/gems/1.8/gems/test-unit-2.0.9/lib/test/unit/ui/testrunnermediator.rb:48:in `run_suite'
/opt/local/lib/ruby/gems/1.8/gems/test-unit-2.0.9/lib/test/unit/ui/console/testrunner.rb:82:in `start_mediator'
/opt/local/lib/ruby/gems/1.8/gems/test-unit-2.0.9/lib/test/unit/ui/console/testrunner.rb:52:in `start'
/opt/local/lib/ruby/gems/1.8/gems/test-unit-2.0.9/lib/test/unit/ui/testrunnerutilities.rb:24:in `run'
/opt/local/lib/ruby/gems/1.8/gems/test-unit-2.0.9/lib/test/unit/autorunner.rb:304:in `run'
/opt/local/lib/ruby/gems/1.8/gems/test-unit-2.0.9/lib/test/unit/autorunner.rb:52:in `run'
/opt/local/lib/ruby/gems/1.8/gems/test-unit-2.0.9/lib/test/unit.rb:321
regression.rb:342    </failure>
  </testcase>
  <testcase name="test_job_by_company_id_20" assertions="40" time="0.557867">
  </testcase>
  <testcase name="test_job_by_company_id_21" assertions="4" time="0.214098">
    <failure type="NoMethodError" message="undefined method `[]' for nil:NilClass">
undefined method `[]' for nil:NilClass (NoMethodError)
regression.rb:99:in `test_job_by_company_id_21'
regression.rb:98:in `each'
regression.rb:98:in `test_job_by_company_id_21'
/opt/local/lib/ruby/gems/1.8/gems/test-unit-2.0.9/lib/test/unit/testcase.rb:452:in `__send__'
/opt/local/lib/ruby/gems/1.8/gems/test-unit-2.0.9/lib/test/unit/testcase.rb:452:in `run_test'
/opt/local/lib/ruby/gems/1.8/gems/test-unit-2.0.9/lib/test/unit/testcase.rb:320:in `run'
/opt/local/lib/ruby/gems/1.8/gems/test-unit-2.0.9/lib/test/unit/testsuite.rb:38:in `run'
/opt/local/lib/ruby/gems/1.8/gems/test-unit-2.0.9/lib/test/unit/testsuite.rb:37:in `each'
/opt/local/lib/ruby/gems/1.8/gems/test-unit-2.0.9/lib/test/unit/testsuite.rb:37:in `run'
/opt/local/lib/ruby/gems/1.8/gems/test-unit-2.0.9/lib/test/unit/testsuite.rb:38:in `run'
/opt/local/lib/ruby/gems/1.8/gems/test-unit-2.0.9/lib/test/unit/testsuite.rb:37:in `each'
/opt/local/lib/ruby/gems/1.8/gems/test-unit-2.0.9/lib/test/unit/testsuite.rb:37:in `run'
/opt/local/lib/ruby/gems/1.8/gems/test-unit-2.0.9/lib/test/unit/ui/testrunnermediator.rb:48:in `run_suite'
/opt/local/lib/ruby/gems/1.8/gems/test-unit-2.0.9/lib/test/unit/ui/console/testrunner.rb:82:in `start_mediator'
/opt/local/lib/ruby/gems/1.8/gems/test-unit-2.0.9/lib/test/unit/ui/console/testrunner.rb:52:in `start'
/opt/local/lib/ruby/gems/1.8/gems/test-unit-2.0.9/lib/test/unit/ui/testrunnerutilities.rb:24:in `run'
/opt/local/lib/ruby/gems/1.8/gems/test-unit-2.0.9/lib/test/unit/autorunner.rb:304:in `run'
/opt/local/lib/ruby/gems/1.8/gems/test-unit-2.0.9/lib/test/unit/autorunner.rb:52:in `run'
/opt/local/lib/ruby/gems/1.8/gems/test-unit-2.0.9/lib/test/unit.rb:321
regression.rb:342    </failure>
  </testcase>
  <testcase name="test_job_by_company_id_22" assertions="28" time="0.411605">
    <failure type="NoMethodError" message="undefined method `[]' for nil:NilClass">
undefined method `[]' for nil:NilClass (NoMethodError)
regression.rb:99:in `test_job_by_company_id_22'
regression.rb:98:in `each'
regression.rb:98:in `test_job_by_company_id_22'
/opt/local/lib/ruby/gems/1.8/gems/test-unit-2.0.9/lib/test/unit/testcase.rb:452:in `__send__'
/opt/local/lib/ruby/gems/1.8/gems/test-unit-2.0.9/lib/test/unit/testcase.rb:452:in `run_test'
/opt/local/lib/ruby/gems/1.8/gems/test-unit-2.0.9/lib/test/unit/testcase.rb:320:in `run'
/opt/local/lib/ruby/gems/1.8/gems/test-unit-2.0.9/lib/test/unit/testsuite.rb:38:in `run'
/opt/local/lib/ruby/gems/1.8/gems/test-unit-2.0.9/lib/test/unit/testsuite.rb:37:in `each'
/opt/local/lib/ruby/gems/1.8/gems/test-unit-2.0.9/lib/test/unit/testsuite.rb:37:in `run'
/opt/local/lib/ruby/gems/1.8/gems/test-unit-2.0.9/lib/test/unit/testsuite.rb:38:in `run'
/opt/local/lib/ruby/gems/1.8/gems/test-unit-2.0.9/lib/test/unit/testsuite.rb:37:in `each'
/opt/local/lib/ruby/gems/1.8/gems/test-unit-2.0.9/lib/test/unit/testsuite.rb:37:in `run'
/opt/local/lib/ruby/gems/1.8/gems/test-unit-2.0.9/lib/test/unit/ui/testrunnermediator.rb:48:in `run_suite'
/opt/local/lib/ruby/gems/1.8/gems/test-unit-2.0.9/lib/test/unit/ui/console/testrunner.rb:82:in `start_mediator'
/opt/local/lib/ruby/gems/1.8/gems/test-unit-2.0.9/lib/test/unit/ui/console/testrunner.rb:52:in `start'
/opt/local/lib/ruby/gems/1.8/gems/test-unit-2.0.9/lib/test/unit/ui/testrunnerutilities.rb:24:in `run'
/opt/local/lib/ruby/gems/1.8/gems/test-unit-2.0.9/lib/test/unit/autorunner.rb:304:in `run'
/opt/local/lib/ruby/gems/1.8/gems/test-unit-2.0.9/lib/test/unit/autorunner.rb:52:in `run'
/opt/local/lib/ruby/gems/1.8/gems/test-unit-2.0.9/lib/test/unit.rb:321
regression.rb:342    </failure>
  </testcase>
  <testcase name="test_job_by_company_id_23" assertions="1" time="0.629084">
    <failure type="Test::Unit::AssertionFailedError" message="The title values are equal for 2....">
The title values are equal for 2.
&lt;"Product Manager- Women's Healthcare"&gt; expected to be =~
&lt;/IT\ Clinical\ Systems\ Analyst\ \(Oracle\)\ /&gt;. (Test::Unit::AssertionFailedError)
regression.rb:99:in `test_job_by_company_id_23'
regression.rb:98:in `each'
regression.rb:98:in `test_job_by_company_id_23'    </failure>
  </testcase>
  <testcase name="test_job_by_company_id_24" assertions="9" time="0.527691">
    <failure type="Test::Unit::AssertionFailedError" message="The title values are equal for 4....">
The title values are equal for 4.
&lt;"Client Success Manager"&gt; expected to be =~
&lt;/Graphic\ Design\ Internship/&gt;. (Test::Unit::AssertionFailedError)
regression.rb:99:in `test_job_by_company_id_24'
regression.rb:98:in `each'
regression.rb:98:in `test_job_by_company_id_24'    </failure>
  </testcase>
  <testcase name="test_job_by_company_id_25" assertions="1" time="0.542512">
    <failure type="Test::Unit::AssertionFailedError" message="The title values are equal for 2....">
The title values are equal for 2.
&lt;"Junior Revenue Accountant"&gt; expected to be =~
&lt;/QA\ Software\ Engineer/&gt;. (Test::Unit::AssertionFailedError)
regression.rb:99:in `test_job_by_company_id_25'
regression.rb:98:in `each'
regression.rb:98:in `test_job_by_company_id_25'    </failure>
  </testcase>
  <testcase name="test_job_by_company_id_26" assertions="1" time="0.592672">
    <failure type="Test::Unit::AssertionFailedError" message="The title values are equal for 2....">
The title values are equal for 2.
&lt;"* Bilingual Retail Sales Associate*"&gt; expected to be =~
&lt;/Engineer,\ RF\ Deployment/&gt;. (Test::Unit::AssertionFailedError)
regression.rb:99:in `test_job_by_company_id_26'
regression.rb:98:in `each'
regression.rb:98:in `test_job_by_company_id_26'    </failure>
  </testcase>
  <testcase name="test_job_by_company_id_27" assertions="24" time="0.392683">
    <failure type="NoMethodError" message="undefined method `[]' for nil:NilClass">
undefined method `[]' for nil:NilClass (NoMethodError)
regression.rb:99:in `test_job_by_company_id_27'
regression.rb:98:in `each'
regression.rb:98:in `test_job_by_company_id_27'
/opt/local/lib/ruby/gems/1.8/gems/test-unit-2.0.9/lib/test/unit/testcase.rb:452:in `__send__'
/opt/local/lib/ruby/gems/1.8/gems/test-unit-2.0.9/lib/test/unit/testcase.rb:452:in `run_test'
/opt/local/lib/ruby/gems/1.8/gems/test-unit-2.0.9/lib/test/unit/testcase.rb:320:in `run'
/opt/local/lib/ruby/gems/1.8/gems/test-unit-2.0.9/lib/test/unit/testsuite.rb:38:in `run'
/opt/local/lib/ruby/gems/1.8/gems/test-unit-2.0.9/lib/test/unit/testsuite.rb:37:in `each'
/opt/local/lib/ruby/gems/1.8/gems/test-unit-2.0.9/lib/test/unit/testsuite.rb:37:in `run'
/opt/local/lib/ruby/gems/1.8/gems/test-unit-2.0.9/lib/test/unit/testsuite.rb:38:in `run'
/opt/local/lib/ruby/gems/1.8/gems/test-unit-2.0.9/lib/test/unit/testsuite.rb:37:in `each'
/opt/local/lib/ruby/gems/1.8/gems/test-unit-2.0.9/lib/test/unit/testsuite.rb:37:in `run'
/opt/local/lib/ruby/gems/1.8/gems/test-unit-2.0.9/lib/test/unit/ui/testrunnermediator.rb:48:in `run_suite'
/opt/local/lib/ruby/gems/1.8/gems/test-unit-2.0.9/lib/test/unit/ui/console/testrunner.rb:82:in `start_mediator'
/opt/local/lib/ruby/gems/1.8/gems/test-unit-2.0.9/lib/test/unit/ui/console/testrunner.rb:52:in `start'
/opt/local/lib/ruby/gems/1.8/gems/test-unit-2.0.9/lib/test/unit/ui/testrunnerutilities.rb:24:in `run'
/opt/local/lib/ruby/gems/1.8/gems/test-unit-2.0.9/lib/test/unit/autorunner.rb:304:in `run'
/opt/local/lib/ruby/gems/1.8/gems/test-unit-2.0.9/lib/test/unit/autorunner.rb:52:in `run'
/opt/local/lib/ruby/gems/1.8/gems/test-unit-2.0.9/lib/test/unit.rb:321
regression.rb:342    </failure>
  </testcase>
  <testcase name="test_job_by_company_id_28" assertions="8" time="0.19723">
    <failure type="NoMethodError" message="undefined method `[]' for nil:NilClass">
undefined method `[]' for nil:NilClass (NoMethodError)
regression.rb:99:in `test_job_by_company_id_28'
regression.rb:98:in `each'
regression.rb:98:in `test_job_by_company_id_28'
/opt/local/lib/ruby/gems/1.8/gems/test-unit-2.0.9/lib/test/unit/testcase.rb:452:in `__send__'
/opt/local/lib/ruby/gems/1.8/gems/test-unit-2.0.9/lib/test/unit/testcase.rb:452:in `run_test'
/opt/local/lib/ruby/gems/1.8/gems/test-unit-2.0.9/lib/test/unit/testcase.rb:320:in `run'
/opt/local/lib/ruby/gems/1.8/gems/test-unit-2.0.9/lib/test/unit/testsuite.rb:38:in `run'
/opt/local/lib/ruby/gems/1.8/gems/test-unit-2.0.9/lib/test/unit/testsuite.rb:37:in `each'
/opt/local/lib/ruby/gems/1.8/gems/test-unit-2.0.9/lib/test/unit/testsuite.rb:37:in `run'
/opt/local/lib/ruby/gems/1.8/gems/test-unit-2.0.9/lib/test/unit/testsuite.rb:38:in `run'
/opt/local/lib/ruby/gems/1.8/gems/test-unit-2.0.9/lib/test/unit/testsuite.rb:37:in `each'
/opt/local/lib/ruby/gems/1.8/gems/test-unit-2.0.9/lib/test/unit/testsuite.rb:37:in `run'
/opt/local/lib/ruby/gems/1.8/gems/test-unit-2.0.9/lib/test/unit/ui/testrunnermediator.rb:48:in `run_suite'
/opt/local/lib/ruby/gems/1.8/gems/test-unit-2.0.9/lib/test/unit/ui/console/testrunner.rb:82:in `start_mediator'
/opt/local/lib/ruby/gems/1.8/gems/test-unit-2.0.9/lib/test/unit/ui/console/testrunner.rb:52:in `start'
/opt/local/lib/ruby/gems/1.8/gems/test-unit-2.0.9/lib/test/unit/ui/testrunnerutilities.rb:24:in `run'
/opt/local/lib/ruby/gems/1.8/gems/test-unit-2.0.9/lib/test/unit/autorunner.rb:304:in `run'
/opt/local/lib/ruby/gems/1.8/gems/test-unit-2.0.9/lib/test/unit/autorunner.rb:52:in `run'
/opt/local/lib/ruby/gems/1.8/gems/test-unit-2.0.9/lib/test/unit.rb:321
regression.rb:342    </failure>
  </testcase>
  <testcase name="test_job_by_company_id_29" assertions="1" time="0.487163">
    <failure type="Test::Unit::AssertionFailedError" message="The title values are equal for 2....">
The title values are equal for 2.
&lt;"Success Manager"&gt; expected to be =~
&lt;/QA\ Engineer\ /&gt;. (Test::Unit::AssertionFailedError)
regression.rb:99:in `test_job_by_company_id_29'
regression.rb:98:in `each'
regression.rb:98:in `test_job_by_company_id_29'    </failure>
  </testcase>
  <testcase name="test_job_by_company_id_3" assertions="40" time="0.459255">
  </testcase>
  <testcase name="test_job_by_company_id_4" assertions="40" time="0.504929">
  </testcase>
  <testcase name="test_job_by_company_id_5" assertions="40" time="0.428898">
  </testcase>
  <testcase name="test_job_by_company_id_6" assertions="40" time="0.61255">
  </testcase>
  <testcase name="test_job_by_company_id_7" assertions="1" time="0.548997">
    <failure type="Test::Unit::AssertionFailedError" message="The title values are equal for 2....">
The title values are equal for 2.
&lt;"Product Manager - AWS CloudFront"&gt; expected to be =~
&lt;/Sr\ Demand\ Planner,\ Kindle/&gt;. (Test::Unit::AssertionFailedError)
regression.rb:99:in `test_job_by_company_id_7'
regression.rb:98:in `each'
regression.rb:98:in `test_job_by_company_id_7'    </failure>
  </testcase>
  <testcase name="test_job_by_company_id_8" assertions="1" time="0.578815">
    <failure type="Test::Unit::AssertionFailedError" message="The title values are equal for 2....">
The title values are equal for 2.
&lt;"Inbound Sales Specialist"&gt; expected to be =~
&lt;/Systems\ Support\ Analyst\ 4/&gt;. (Test::Unit::AssertionFailedError)
regression.rb:99:in `test_job_by_company_id_8'
regression.rb:98:in `each'
regression.rb:98:in `test_job_by_company_id_8'    </failure>
  </testcase>
  <testcase name="test_job_by_company_id_9" assertions="13" time="0.701215">
    <failure type="Test::Unit::AssertionFailedError" message="The title values are equal for 5....">
The title values are equal for 5.
&lt;"Sr Mgr Engineering"&gt; expected to be =~
&lt;/Operational\ Software\/Test\ Engineer/&gt;. (Test::Unit::AssertionFailedError)
regression.rb:99:in `test_job_by_company_id_9'
regression.rb:98:in `each'
regression.rb:98:in `test_job_by_company_id_9'    </failure>
  </testcase>
  <testcase name="test_job_by_id_1" assertions="4" time="0.227942">
  </testcase>
  <testcase name="test_job_by_id_112510" assertions="4" time="0.193035">
  </testcase>
  <testcase name="test_job_by_id_1127" assertions="4" time="0.196287">
  </testcase>
  <testcase name="test_job_by_id_119654" assertions="4" time="0.206089">
  </testcase>
  <testcase name="test_job_by_id_14113" assertions="4" time="0.202094">
  </testcase>
  <testcase name="test_job_by_id_18565" assertions="4" time="0.209861">
  </testcase>
  <testcase name="test_job_by_id_25106" assertions="4" time="0.198604">
  </testcase>
  <testcase name="test_job_by_id_2551" assertions="4" time="0.203141">
  </testcase>
  <testcase name="test_job_by_id_25995" assertions="4" time="0.209425">
  </testcase>
  <testcase name="test_job_by_id_2634" assertions="4" time="0.198978">
  </testcase>
  <testcase name="test_job_by_id_2645" assertions="4" time="0.222371">
  </testcase>
  <testcase name="test_job_by_id_26778" assertions="4" time="0.225702">
  </testcase>
  <testcase name="test_job_by_id_26780" assertions="4" time="0.237465">
  </testcase>
  <testcase name="test_job_by_id_275162" assertions="4" time="0.211416">
  </testcase>
  <testcase name="test_job_by_id_28" assertions="4" time="0.203174">
  </testcase>
  <testcase name="test_job_by_id_28517" assertions="4" time="0.205624">
  </testcase>
  <testcase name="test_job_by_id_32436" assertions="4" time="0.198426">
  </testcase>
  <testcase name="test_job_by_id_33067" assertions="4" time="0.205721">
  </testcase>
  <testcase name="test_job_by_id_33883" assertions="4" time="0.222484">
  </testcase>
  <testcase name="test_job_by_id_360129" assertions="4" time="0.220458">
  </testcase>
  <testcase name="test_job_by_id_4377" assertions="4" time="0.255642">
  </testcase>
  <testcase name="test_job_by_id_54389" assertions="4" time="0.178508">
  </testcase>
  <testcase name="test_job_by_id_57735" assertions="4" time="0.181133">
  </testcase>
  <testcase name="test_job_by_id_6468" assertions="4" time="0.195836">
  </testcase>
  <testcase name="test_job_by_id_70675" assertions="4" time="0.185087">
  </testcase>
  <testcase name="test_job_by_id_7404" assertions="4" time="0.179854">
  </testcase>
  <testcase name="test_job_by_id_8" assertions="4" time="0.193901">
  </testcase>
  <testcase name="test_job_by_id_8852" assertions="4" time="0.202567">
  </testcase>
  <testcase name="test_job_by_id_94457" assertions="4" time="0.197018">
  </testcase>
  <testcase name="test_job_by_id_9629" assertions="4" time="0.199042">
  </testcase>
  <testcase name="test_job_by_limit_1" assertions="4" time="0.195501">
    <failure type="NoMethodError" message="undefined method `[]' for nil:NilClass">
undefined method `[]' for nil:NilClass (NoMethodError)
regression.rb:171:in `test_job_by_limit_1'
regression.rb:170:in `each'
regression.rb:170:in `test_job_by_limit_1'
/opt/local/lib/ruby/gems/1.8/gems/test-unit-2.0.9/lib/test/unit/testcase.rb:452:in `__send__'
/opt/local/lib/ruby/gems/1.8/gems/test-unit-2.0.9/lib/test/unit/testcase.rb:452:in `run_test'
/opt/local/lib/ruby/gems/1.8/gems/test-unit-2.0.9/lib/test/unit/testcase.rb:320:in `run'
/opt/local/lib/ruby/gems/1.8/gems/test-unit-2.0.9/lib/test/unit/testsuite.rb:38:in `run'
/opt/local/lib/ruby/gems/1.8/gems/test-unit-2.0.9/lib/test/unit/testsuite.rb:37:in `each'
/opt/local/lib/ruby/gems/1.8/gems/test-unit-2.0.9/lib/test/unit/testsuite.rb:37:in `run'
/opt/local/lib/ruby/gems/1.8/gems/test-unit-2.0.9/lib/test/unit/testsuite.rb:38:in `run'
/opt/local/lib/ruby/gems/1.8/gems/test-unit-2.0.9/lib/test/unit/testsuite.rb:37:in `each'
/opt/local/lib/ruby/gems/1.8/gems/test-unit-2.0.9/lib/test/unit/testsuite.rb:37:in `run'
/opt/local/lib/ruby/gems/1.8/gems/test-unit-2.0.9/lib/test/unit/ui/testrunnermediator.rb:48:in `run_suite'
/opt/local/lib/ruby/gems/1.8/gems/test-unit-2.0.9/lib/test/unit/ui/console/testrunner.rb:82:in `start_mediator'
/opt/local/lib/ruby/gems/1.8/gems/test-unit-2.0.9/lib/test/unit/ui/console/testrunner.rb:52:in `start'
/opt/local/lib/ruby/gems/1.8/gems/test-unit-2.0.9/lib/test/unit/ui/testrunnerutilities.rb:24:in `run'
/opt/local/lib/ruby/gems/1.8/gems/test-unit-2.0.9/lib/test/unit/autorunner.rb:304:in `run'
/opt/local/lib/ruby/gems/1.8/gems/test-unit-2.0.9/lib/test/unit/autorunner.rb:52:in `run'
/opt/local/lib/ruby/gems/1.8/gems/test-unit-2.0.9/lib/test/unit.rb:321
regression.rb:342    </failure>
  </testcase>
  <testcase name="test_job_by_limit_10" assertions="40" time="0.453888">
    <failure type="NoMethodError" message="undefined method `[]' for nil:NilClass">
undefined method `[]' for nil:NilClass (NoMethodError)
regression.rb:171:in `test_job_by_limit_10'
regression.rb:170:in `each'
regression.rb:170:in `test_job_by_limit_10'
/opt/local/lib/ruby/gems/1.8/gems/test-unit-2.0.9/lib/test/unit/testcase.rb:452:in `__send__'
/opt/local/lib/ruby/gems/1.8/gems/test-unit-2.0.9/lib/test/unit/testcase.rb:452:in `run_test'
/opt/local/lib/ruby/gems/1.8/gems/test-unit-2.0.9/lib/test/unit/testcase.rb:320:in `run'
/opt/local/lib/ruby/gems/1.8/gems/test-unit-2.0.9/lib/test/unit/testsuite.rb:38:in `run'
/opt/local/lib/ruby/gems/1.8/gems/test-unit-2.0.9/lib/test/unit/testsuite.rb:37:in `each'
/opt/local/lib/ruby/gems/1.8/gems/test-unit-2.0.9/lib/test/unit/testsuite.rb:37:in `run'
/opt/local/lib/ruby/gems/1.8/gems/test-unit-2.0.9/lib/test/unit/testsuite.rb:38:in `run'
/opt/local/lib/ruby/gems/1.8/gems/test-unit-2.0.9/lib/test/unit/testsuite.rb:37:in `each'
/opt/local/lib/ruby/gems/1.8/gems/test-unit-2.0.9/lib/test/unit/testsuite.rb:37:in `run'
/opt/local/lib/ruby/gems/1.8/gems/test-unit-2.0.9/lib/test/unit/ui/testrunnermediator.rb:48:in `run_suite'
/opt/local/lib/ruby/gems/1.8/gems/test-unit-2.0.9/lib/test/unit/ui/console/testrunner.rb:82:in `start_mediator'
/opt/local/lib/ruby/gems/1.8/gems/test-unit-2.0.9/lib/test/unit/ui/console/testrunner.rb:52:in `start'
/opt/local/lib/ruby/gems/1.8/gems/test-unit-2.0.9/lib/test/unit/ui/testrunnerutilities.rb:24:in `run'
/opt/local/lib/ruby/gems/1.8/gems/test-unit-2.0.9/lib/test/unit/autorunner.rb:304:in `run'
/opt/local/lib/ruby/gems/1.8/gems/test-unit-2.0.9/lib/test/unit/autorunner.rb:52:in `run'
/opt/local/lib/ruby/gems/1.8/gems/test-unit-2.0.9/lib/test/unit.rb:321
regression.rb:342    </failure>
  </testcase>
  <testcase name="test_job_by_limit_15" assertions="60" time="0.489605">
    <failure type="NoMethodError" message="undefined method `[]' for nil:NilClass">
undefined method `[]' for nil:NilClass (NoMethodError)
regression.rb:171:in `test_job_by_limit_15'
regression.rb:170:in `each'
regression.rb:170:in `test_job_by_limit_15'
/opt/local/lib/ruby/gems/1.8/gems/test-unit-2.0.9/lib/test/unit/testcase.rb:452:in `__send__'
/opt/local/lib/ruby/gems/1.8/gems/test-unit-2.0.9/lib/test/unit/testcase.rb:452:in `run_test'
/opt/local/lib/ruby/gems/1.8/gems/test-unit-2.0.9/lib/test/unit/testcase.rb:320:in `run'
/opt/local/lib/ruby/gems/1.8/gems/test-unit-2.0.9/lib/test/unit/testsuite.rb:38:in `run'
/opt/local/lib/ruby/gems/1.8/gems/test-unit-2.0.9/lib/test/unit/testsuite.rb:37:in `each'
/opt/local/lib/ruby/gems/1.8/gems/test-unit-2.0.9/lib/test/unit/testsuite.rb:37:in `run'
/opt/local/lib/ruby/gems/1.8/gems/test-unit-2.0.9/lib/test/unit/testsuite.rb:38:in `run'
/opt/local/lib/ruby/gems/1.8/gems/test-unit-2.0.9/lib/test/unit/testsuite.rb:37:in `each'
/opt/local/lib/ruby/gems/1.8/gems/test-unit-2.0.9/lib/test/unit/testsuite.rb:37:in `run'
/opt/local/lib/ruby/gems/1.8/gems/test-unit-2.0.9/lib/test/unit/ui/testrunnermediator.rb:48:in `run_suite'
/opt/local/lib/ruby/gems/1.8/gems/test-unit-2.0.9/lib/test/unit/ui/console/testrunner.rb:82:in `start_mediator'
/opt/local/lib/ruby/gems/1.8/gems/test-unit-2.0.9/lib/test/unit/ui/console/testrunner.rb:52:in `start'
/opt/local/lib/ruby/gems/1.8/gems/test-unit-2.0.9/lib/test/unit/ui/testrunnerutilities.rb:24:in `run'
/opt/local/lib/ruby/gems/1.8/gems/test-unit-2.0.9/lib/test/unit/autorunner.rb:304:in `run'
/opt/local/lib/ruby/gems/1.8/gems/test-unit-2.0.9/lib/test/unit/autorunner.rb:52:in `run'
/opt/local/lib/ruby/gems/1.8/gems/test-unit-2.0.9/lib/test/unit.rb:321
regression.rb:342    </failure>
  </testcase>
  <testcase name="test_job_by_limit_20" assertions="80" time="0.578543">
    <failure type="NoMethodError" message="undefined method `[]' for nil:NilClass">
undefined method `[]' for nil:NilClass (NoMethodError)
regression.rb:171:in `test_job_by_limit_20'
regression.rb:170:in `each'
regression.rb:170:in `test_job_by_limit_20'
/opt/local/lib/ruby/gems/1.8/gems/test-unit-2.0.9/lib/test/unit/testcase.rb:452:in `__send__'
/opt/local/lib/ruby/gems/1.8/gems/test-unit-2.0.9/lib/test/unit/testcase.rb:452:in `run_test'
/opt/local/lib/ruby/gems/1.8/gems/test-unit-2.0.9/lib/test/unit/testcase.rb:320:in `run'
/opt/local/lib/ruby/gems/1.8/gems/test-unit-2.0.9/lib/test/unit/testsuite.rb:38:in `run'
/opt/local/lib/ruby/gems/1.8/gems/test-unit-2.0.9/lib/test/unit/testsuite.rb:37:in `each'
/opt/local/lib/ruby/gems/1.8/gems/test-unit-2.0.9/lib/test/unit/testsuite.rb:37:in `run'
/opt/local/lib/ruby/gems/1.8/gems/test-unit-2.0.9/lib/test/unit/testsuite.rb:38:in `run'
/opt/local/lib/ruby/gems/1.8/gems/test-unit-2.0.9/lib/test/unit/testsuite.rb:37:in `each'
/opt/local/lib/ruby/gems/1.8/gems/test-unit-2.0.9/lib/test/unit/testsuite.rb:37:in `run'
/opt/local/lib/ruby/gems/1.8/gems/test-unit-2.0.9/lib/test/unit/ui/testrunnermediator.rb:48:in `run_suite'
/opt/local/lib/ruby/gems/1.8/gems/test-unit-2.0.9/lib/test/unit/ui/console/testrunner.rb:82:in `start_mediator'
/opt/local/lib/ruby/gems/1.8/gems/test-unit-2.0.9/lib/test/unit/ui/console/testrunner.rb:52:in `start'
/opt/local/lib/ruby/gems/1.8/gems/test-unit-2.0.9/lib/test/unit/ui/testrunnerutilities.rb:24:in `run'
/opt/local/lib/ruby/gems/1.8/gems/test-unit-2.0.9/lib/test/unit/autorunner.rb:304:in `run'
/opt/local/lib/ruby/gems/1.8/gems/test-unit-2.0.9/lib/test/unit/autorunner.rb:52:in `run'
/opt/local/lib/ruby/gems/1.8/gems/test-unit-2.0.9/lib/test/unit.rb:321
regression.rb:342    </failure>
  </testcase>
  <testcase name="test_job_by_limit_25" assertions="100" time="0.556374">
  </testcase>
  <testcase name="test_job_by_limit_30" assertions="100" time="0.61529">
    <failure type="NoMethodError" message="undefined method `[]' for nil:NilClass">
undefined method `[]' for nil:NilClass (NoMethodError)
regression.rb:171:in `test_job_by_limit_30'
regression.rb:170:in `each'
regression.rb:170:in `test_job_by_limit_30'
/opt/local/lib/ruby/gems/1.8/gems/test-unit-2.0.9/lib/test/unit/testcase.rb:452:in `__send__'
/opt/local/lib/ruby/gems/1.8/gems/test-unit-2.0.9/lib/test/unit/testcase.rb:452:in `run_test'
/opt/local/lib/ruby/gems/1.8/gems/test-unit-2.0.9/lib/test/unit/testcase.rb:320:in `run'
/opt/local/lib/ruby/gems/1.8/gems/test-unit-2.0.9/lib/test/unit/testsuite.rb:38:in `run'
/opt/local/lib/ruby/gems/1.8/gems/test-unit-2.0.9/lib/test/unit/testsuite.rb:37:in `each'
/opt/local/lib/ruby/gems/1.8/gems/test-unit-2.0.9/lib/test/unit/testsuite.rb:37:in `run'
/opt/local/lib/ruby/gems/1.8/gems/test-unit-2.0.9/lib/test/unit/testsuite.rb:38:in `run'
/opt/local/lib/ruby/gems/1.8/gems/test-unit-2.0.9/lib/test/unit/testsuite.rb:37:in `each'
/opt/local/lib/ruby/gems/1.8/gems/test-unit-2.0.9/lib/test/unit/testsuite.rb:37:in `run'
/opt/local/lib/ruby/gems/1.8/gems/test-unit-2.0.9/lib/test/unit/ui/testrunnermediator.rb:48:in `run_suite'
/opt/local/lib/ruby/gems/1.8/gems/test-unit-2.0.9/lib/test/unit/ui/console/testrunner.rb:82:in `start_mediator'
/opt/local/lib/ruby/gems/1.8/gems/test-unit-2.0.9/lib/test/unit/ui/console/testrunner.rb:52:in `start'
/opt/local/lib/ruby/gems/1.8/gems/test-unit-2.0.9/lib/test/unit/ui/testrunnerutilities.rb:24:in `run'
/opt/local/lib/ruby/gems/1.8/gems/test-unit-2.0.9/lib/test/unit/autorunner.rb:304:in `run'
/opt/local/lib/ruby/gems/1.8/gems/test-unit-2.0.9/lib/test/unit/autorunner.rb:52:in `run'
/opt/local/lib/ruby/gems/1.8/gems/test-unit-2.0.9/lib/test/unit.rb:321
regression.rb:342    </failure>
  </testcase>
  <testcase name="test_job_by_limit_35" assertions="100" time="0.573391">
    <failure type="NoMethodError" message="undefined method `[]' for nil:NilClass">
undefined method `[]' for nil:NilClass (NoMethodError)
regression.rb:171:in `test_job_by_limit_35'
regression.rb:170:in `each'
regression.rb:170:in `test_job_by_limit_35'
/opt/local/lib/ruby/gems/1.8/gems/test-unit-2.0.9/lib/test/unit/testcase.rb:452:in `__send__'
/opt/local/lib/ruby/gems/1.8/gems/test-unit-2.0.9/lib/test/unit/testcase.rb:452:in `run_test'
/opt/local/lib/ruby/gems/1.8/gems/test-unit-2.0.9/lib/test/unit/testcase.rb:320:in `run'
/opt/local/lib/ruby/gems/1.8/gems/test-unit-2.0.9/lib/test/unit/testsuite.rb:38:in `run'
/opt/local/lib/ruby/gems/1.8/gems/test-unit-2.0.9/lib/test/unit/testsuite.rb:37:in `each'
/opt/local/lib/ruby/gems/1.8/gems/test-unit-2.0.9/lib/test/unit/testsuite.rb:37:in `run'
/opt/local/lib/ruby/gems/1.8/gems/test-unit-2.0.9/lib/test/unit/testsuite.rb:38:in `run'
/opt/local/lib/ruby/gems/1.8/gems/test-unit-2.0.9/lib/test/unit/testsuite.rb:37:in `each'
/opt/local/lib/ruby/gems/1.8/gems/test-unit-2.0.9/lib/test/unit/testsuite.rb:37:in `run'
/opt/local/lib/ruby/gems/1.8/gems/test-unit-2.0.9/lib/test/unit/ui/testrunnermediator.rb:48:in `run_suite'
/opt/local/lib/ruby/gems/1.8/gems/test-unit-2.0.9/lib/test/unit/ui/console/testrunner.rb:82:in `start_mediator'
/opt/local/lib/ruby/gems/1.8/gems/test-unit-2.0.9/lib/test/unit/ui/console/testrunner.rb:52:in `start'
/opt/local/lib/ruby/gems/1.8/gems/test-unit-2.0.9/lib/test/unit/ui/testrunnerutilities.rb:24:in `run'
/opt/local/lib/ruby/gems/1.8/gems/test-unit-2.0.9/lib/test/unit/autorunner.rb:304:in `run'
/opt/local/lib/ruby/gems/1.8/gems/test-unit-2.0.9/lib/test/unit/autorunner.rb:52:in `run'
/opt/local/lib/ruby/gems/1.8/gems/test-unit-2.0.9/lib/test/unit.rb:321
regression.rb:342    </failure>
  </testcase>
  <testcase name="test_job_by_limit_5" assertions="20" time="0.258494">
    <failure type="NoMethodError" message="undefined method `[]' for nil:NilClass">
undefined method `[]' for nil:NilClass (NoMethodError)
regression.rb:171:in `test_job_by_limit_5'
regression.rb:170:in `each'
regression.rb:170:in `test_job_by_limit_5'
/opt/local/lib/ruby/gems/1.8/gems/test-unit-2.0.9/lib/test/unit/testcase.rb:452:in `__send__'
/opt/local/lib/ruby/gems/1.8/gems/test-unit-2.0.9/lib/test/unit/testcase.rb:452:in `run_test'
/opt/local/lib/ruby/gems/1.8/gems/test-unit-2.0.9/lib/test/unit/testcase.rb:320:in `run'
/opt/local/lib/ruby/gems/1.8/gems/test-unit-2.0.9/lib/test/unit/testsuite.rb:38:in `run'
/opt/local/lib/ruby/gems/1.8/gems/test-unit-2.0.9/lib/test/unit/testsuite.rb:37:in `each'
/opt/local/lib/ruby/gems/1.8/gems/test-unit-2.0.9/lib/test/unit/testsuite.rb:37:in `run'
/opt/local/lib/ruby/gems/1.8/gems/test-unit-2.0.9/lib/test/unit/testsuite.rb:38:in `run'
/opt/local/lib/ruby/gems/1.8/gems/test-unit-2.0.9/lib/test/unit/testsuite.rb:37:in `each'
/opt/local/lib/ruby/gems/1.8/gems/test-unit-2.0.9/lib/test/unit/testsuite.rb:37:in `run'
/opt/local/lib/ruby/gems/1.8/gems/test-unit-2.0.9/lib/test/unit/ui/testrunnermediator.rb:48:in `run_suite'
/opt/local/lib/ruby/gems/1.8/gems/test-unit-2.0.9/lib/test/unit/ui/console/testrunner.rb:82:in `start_mediator'
/opt/local/lib/ruby/gems/1.8/gems/test-unit-2.0.9/lib/test/unit/ui/console/testrunner.rb:52:in `start'
/opt/local/lib/ruby/gems/1.8/gems/test-unit-2.0.9/lib/test/unit/ui/testrunnerutilities.rb:24:in `run'
/opt/local/lib/ruby/gems/1.8/gems/test-unit-2.0.9/lib/test/unit/autorunner.rb:304:in `run'
/opt/local/lib/ruby/gems/1.8/gems/test-unit-2.0.9/lib/test/unit/autorunner.rb:52:in `run'
/opt/local/lib/ruby/gems/1.8/gems/test-unit-2.0.9/lib/test/unit.rb:321
regression.rb:342    </failure>
  </testcase>
  <testcase name="test_job_by_offset_100" assertions="40" time="0.429114">
  </testcase>
  <testcase name="test_job_by_offset_14" assertions="40" time="0.36924">
  </testcase>
  <testcase name="test_job_by_offset_4" assertions="40" time="0.364123">
  </testcase>
  <testcase name="test_job_by_offset_50" assertions="40" time="0.508406">
  </testcase>
  <testcase name="test_job_by_offset_53" assertions="40" time="0.467498">
  </testcase>
  <testcase name="test_job_by_offset_68" assertions="40" time="0.421862">
  </testcase>
  <testcase name="test_job_by_offset_72" assertions="40" time="0.500371">
  </testcase>
  <testcase name="test_job_by_offset_88" assertions="40" time="0.431461">
  </testcase>
  <testcase name="test_job_by_slug_0" assertions="4" time="0.183966">
  </testcase>
  <testcase name="test_job_by_slug_1" assertions="4" time="0.185088">
  </testcase>
  <testcase name="test_job_by_slug_10" assertions="4" time="0.253433">
  </testcase>
  <testcase name="test_job_by_slug_11" assertions="4" time="0.209064">
  </testcase>
  <testcase name="test_job_by_slug_12" assertions="4" time="0.216197">
  </testcase>
  <testcase name="test_job_by_slug_13" assertions="4" time="0.212764">
  </testcase>
  <testcase name="test_job_by_slug_14" assertions="4" time="0.20572">
  </testcase>
  <testcase name="test_job_by_slug_15" assertions="4" time="0.193176">
  </testcase>
  <testcase name="test_job_by_slug_16" assertions="4" time="0.203235">
  </testcase>
  <testcase name="test_job_by_slug_17" assertions="4" time="0.201661">
  </testcase>
  <testcase name="test_job_by_slug_18" assertions="4" time="0.178738">
  </testcase>
  <testcase name="test_job_by_slug_19" assertions="4" time="0.19474">
  </testcase>
  <testcase name="test_job_by_slug_2" assertions="4" time="0.193703">
  </testcase>
  <testcase name="test_job_by_slug_20" assertions="4" time="0.197903">
  </testcase>
  <testcase name="test_job_by_slug_21" assertions="4" time="0.198983">
  </testcase>
  <testcase name="test_job_by_slug_22" assertions="4" time="0.19762">
  </testcase>
  <testcase name="test_job_by_slug_23" assertions="4" time="0.188656">
  </testcase>
  <testcase name="test_job_by_slug_24" assertions="4" time="0.173941">
  </testcase>
  <testcase name="test_job_by_slug_25" assertions="4" time="0.187862">
  </testcase>
  <testcase name="test_job_by_slug_26" assertions="4" time="0.186808">
  </testcase>
  <testcase name="test_job_by_slug_27" assertions="4" time="0.176341">
  </testcase>
  <testcase name="test_job_by_slug_28" assertions="4" time="0.179945">
  </testcase>
  <testcase name="test_job_by_slug_29" assertions="4" time="0.197832">
  </testcase>
  <testcase name="test_job_by_slug_3" assertions="4" time="0.197842">
  </testcase>
  <testcase name="test_job_by_slug_4" assertions="4" time="0.197682">
  </testcase>
  <testcase name="test_job_by_slug_5" assertions="4" time="0.204031">
  </testcase>
  <testcase name="test_job_by_slug_6" assertions="4" time="0.187922">
  </testcase>
  <testcase name="test_job_by_slug_7" assertions="4" time="0.189503">
  </testcase>
  <testcase name="test_job_by_slug_8" assertions="4" time="0.1874">
  </testcase>
  <testcase name="test_job_by_slug_9" assertions="4" time="0.174616">
  </testcase>
  <testcase name="test_job_by_status_active" assertions="1" time="0.442131">
    <failure type="Test::Unit::AssertionFailedError" message="The title values are equal for deleted....">
The title values are equal for deleted.
&lt;"Manager Packaged Goods"&gt; expected to be =~
&lt;/Research\ Telemarketing\ Representative/&gt;. (Test::Unit::AssertionFailedError)
regression.rb:137:in `test_job_by_status_active'
regression.rb:136:in `each'
regression.rb:136:in `test_job_by_status_active'    </failure>
  </testcase>
  <testcase name="test_job_by_status_deleted" assertions="21" time="0.368949">
    <failure type="Test::Unit::AssertionFailedError" message="The title values are equal for ....">
The title values are equal for .
&lt;"Sales Development Specialist"&gt; expected to be =~
&lt;/Analytics\ Producer\ \-\ Gourmet\ Live/&gt;. (Test::Unit::AssertionFailedError)
regression.rb:137:in `test_job_by_status_deleted'
regression.rb:136:in `each'
regression.rb:136:in `test_job_by_status_deleted'    </failure>
  </testcase>
  <testcase name="test_job_by_status_filled" assertions="40" time="0.379019">
  </testcase>
  <testcase name="test_job_by_status_pending" assertions="1" time="0.613132">
    <failure type="Test::Unit::AssertionFailedError" message="The title values are equal for deleted....">
The title values are equal for deleted.
&lt;"SBS HR Publishing Coordinator Job"&gt; expected to be =~
&lt;/Financial\ Analyst\ Business\ Planning/&gt;. (Test::Unit::AssertionFailedError)
regression.rb:137:in `test_job_by_status_pending'
regression.rb:136:in `each'
regression.rb:136:in `test_job_by_status_pending'    </failure>
  </testcase>
  <testcase name="test_questions_for_a_job" assertions="122" time="0.423534">
  </testcase>
  <testcase name="test_search_jobs_by_title_text" assertions="30" time="0.300849">
  </testcase>
  <system-out>
  </system-out>
  <system-err>
  </system-err>
</testsuite>
