<?xml version="1.0" encoding="UTF-8"?>
<testsuite tests="132" skipped="0" assertions="2499" name="JobServiceRegression" time="164.280645" failures="19" errors="13">
  <testcase assertions="0" name="test_connection" time="0.154133">
  </testcase>
  <testcase assertions="40" name="test_job_by_categoryid_1" time="12.027228">
  </testcase>
  <testcase assertions="40" name="test_job_by_categoryid_10" time="1.283786">
  </testcase>
  <testcase assertions="40" name="test_job_by_categoryid_11" time="7.155257">
  </testcase>
  <testcase assertions="40" name="test_job_by_categoryid_12" time="15.073631">
  </testcase>
  <testcase assertions="40" name="test_job_by_categoryid_13" time="18.886563">
  </testcase>
  <testcase assertions="40" name="test_job_by_categoryid_14" time="2.024885">
  </testcase>
  <testcase assertions="40" name="test_job_by_categoryid_15" time="1.577929">
  </testcase>
  <testcase assertions="40" name="test_job_by_categoryid_16" time="7.222855">
  </testcase>
  <testcase assertions="40" name="test_job_by_categoryid_17" time="4.857726">
  </testcase>
  <testcase assertions="40" name="test_job_by_categoryid_18" time="1.064488">
  </testcase>
  <testcase assertions="40" name="test_job_by_categoryid_19" time="0.686592">
  </testcase>
  <testcase assertions="40" name="test_job_by_categoryid_2" time="2.442863">
  </testcase>
  <testcase assertions="40" name="test_job_by_categoryid_3" time="8.5576">
  </testcase>
  <testcase assertions="40" name="test_job_by_categoryid_4" time="5.333538">
  </testcase>
  <testcase assertions="40" name="test_job_by_categoryid_5" time="5.778788">
  </testcase>
  <testcase assertions="40" name="test_job_by_categoryid_6" time="3.124292">
  </testcase>
  <testcase assertions="40" name="test_job_by_categoryid_7" time="6.769683">
  </testcase>
  <testcase assertions="40" name="test_job_by_categoryid_8" time="16.398166">
  </testcase>
  <testcase assertions="40" name="test_job_by_categoryid_9" time="5.658112">
  </testcase>
  <testcase assertions="40" name="test_job_by_company_id_0" time="0.428988">
  </testcase>
  <testcase assertions="1" name="test_job_by_company_id_1" time="0.42854">
    <failure type="Test::Unit::AssertionFailedError" message="The title values are equal for 2....">
The title values are equal for 2.
&lt;"Web Associate"&gt; expected to be =~
&lt;/Research\ Telemarketing\ Representative/&gt;. (Test::Unit::AssertionFailedError)
regression.rb:98:in `test_job_by_company_id_1'
regression.rb:97:in `each'
regression.rb:97:in `test_job_by_company_id_1'    </failure>
  </testcase>
  <testcase assertions="1" name="test_job_by_company_id_10" time="1.020545">
    <failure type="Test::Unit::AssertionFailedError" message="The title values are equal for 2....">
The title values are equal for 2.
&lt;"Director Sales Operations I-516874"&gt; expected to be =~
&lt;/HPCS\ Cloud\ Support\ Technical\ Consultant\ \-\ 658594/&gt;. (Test::Unit::AssertionFailedError)
regression.rb:98:in `test_job_by_company_id_10'
regression.rb:97:in `each'
regression.rb:97:in `test_job_by_company_id_10'    </failure>
  </testcase>
  <testcase assertions="40" name="test_job_by_company_id_11" time="0.427486">
  </testcase>
  <testcase assertions="1" name="test_job_by_company_id_12" time="0.652271">
    <failure type="Test::Unit::AssertionFailedError" message="The title values are equal for 2....">
The title values are equal for 2.
&lt;"Medical Director, Product Leader - Infectious Disease Job"&gt; expected to be =~
&lt;/Dutch\ Service\ Analyst/&gt;. (Test::Unit::AssertionFailedError)
regression.rb:98:in `test_job_by_company_id_12'
regression.rb:97:in `each'
regression.rb:97:in `test_job_by_company_id_12'    </failure>
  </testcase>
  <testcase assertions="5" name="test_job_by_company_id_13" time="0.456876">
    <failure type="Test::Unit::AssertionFailedError" message="The title values are equal for 3....">
The title values are equal for 3.
&lt;"MS/PhD Fulltime Recent College Graduate"&gt; expected to be =~
&lt;/ST\ Group\ Grad\ Intern/&gt;. (Test::Unit::AssertionFailedError)
regression.rb:98:in `test_job_by_company_id_13'
regression.rb:97:in `each'
regression.rb:97:in `test_job_by_company_id_13'    </failure>
  </testcase>
  <testcase assertions="1" name="test_job_by_company_id_14" time="0.501749">
    <failure type="Test::Unit::AssertionFailedError" message="The title values are equal for 2....">
The title values are equal for 2.
&lt;"Finance Office Assistant (Part-time)"&gt; expected to be =~
&lt;/Jr\.\ Data\ Services\ Engineer/&gt;. (Test::Unit::AssertionFailedError)
regression.rb:98:in `test_job_by_company_id_14'
regression.rb:97:in `each'
regression.rb:97:in `test_job_by_company_id_14'    </failure>
  </testcase>
  <testcase assertions="25" name="test_job_by_company_id_15" time="0.66201">
    <failure type="Test::Unit::AssertionFailedError" message="The title values are equal for 8....">
The title values are equal for 8.
&lt;"Account Manager 1 NBM- Connecticut, Small Business"&gt; expected to be =~
&lt;/Account\ Manager\ 1\-Kansas\ City,\ MO/&gt;. (Test::Unit::AssertionFailedError)
regression.rb:98:in `test_job_by_company_id_15'
regression.rb:97:in `each'
regression.rb:97:in `test_job_by_company_id_15'    </failure>
  </testcase>
  <testcase assertions="4" name="test_job_by_company_id_16" time="0.18632">
    <failure type="NoMethodError" message="undefined method `[]' for nil:NilClass">
undefined method `[]' for nil:NilClass (NoMethodError)
regression.rb:98:in `test_job_by_company_id_16'
regression.rb:97:in `each'
regression.rb:97:in `test_job_by_company_id_16'
/opt/local/lib/ruby/gems/1.8/gems/test-unit-2.0.9/lib/test/unit/testcase.rb:452:in `__send__'
/opt/local/lib/ruby/gems/1.8/gems/test-unit-2.0.9/lib/test/unit/testcase.rb:452:in `run_test'
/opt/local/lib/ruby/gems/1.8/gems/test-unit-2.0.9/lib/test/unit/testcase.rb:320:in `run'
/opt/local/lib/ruby/gems/1.8/gems/test-unit-2.0.9/lib/test/unit/testsuite.rb:38:in `run'
/opt/local/lib/ruby/gems/1.8/gems/test-unit-2.0.9/lib/test/unit/testsuite.rb:37:in `each'
/opt/local/lib/ruby/gems/1.8/gems/test-unit-2.0.9/lib/test/unit/testsuite.rb:37:in `run'
/opt/local/lib/ruby/gems/1.8/gems/test-unit-2.0.9/lib/test/unit/testsuite.rb:38:in `run'
/opt/local/lib/ruby/gems/1.8/gems/test-unit-2.0.9/lib/test/unit/testsuite.rb:37:in `each'
/opt/local/lib/ruby/gems/1.8/gems/test-unit-2.0.9/lib/test/unit/testsuite.rb:37:in `run'
/opt/local/lib/ruby/gems/1.8/gems/test-unit-2.0.9/lib/test/unit/ui/testrunnermediator.rb:48:in `run_suite'
/opt/local/lib/ruby/gems/1.8/gems/test-unit-2.0.9/lib/test/unit/ui/console/testrunner.rb:82:in `start_mediator'
/opt/local/lib/ruby/gems/1.8/gems/test-unit-2.0.9/lib/test/unit/ui/console/testrunner.rb:52:in `start'
/opt/local/lib/ruby/gems/1.8/gems/test-unit-2.0.9/lib/test/unit/ui/testrunnerutilities.rb:24:in `run'
/opt/local/lib/ruby/gems/1.8/gems/test-unit-2.0.9/lib/test/unit/autorunner.rb:304:in `run'
/opt/local/lib/ruby/gems/1.8/gems/test-unit-2.0.9/lib/test/unit/autorunner.rb:52:in `run'
/opt/local/lib/ruby/gems/1.8/gems/test-unit-2.0.9/lib/test/unit.rb:321
regression.rb:341    </failure>
  </testcase>
  <testcase assertions="1" name="test_job_by_company_id_17" time="0.64642">
    <failure type="Test::Unit::AssertionFailedError" message="The title values are equal for 2....">
The title values are equal for 2.
&lt;"Capital Markets Market Risk Analyst"&gt; expected to be =~
&lt;/Sr\ Tech\ Mgr\ \-\ Apps\ Prog/&gt;. (Test::Unit::AssertionFailedError)
regression.rb:98:in `test_job_by_company_id_17'
regression.rb:97:in `each'
regression.rb:97:in `test_job_by_company_id_17'    </failure>
  </testcase>
  <testcase assertions="1" name="test_job_by_company_id_18" time="0.578648">
    <failure type="Test::Unit::AssertionFailedError" message="The title values are equal for 2....">
The title values are equal for 2.
&lt;"Accounting Manager"&gt; expected to be =~
&lt;/Engineering\ Opportunities/&gt;. (Test::Unit::AssertionFailedError)
regression.rb:98:in `test_job_by_company_id_18'
regression.rb:97:in `each'
regression.rb:97:in `test_job_by_company_id_18'    </failure>
  </testcase>
  <testcase assertions="40" name="test_job_by_company_id_19" time="0.818217">
  </testcase>
  <testcase assertions="8" name="test_job_by_company_id_2" time="0.180336">
    <failure type="NoMethodError" message="undefined method `[]' for nil:NilClass">
undefined method `[]' for nil:NilClass (NoMethodError)
regression.rb:98:in `test_job_by_company_id_2'
regression.rb:97:in `each'
regression.rb:97:in `test_job_by_company_id_2'
/opt/local/lib/ruby/gems/1.8/gems/test-unit-2.0.9/lib/test/unit/testcase.rb:452:in `__send__'
/opt/local/lib/ruby/gems/1.8/gems/test-unit-2.0.9/lib/test/unit/testcase.rb:452:in `run_test'
/opt/local/lib/ruby/gems/1.8/gems/test-unit-2.0.9/lib/test/unit/testcase.rb:320:in `run'
/opt/local/lib/ruby/gems/1.8/gems/test-unit-2.0.9/lib/test/unit/testsuite.rb:38:in `run'
/opt/local/lib/ruby/gems/1.8/gems/test-unit-2.0.9/lib/test/unit/testsuite.rb:37:in `each'
/opt/local/lib/ruby/gems/1.8/gems/test-unit-2.0.9/lib/test/unit/testsuite.rb:37:in `run'
/opt/local/lib/ruby/gems/1.8/gems/test-unit-2.0.9/lib/test/unit/testsuite.rb:38:in `run'
/opt/local/lib/ruby/gems/1.8/gems/test-unit-2.0.9/lib/test/unit/testsuite.rb:37:in `each'
/opt/local/lib/ruby/gems/1.8/gems/test-unit-2.0.9/lib/test/unit/testsuite.rb:37:in `run'
/opt/local/lib/ruby/gems/1.8/gems/test-unit-2.0.9/lib/test/unit/ui/testrunnermediator.rb:48:in `run_suite'
/opt/local/lib/ruby/gems/1.8/gems/test-unit-2.0.9/lib/test/unit/ui/console/testrunner.rb:82:in `start_mediator'
/opt/local/lib/ruby/gems/1.8/gems/test-unit-2.0.9/lib/test/unit/ui/console/testrunner.rb:52:in `start'
/opt/local/lib/ruby/gems/1.8/gems/test-unit-2.0.9/lib/test/unit/ui/testrunnerutilities.rb:24:in `run'
/opt/local/lib/ruby/gems/1.8/gems/test-unit-2.0.9/lib/test/unit/autorunner.rb:304:in `run'
/opt/local/lib/ruby/gems/1.8/gems/test-unit-2.0.9/lib/test/unit/autorunner.rb:52:in `run'
/opt/local/lib/ruby/gems/1.8/gems/test-unit-2.0.9/lib/test/unit.rb:321
regression.rb:341    </failure>
  </testcase>
  <testcase assertions="40" name="test_job_by_company_id_20" time="0.537894">
  </testcase>
  <testcase assertions="4" name="test_job_by_company_id_21" time="0.184992">
    <failure type="NoMethodError" message="undefined method `[]' for nil:NilClass">
undefined method `[]' for nil:NilClass (NoMethodError)
regression.rb:98:in `test_job_by_company_id_21'
regression.rb:97:in `each'
regression.rb:97:in `test_job_by_company_id_21'
/opt/local/lib/ruby/gems/1.8/gems/test-unit-2.0.9/lib/test/unit/testcase.rb:452:in `__send__'
/opt/local/lib/ruby/gems/1.8/gems/test-unit-2.0.9/lib/test/unit/testcase.rb:452:in `run_test'
/opt/local/lib/ruby/gems/1.8/gems/test-unit-2.0.9/lib/test/unit/testcase.rb:320:in `run'
/opt/local/lib/ruby/gems/1.8/gems/test-unit-2.0.9/lib/test/unit/testsuite.rb:38:in `run'
/opt/local/lib/ruby/gems/1.8/gems/test-unit-2.0.9/lib/test/unit/testsuite.rb:37:in `each'
/opt/local/lib/ruby/gems/1.8/gems/test-unit-2.0.9/lib/test/unit/testsuite.rb:37:in `run'
/opt/local/lib/ruby/gems/1.8/gems/test-unit-2.0.9/lib/test/unit/testsuite.rb:38:in `run'
/opt/local/lib/ruby/gems/1.8/gems/test-unit-2.0.9/lib/test/unit/testsuite.rb:37:in `each'
/opt/local/lib/ruby/gems/1.8/gems/test-unit-2.0.9/lib/test/unit/testsuite.rb:37:in `run'
/opt/local/lib/ruby/gems/1.8/gems/test-unit-2.0.9/lib/test/unit/ui/testrunnermediator.rb:48:in `run_suite'
/opt/local/lib/ruby/gems/1.8/gems/test-unit-2.0.9/lib/test/unit/ui/console/testrunner.rb:82:in `start_mediator'
/opt/local/lib/ruby/gems/1.8/gems/test-unit-2.0.9/lib/test/unit/ui/console/testrunner.rb:52:in `start'
/opt/local/lib/ruby/gems/1.8/gems/test-unit-2.0.9/lib/test/unit/ui/testrunnerutilities.rb:24:in `run'
/opt/local/lib/ruby/gems/1.8/gems/test-unit-2.0.9/lib/test/unit/autorunner.rb:304:in `run'
/opt/local/lib/ruby/gems/1.8/gems/test-unit-2.0.9/lib/test/unit/autorunner.rb:52:in `run'
/opt/local/lib/ruby/gems/1.8/gems/test-unit-2.0.9/lib/test/unit.rb:321
regression.rb:341    </failure>
  </testcase>
  <testcase assertions="28" name="test_job_by_company_id_22" time="0.39791">
    <failure type="NoMethodError" message="undefined method `[]' for nil:NilClass">
undefined method `[]' for nil:NilClass (NoMethodError)
regression.rb:98:in `test_job_by_company_id_22'
regression.rb:97:in `each'
regression.rb:97:in `test_job_by_company_id_22'
/opt/local/lib/ruby/gems/1.8/gems/test-unit-2.0.9/lib/test/unit/testcase.rb:452:in `__send__'
/opt/local/lib/ruby/gems/1.8/gems/test-unit-2.0.9/lib/test/unit/testcase.rb:452:in `run_test'
/opt/local/lib/ruby/gems/1.8/gems/test-unit-2.0.9/lib/test/unit/testcase.rb:320:in `run'
/opt/local/lib/ruby/gems/1.8/gems/test-unit-2.0.9/lib/test/unit/testsuite.rb:38:in `run'
/opt/local/lib/ruby/gems/1.8/gems/test-unit-2.0.9/lib/test/unit/testsuite.rb:37:in `each'
/opt/local/lib/ruby/gems/1.8/gems/test-unit-2.0.9/lib/test/unit/testsuite.rb:37:in `run'
/opt/local/lib/ruby/gems/1.8/gems/test-unit-2.0.9/lib/test/unit/testsuite.rb:38:in `run'
/opt/local/lib/ruby/gems/1.8/gems/test-unit-2.0.9/lib/test/unit/testsuite.rb:37:in `each'
/opt/local/lib/ruby/gems/1.8/gems/test-unit-2.0.9/lib/test/unit/testsuite.rb:37:in `run'
/opt/local/lib/ruby/gems/1.8/gems/test-unit-2.0.9/lib/test/unit/ui/testrunnermediator.rb:48:in `run_suite'
/opt/local/lib/ruby/gems/1.8/gems/test-unit-2.0.9/lib/test/unit/ui/console/testrunner.rb:82:in `start_mediator'
/opt/local/lib/ruby/gems/1.8/gems/test-unit-2.0.9/lib/test/unit/ui/console/testrunner.rb:52:in `start'
/opt/local/lib/ruby/gems/1.8/gems/test-unit-2.0.9/lib/test/unit/ui/testrunnerutilities.rb:24:in `run'
/opt/local/lib/ruby/gems/1.8/gems/test-unit-2.0.9/lib/test/unit/autorunner.rb:304:in `run'
/opt/local/lib/ruby/gems/1.8/gems/test-unit-2.0.9/lib/test/unit/autorunner.rb:52:in `run'
/opt/local/lib/ruby/gems/1.8/gems/test-unit-2.0.9/lib/test/unit.rb:321
regression.rb:341    </failure>
  </testcase>
  <testcase assertions="1" name="test_job_by_company_id_23" time="0.619763">
    <failure type="Test::Unit::AssertionFailedError" message="The title values are equal for 2....">
The title values are equal for 2.
&lt;"Product Manager- Women's Healthcare"&gt; expected to be =~
&lt;/IT\ Clinical\ Systems\ Analyst\ \(Oracle\)\ /&gt;. (Test::Unit::AssertionFailedError)
regression.rb:98:in `test_job_by_company_id_23'
regression.rb:97:in `each'
regression.rb:97:in `test_job_by_company_id_23'    </failure>
  </testcase>
  <testcase assertions="9" name="test_job_by_company_id_24" time="0.419096">
    <failure type="Test::Unit::AssertionFailedError" message="The title values are equal for 4....">
The title values are equal for 4.
&lt;"Client Success Manager"&gt; expected to be =~
&lt;/Graphic\ Design\ Internship/&gt;. (Test::Unit::AssertionFailedError)
regression.rb:98:in `test_job_by_company_id_24'
regression.rb:97:in `each'
regression.rb:97:in `test_job_by_company_id_24'    </failure>
  </testcase>
  <testcase assertions="1" name="test_job_by_company_id_25" time="0.468869">
    <failure type="Test::Unit::AssertionFailedError" message="The title values are equal for 2....">
The title values are equal for 2.
&lt;"Junior Revenue Accountant"&gt; expected to be =~
&lt;/QA\ Software\ Engineer/&gt;. (Test::Unit::AssertionFailedError)
regression.rb:98:in `test_job_by_company_id_25'
regression.rb:97:in `each'
regression.rb:97:in `test_job_by_company_id_25'    </failure>
  </testcase>
  <testcase assertions="1" name="test_job_by_company_id_26" time="0.853658">
    <failure type="Test::Unit::AssertionFailedError" message="The title values are equal for 2....">
The title values are equal for 2.
&lt;"* Bilingual Retail Sales Associate*"&gt; expected to be =~
&lt;/Engineer,\ RF\ Deployment/&gt;. (Test::Unit::AssertionFailedError)
regression.rb:98:in `test_job_by_company_id_26'
regression.rb:97:in `each'
regression.rb:97:in `test_job_by_company_id_26'    </failure>
  </testcase>
  <testcase assertions="24" name="test_job_by_company_id_27" time="0.378959">
    <failure type="NoMethodError" message="undefined method `[]' for nil:NilClass">
undefined method `[]' for nil:NilClass (NoMethodError)
regression.rb:98:in `test_job_by_company_id_27'
regression.rb:97:in `each'
regression.rb:97:in `test_job_by_company_id_27'
/opt/local/lib/ruby/gems/1.8/gems/test-unit-2.0.9/lib/test/unit/testcase.rb:452:in `__send__'
/opt/local/lib/ruby/gems/1.8/gems/test-unit-2.0.9/lib/test/unit/testcase.rb:452:in `run_test'
/opt/local/lib/ruby/gems/1.8/gems/test-unit-2.0.9/lib/test/unit/testcase.rb:320:in `run'
/opt/local/lib/ruby/gems/1.8/gems/test-unit-2.0.9/lib/test/unit/testsuite.rb:38:in `run'
/opt/local/lib/ruby/gems/1.8/gems/test-unit-2.0.9/lib/test/unit/testsuite.rb:37:in `each'
/opt/local/lib/ruby/gems/1.8/gems/test-unit-2.0.9/lib/test/unit/testsuite.rb:37:in `run'
/opt/local/lib/ruby/gems/1.8/gems/test-unit-2.0.9/lib/test/unit/testsuite.rb:38:in `run'
/opt/local/lib/ruby/gems/1.8/gems/test-unit-2.0.9/lib/test/unit/testsuite.rb:37:in `each'
/opt/local/lib/ruby/gems/1.8/gems/test-unit-2.0.9/lib/test/unit/testsuite.rb:37:in `run'
/opt/local/lib/ruby/gems/1.8/gems/test-unit-2.0.9/lib/test/unit/ui/testrunnermediator.rb:48:in `run_suite'
/opt/local/lib/ruby/gems/1.8/gems/test-unit-2.0.9/lib/test/unit/ui/console/testrunner.rb:82:in `start_mediator'
/opt/local/lib/ruby/gems/1.8/gems/test-unit-2.0.9/lib/test/unit/ui/console/testrunner.rb:52:in `start'
/opt/local/lib/ruby/gems/1.8/gems/test-unit-2.0.9/lib/test/unit/ui/testrunnerutilities.rb:24:in `run'
/opt/local/lib/ruby/gems/1.8/gems/test-unit-2.0.9/lib/test/unit/autorunner.rb:304:in `run'
/opt/local/lib/ruby/gems/1.8/gems/test-unit-2.0.9/lib/test/unit/autorunner.rb:52:in `run'
/opt/local/lib/ruby/gems/1.8/gems/test-unit-2.0.9/lib/test/unit.rb:321
regression.rb:341    </failure>
  </testcase>
  <testcase assertions="8" name="test_job_by_company_id_28" time="0.186667">
    <failure type="NoMethodError" message="undefined method `[]' for nil:NilClass">
undefined method `[]' for nil:NilClass (NoMethodError)
regression.rb:98:in `test_job_by_company_id_28'
regression.rb:97:in `each'
regression.rb:97:in `test_job_by_company_id_28'
/opt/local/lib/ruby/gems/1.8/gems/test-unit-2.0.9/lib/test/unit/testcase.rb:452:in `__send__'
/opt/local/lib/ruby/gems/1.8/gems/test-unit-2.0.9/lib/test/unit/testcase.rb:452:in `run_test'
/opt/local/lib/ruby/gems/1.8/gems/test-unit-2.0.9/lib/test/unit/testcase.rb:320:in `run'
/opt/local/lib/ruby/gems/1.8/gems/test-unit-2.0.9/lib/test/unit/testsuite.rb:38:in `run'
/opt/local/lib/ruby/gems/1.8/gems/test-unit-2.0.9/lib/test/unit/testsuite.rb:37:in `each'
/opt/local/lib/ruby/gems/1.8/gems/test-unit-2.0.9/lib/test/unit/testsuite.rb:37:in `run'
/opt/local/lib/ruby/gems/1.8/gems/test-unit-2.0.9/lib/test/unit/testsuite.rb:38:in `run'
/opt/local/lib/ruby/gems/1.8/gems/test-unit-2.0.9/lib/test/unit/testsuite.rb:37:in `each'
/opt/local/lib/ruby/gems/1.8/gems/test-unit-2.0.9/lib/test/unit/testsuite.rb:37:in `run'
/opt/local/lib/ruby/gems/1.8/gems/test-unit-2.0.9/lib/test/unit/ui/testrunnermediator.rb:48:in `run_suite'
/opt/local/lib/ruby/gems/1.8/gems/test-unit-2.0.9/lib/test/unit/ui/console/testrunner.rb:82:in `start_mediator'
/opt/local/lib/ruby/gems/1.8/gems/test-unit-2.0.9/lib/test/unit/ui/console/testrunner.rb:52:in `start'
/opt/local/lib/ruby/gems/1.8/gems/test-unit-2.0.9/lib/test/unit/ui/testrunnerutilities.rb:24:in `run'
/opt/local/lib/ruby/gems/1.8/gems/test-unit-2.0.9/lib/test/unit/autorunner.rb:304:in `run'
/opt/local/lib/ruby/gems/1.8/gems/test-unit-2.0.9/lib/test/unit/autorunner.rb:52:in `run'
/opt/local/lib/ruby/gems/1.8/gems/test-unit-2.0.9/lib/test/unit.rb:321
regression.rb:341    </failure>
  </testcase>
  <testcase assertions="1" name="test_job_by_company_id_29" time="0.472744">
    <failure type="Test::Unit::AssertionFailedError" message="The title values are equal for 2....">
The title values are equal for 2.
&lt;"Success Manager"&gt; expected to be =~
&lt;/QA\ Engineer\ /&gt;. (Test::Unit::AssertionFailedError)
regression.rb:98:in `test_job_by_company_id_29'
regression.rb:97:in `each'
regression.rb:97:in `test_job_by_company_id_29'    </failure>
  </testcase>
  <testcase assertions="40" name="test_job_by_company_id_3" time="0.428545">
  </testcase>
  <testcase assertions="40" name="test_job_by_company_id_4" time="0.474859">
  </testcase>
  <testcase assertions="40" name="test_job_by_company_id_5" time="0.386668">
  </testcase>
  <testcase assertions="40" name="test_job_by_company_id_6" time="0.482638">
  </testcase>
  <testcase assertions="1" name="test_job_by_company_id_7" time="0.537278">
    <failure type="Test::Unit::AssertionFailedError" message="The title values are equal for 2....">
The title values are equal for 2.
&lt;"Product Manager - AWS CloudFront"&gt; expected to be =~
&lt;/Sr\ Demand\ Planner,\ Kindle/&gt;. (Test::Unit::AssertionFailedError)
regression.rb:98:in `test_job_by_company_id_7'
regression.rb:97:in `each'
regression.rb:97:in `test_job_by_company_id_7'    </failure>
  </testcase>
  <testcase assertions="1" name="test_job_by_company_id_8" time="0.562057">
    <failure type="Test::Unit::AssertionFailedError" message="The title values are equal for 2....">
The title values are equal for 2.
&lt;"Inbound Sales Specialist"&gt; expected to be =~
&lt;/Systems\ Support\ Analyst\ 4/&gt;. (Test::Unit::AssertionFailedError)
regression.rb:98:in `test_job_by_company_id_8'
regression.rb:97:in `each'
regression.rb:97:in `test_job_by_company_id_8'    </failure>
  </testcase>
  <testcase assertions="13" name="test_job_by_company_id_9" time="0.573112">
    <failure type="Test::Unit::AssertionFailedError" message="The title values are equal for 5....">
The title values are equal for 5.
&lt;"Sr Mgr Engineering"&gt; expected to be =~
&lt;/Operational\ Software\/Test\ Engineer/&gt;. (Test::Unit::AssertionFailedError)
regression.rb:98:in `test_job_by_company_id_9'
regression.rb:97:in `each'
regression.rb:97:in `test_job_by_company_id_9'    </failure>
  </testcase>
  <testcase assertions="4" name="test_job_by_id_1" time="0.171958">
  </testcase>
  <testcase assertions="4" name="test_job_by_id_112510" time="0.1747">
  </testcase>
  <testcase assertions="4" name="test_job_by_id_1127" time="0.171579">
  </testcase>
  <testcase assertions="4" name="test_job_by_id_119654" time="0.174342">
  </testcase>
  <testcase assertions="4" name="test_job_by_id_14113" time="0.176445">
  </testcase>
  <testcase assertions="4" name="test_job_by_id_18565" time="0.17628">
  </testcase>
  <testcase assertions="4" name="test_job_by_id_25106" time="0.172166">
  </testcase>
  <testcase assertions="4" name="test_job_by_id_2551" time="0.19642">
  </testcase>
  <testcase assertions="4" name="test_job_by_id_25995" time="0.191338">
  </testcase>
  <testcase assertions="4" name="test_job_by_id_2634" time="0.171162">
  </testcase>
  <testcase assertions="4" name="test_job_by_id_2645" time="0.176286">
  </testcase>
  <testcase assertions="4" name="test_job_by_id_26778" time="0.172744">
  </testcase>
  <testcase assertions="4" name="test_job_by_id_26780" time="0.17304">
  </testcase>
  <testcase assertions="4" name="test_job_by_id_275162" time="0.174601">
  </testcase>
  <testcase assertions="4" name="test_job_by_id_28" time="0.173053">
  </testcase>
  <testcase assertions="4" name="test_job_by_id_28517" time="0.17495">
  </testcase>
  <testcase assertions="4" name="test_job_by_id_32436" time="0.175669">
  </testcase>
  <testcase assertions="4" name="test_job_by_id_33067" time="0.176405">
  </testcase>
  <testcase assertions="4" name="test_job_by_id_33883" time="0.177469">
  </testcase>
  <testcase assertions="4" name="test_job_by_id_360129" time="0.176818">
  </testcase>
  <testcase assertions="4" name="test_job_by_id_4377" time="0.23264">
  </testcase>
  <testcase assertions="4" name="test_job_by_id_54389" time="0.172181">
  </testcase>
  <testcase assertions="4" name="test_job_by_id_57735" time="0.175452">
  </testcase>
  <testcase assertions="4" name="test_job_by_id_6468" time="0.179139">
  </testcase>
  <testcase assertions="4" name="test_job_by_id_70675" time="0.159801">
  </testcase>
  <testcase assertions="4" name="test_job_by_id_7404" time="0.178597">
  </testcase>
  <testcase assertions="4" name="test_job_by_id_8" time="0.17197">
  </testcase>
  <testcase assertions="4" name="test_job_by_id_8852" time="0.177322">
  </testcase>
  <testcase assertions="4" name="test_job_by_id_94457" time="0.16763">
  </testcase>
  <testcase assertions="4" name="test_job_by_id_9629" time="0.175035">
  </testcase>
  <testcase assertions="4" name="test_job_by_limit_1" time="0.180725">
    <failure type="NoMethodError" message="undefined method `[]' for nil:NilClass">
undefined method `[]' for nil:NilClass (NoMethodError)
regression.rb:170:in `test_job_by_limit_1'
regression.rb:169:in `each'
regression.rb:169:in `test_job_by_limit_1'
/opt/local/lib/ruby/gems/1.8/gems/test-unit-2.0.9/lib/test/unit/testcase.rb:452:in `__send__'
/opt/local/lib/ruby/gems/1.8/gems/test-unit-2.0.9/lib/test/unit/testcase.rb:452:in `run_test'
/opt/local/lib/ruby/gems/1.8/gems/test-unit-2.0.9/lib/test/unit/testcase.rb:320:in `run'
/opt/local/lib/ruby/gems/1.8/gems/test-unit-2.0.9/lib/test/unit/testsuite.rb:38:in `run'
/opt/local/lib/ruby/gems/1.8/gems/test-unit-2.0.9/lib/test/unit/testsuite.rb:37:in `each'
/opt/local/lib/ruby/gems/1.8/gems/test-unit-2.0.9/lib/test/unit/testsuite.rb:37:in `run'
/opt/local/lib/ruby/gems/1.8/gems/test-unit-2.0.9/lib/test/unit/testsuite.rb:38:in `run'
/opt/local/lib/ruby/gems/1.8/gems/test-unit-2.0.9/lib/test/unit/testsuite.rb:37:in `each'
/opt/local/lib/ruby/gems/1.8/gems/test-unit-2.0.9/lib/test/unit/testsuite.rb:37:in `run'
/opt/local/lib/ruby/gems/1.8/gems/test-unit-2.0.9/lib/test/unit/ui/testrunnermediator.rb:48:in `run_suite'
/opt/local/lib/ruby/gems/1.8/gems/test-unit-2.0.9/lib/test/unit/ui/console/testrunner.rb:82:in `start_mediator'
/opt/local/lib/ruby/gems/1.8/gems/test-unit-2.0.9/lib/test/unit/ui/console/testrunner.rb:52:in `start'
/opt/local/lib/ruby/gems/1.8/gems/test-unit-2.0.9/lib/test/unit/ui/testrunnerutilities.rb:24:in `run'
/opt/local/lib/ruby/gems/1.8/gems/test-unit-2.0.9/lib/test/unit/autorunner.rb:304:in `run'
/opt/local/lib/ruby/gems/1.8/gems/test-unit-2.0.9/lib/test/unit/autorunner.rb:52:in `run'
/opt/local/lib/ruby/gems/1.8/gems/test-unit-2.0.9/lib/test/unit.rb:321
regression.rb:341    </failure>
  </testcase>
  <testcase assertions="40" name="test_job_by_limit_10" time="0.355733">
    <failure type="NoMethodError" message="undefined method `[]' for nil:NilClass">
undefined method `[]' for nil:NilClass (NoMethodError)
regression.rb:170:in `test_job_by_limit_10'
regression.rb:169:in `each'
regression.rb:169:in `test_job_by_limit_10'
/opt/local/lib/ruby/gems/1.8/gems/test-unit-2.0.9/lib/test/unit/testcase.rb:452:in `__send__'
/opt/local/lib/ruby/gems/1.8/gems/test-unit-2.0.9/lib/test/unit/testcase.rb:452:in `run_test'
/opt/local/lib/ruby/gems/1.8/gems/test-unit-2.0.9/lib/test/unit/testcase.rb:320:in `run'
/opt/local/lib/ruby/gems/1.8/gems/test-unit-2.0.9/lib/test/unit/testsuite.rb:38:in `run'
/opt/local/lib/ruby/gems/1.8/gems/test-unit-2.0.9/lib/test/unit/testsuite.rb:37:in `each'
/opt/local/lib/ruby/gems/1.8/gems/test-unit-2.0.9/lib/test/unit/testsuite.rb:37:in `run'
/opt/local/lib/ruby/gems/1.8/gems/test-unit-2.0.9/lib/test/unit/testsuite.rb:38:in `run'
/opt/local/lib/ruby/gems/1.8/gems/test-unit-2.0.9/lib/test/unit/testsuite.rb:37:in `each'
/opt/local/lib/ruby/gems/1.8/gems/test-unit-2.0.9/lib/test/unit/testsuite.rb:37:in `run'
/opt/local/lib/ruby/gems/1.8/gems/test-unit-2.0.9/lib/test/unit/ui/testrunnermediator.rb:48:in `run_suite'
/opt/local/lib/ruby/gems/1.8/gems/test-unit-2.0.9/lib/test/unit/ui/console/testrunner.rb:82:in `start_mediator'
/opt/local/lib/ruby/gems/1.8/gems/test-unit-2.0.9/lib/test/unit/ui/console/testrunner.rb:52:in `start'
/opt/local/lib/ruby/gems/1.8/gems/test-unit-2.0.9/lib/test/unit/ui/testrunnerutilities.rb:24:in `run'
/opt/local/lib/ruby/gems/1.8/gems/test-unit-2.0.9/lib/test/unit/autorunner.rb:304:in `run'
/opt/local/lib/ruby/gems/1.8/gems/test-unit-2.0.9/lib/test/unit/autorunner.rb:52:in `run'
/opt/local/lib/ruby/gems/1.8/gems/test-unit-2.0.9/lib/test/unit.rb:321
regression.rb:341    </failure>
  </testcase>
  <testcase assertions="60" name="test_job_by_limit_15" time="0.427695">
    <failure type="NoMethodError" message="undefined method `[]' for nil:NilClass">
undefined method `[]' for nil:NilClass (NoMethodError)
regression.rb:170:in `test_job_by_limit_15'
regression.rb:169:in `each'
regression.rb:169:in `test_job_by_limit_15'
/opt/local/lib/ruby/gems/1.8/gems/test-unit-2.0.9/lib/test/unit/testcase.rb:452:in `__send__'
/opt/local/lib/ruby/gems/1.8/gems/test-unit-2.0.9/lib/test/unit/testcase.rb:452:in `run_test'
/opt/local/lib/ruby/gems/1.8/gems/test-unit-2.0.9/lib/test/unit/testcase.rb:320:in `run'
/opt/local/lib/ruby/gems/1.8/gems/test-unit-2.0.9/lib/test/unit/testsuite.rb:38:in `run'
/opt/local/lib/ruby/gems/1.8/gems/test-unit-2.0.9/lib/test/unit/testsuite.rb:37:in `each'
/opt/local/lib/ruby/gems/1.8/gems/test-unit-2.0.9/lib/test/unit/testsuite.rb:37:in `run'
/opt/local/lib/ruby/gems/1.8/gems/test-unit-2.0.9/lib/test/unit/testsuite.rb:38:in `run'
/opt/local/lib/ruby/gems/1.8/gems/test-unit-2.0.9/lib/test/unit/testsuite.rb:37:in `each'
/opt/local/lib/ruby/gems/1.8/gems/test-unit-2.0.9/lib/test/unit/testsuite.rb:37:in `run'
/opt/local/lib/ruby/gems/1.8/gems/test-unit-2.0.9/lib/test/unit/ui/testrunnermediator.rb:48:in `run_suite'
/opt/local/lib/ruby/gems/1.8/gems/test-unit-2.0.9/lib/test/unit/ui/console/testrunner.rb:82:in `start_mediator'
/opt/local/lib/ruby/gems/1.8/gems/test-unit-2.0.9/lib/test/unit/ui/console/testrunner.rb:52:in `start'
/opt/local/lib/ruby/gems/1.8/gems/test-unit-2.0.9/lib/test/unit/ui/testrunnerutilities.rb:24:in `run'
/opt/local/lib/ruby/gems/1.8/gems/test-unit-2.0.9/lib/test/unit/autorunner.rb:304:in `run'
/opt/local/lib/ruby/gems/1.8/gems/test-unit-2.0.9/lib/test/unit/autorunner.rb:52:in `run'
/opt/local/lib/ruby/gems/1.8/gems/test-unit-2.0.9/lib/test/unit.rb:321
regression.rb:341    </failure>
  </testcase>
  <testcase assertions="80" name="test_job_by_limit_20" time="0.495643">
    <failure type="NoMethodError" message="undefined method `[]' for nil:NilClass">
undefined method `[]' for nil:NilClass (NoMethodError)
regression.rb:170:in `test_job_by_limit_20'
regression.rb:169:in `each'
regression.rb:169:in `test_job_by_limit_20'
/opt/local/lib/ruby/gems/1.8/gems/test-unit-2.0.9/lib/test/unit/testcase.rb:452:in `__send__'
/opt/local/lib/ruby/gems/1.8/gems/test-unit-2.0.9/lib/test/unit/testcase.rb:452:in `run_test'
/opt/local/lib/ruby/gems/1.8/gems/test-unit-2.0.9/lib/test/unit/testcase.rb:320:in `run'
/opt/local/lib/ruby/gems/1.8/gems/test-unit-2.0.9/lib/test/unit/testsuite.rb:38:in `run'
/opt/local/lib/ruby/gems/1.8/gems/test-unit-2.0.9/lib/test/unit/testsuite.rb:37:in `each'
/opt/local/lib/ruby/gems/1.8/gems/test-unit-2.0.9/lib/test/unit/testsuite.rb:37:in `run'
/opt/local/lib/ruby/gems/1.8/gems/test-unit-2.0.9/lib/test/unit/testsuite.rb:38:in `run'
/opt/local/lib/ruby/gems/1.8/gems/test-unit-2.0.9/lib/test/unit/testsuite.rb:37:in `each'
/opt/local/lib/ruby/gems/1.8/gems/test-unit-2.0.9/lib/test/unit/testsuite.rb:37:in `run'
/opt/local/lib/ruby/gems/1.8/gems/test-unit-2.0.9/lib/test/unit/ui/testrunnermediator.rb:48:in `run_suite'
/opt/local/lib/ruby/gems/1.8/gems/test-unit-2.0.9/lib/test/unit/ui/console/testrunner.rb:82:in `start_mediator'
/opt/local/lib/ruby/gems/1.8/gems/test-unit-2.0.9/lib/test/unit/ui/console/testrunner.rb:52:in `start'
/opt/local/lib/ruby/gems/1.8/gems/test-unit-2.0.9/lib/test/unit/ui/testrunnerutilities.rb:24:in `run'
/opt/local/lib/ruby/gems/1.8/gems/test-unit-2.0.9/lib/test/unit/autorunner.rb:304:in `run'
/opt/local/lib/ruby/gems/1.8/gems/test-unit-2.0.9/lib/test/unit/autorunner.rb:52:in `run'
/opt/local/lib/ruby/gems/1.8/gems/test-unit-2.0.9/lib/test/unit.rb:321
regression.rb:341    </failure>
  </testcase>
  <testcase assertions="100" name="test_job_by_limit_25" time="0.579331">
  </testcase>
  <testcase assertions="100" name="test_job_by_limit_30" time="0.582489">
    <failure type="NoMethodError" message="undefined method `[]' for nil:NilClass">
undefined method `[]' for nil:NilClass (NoMethodError)
regression.rb:170:in `test_job_by_limit_30'
regression.rb:169:in `each'
regression.rb:169:in `test_job_by_limit_30'
/opt/local/lib/ruby/gems/1.8/gems/test-unit-2.0.9/lib/test/unit/testcase.rb:452:in `__send__'
/opt/local/lib/ruby/gems/1.8/gems/test-unit-2.0.9/lib/test/unit/testcase.rb:452:in `run_test'
/opt/local/lib/ruby/gems/1.8/gems/test-unit-2.0.9/lib/test/unit/testcase.rb:320:in `run'
/opt/local/lib/ruby/gems/1.8/gems/test-unit-2.0.9/lib/test/unit/testsuite.rb:38:in `run'
/opt/local/lib/ruby/gems/1.8/gems/test-unit-2.0.9/lib/test/unit/testsuite.rb:37:in `each'
/opt/local/lib/ruby/gems/1.8/gems/test-unit-2.0.9/lib/test/unit/testsuite.rb:37:in `run'
/opt/local/lib/ruby/gems/1.8/gems/test-unit-2.0.9/lib/test/unit/testsuite.rb:38:in `run'
/opt/local/lib/ruby/gems/1.8/gems/test-unit-2.0.9/lib/test/unit/testsuite.rb:37:in `each'
/opt/local/lib/ruby/gems/1.8/gems/test-unit-2.0.9/lib/test/unit/testsuite.rb:37:in `run'
/opt/local/lib/ruby/gems/1.8/gems/test-unit-2.0.9/lib/test/unit/ui/testrunnermediator.rb:48:in `run_suite'
/opt/local/lib/ruby/gems/1.8/gems/test-unit-2.0.9/lib/test/unit/ui/console/testrunner.rb:82:in `start_mediator'
/opt/local/lib/ruby/gems/1.8/gems/test-unit-2.0.9/lib/test/unit/ui/console/testrunner.rb:52:in `start'
/opt/local/lib/ruby/gems/1.8/gems/test-unit-2.0.9/lib/test/unit/ui/testrunnerutilities.rb:24:in `run'
/opt/local/lib/ruby/gems/1.8/gems/test-unit-2.0.9/lib/test/unit/autorunner.rb:304:in `run'
/opt/local/lib/ruby/gems/1.8/gems/test-unit-2.0.9/lib/test/unit/autorunner.rb:52:in `run'
/opt/local/lib/ruby/gems/1.8/gems/test-unit-2.0.9/lib/test/unit.rb:321
regression.rb:341    </failure>
  </testcase>
  <testcase assertions="100" name="test_job_by_limit_35" time="0.592754">
    <failure type="NoMethodError" message="undefined method `[]' for nil:NilClass">
undefined method `[]' for nil:NilClass (NoMethodError)
regression.rb:170:in `test_job_by_limit_35'
regression.rb:169:in `each'
regression.rb:169:in `test_job_by_limit_35'
/opt/local/lib/ruby/gems/1.8/gems/test-unit-2.0.9/lib/test/unit/testcase.rb:452:in `__send__'
/opt/local/lib/ruby/gems/1.8/gems/test-unit-2.0.9/lib/test/unit/testcase.rb:452:in `run_test'
/opt/local/lib/ruby/gems/1.8/gems/test-unit-2.0.9/lib/test/unit/testcase.rb:320:in `run'
/opt/local/lib/ruby/gems/1.8/gems/test-unit-2.0.9/lib/test/unit/testsuite.rb:38:in `run'
/opt/local/lib/ruby/gems/1.8/gems/test-unit-2.0.9/lib/test/unit/testsuite.rb:37:in `each'
/opt/local/lib/ruby/gems/1.8/gems/test-unit-2.0.9/lib/test/unit/testsuite.rb:37:in `run'
/opt/local/lib/ruby/gems/1.8/gems/test-unit-2.0.9/lib/test/unit/testsuite.rb:38:in `run'
/opt/local/lib/ruby/gems/1.8/gems/test-unit-2.0.9/lib/test/unit/testsuite.rb:37:in `each'
/opt/local/lib/ruby/gems/1.8/gems/test-unit-2.0.9/lib/test/unit/testsuite.rb:37:in `run'
/opt/local/lib/ruby/gems/1.8/gems/test-unit-2.0.9/lib/test/unit/ui/testrunnermediator.rb:48:in `run_suite'
/opt/local/lib/ruby/gems/1.8/gems/test-unit-2.0.9/lib/test/unit/ui/console/testrunner.rb:82:in `start_mediator'
/opt/local/lib/ruby/gems/1.8/gems/test-unit-2.0.9/lib/test/unit/ui/console/testrunner.rb:52:in `start'
/opt/local/lib/ruby/gems/1.8/gems/test-unit-2.0.9/lib/test/unit/ui/testrunnerutilities.rb:24:in `run'
/opt/local/lib/ruby/gems/1.8/gems/test-unit-2.0.9/lib/test/unit/autorunner.rb:304:in `run'
/opt/local/lib/ruby/gems/1.8/gems/test-unit-2.0.9/lib/test/unit/autorunner.rb:52:in `run'
/opt/local/lib/ruby/gems/1.8/gems/test-unit-2.0.9/lib/test/unit.rb:321
regression.rb:341    </failure>
  </testcase>
  <testcase assertions="20" name="test_job_by_limit_5" time="0.3031">
    <failure type="NoMethodError" message="undefined method `[]' for nil:NilClass">
undefined method `[]' for nil:NilClass (NoMethodError)
regression.rb:170:in `test_job_by_limit_5'
regression.rb:169:in `each'
regression.rb:169:in `test_job_by_limit_5'
/opt/local/lib/ruby/gems/1.8/gems/test-unit-2.0.9/lib/test/unit/testcase.rb:452:in `__send__'
/opt/local/lib/ruby/gems/1.8/gems/test-unit-2.0.9/lib/test/unit/testcase.rb:452:in `run_test'
/opt/local/lib/ruby/gems/1.8/gems/test-unit-2.0.9/lib/test/unit/testcase.rb:320:in `run'
/opt/local/lib/ruby/gems/1.8/gems/test-unit-2.0.9/lib/test/unit/testsuite.rb:38:in `run'
/opt/local/lib/ruby/gems/1.8/gems/test-unit-2.0.9/lib/test/unit/testsuite.rb:37:in `each'
/opt/local/lib/ruby/gems/1.8/gems/test-unit-2.0.9/lib/test/unit/testsuite.rb:37:in `run'
/opt/local/lib/ruby/gems/1.8/gems/test-unit-2.0.9/lib/test/unit/testsuite.rb:38:in `run'
/opt/local/lib/ruby/gems/1.8/gems/test-unit-2.0.9/lib/test/unit/testsuite.rb:37:in `each'
/opt/local/lib/ruby/gems/1.8/gems/test-unit-2.0.9/lib/test/unit/testsuite.rb:37:in `run'
/opt/local/lib/ruby/gems/1.8/gems/test-unit-2.0.9/lib/test/unit/ui/testrunnermediator.rb:48:in `run_suite'
/opt/local/lib/ruby/gems/1.8/gems/test-unit-2.0.9/lib/test/unit/ui/console/testrunner.rb:82:in `start_mediator'
/opt/local/lib/ruby/gems/1.8/gems/test-unit-2.0.9/lib/test/unit/ui/console/testrunner.rb:52:in `start'
/opt/local/lib/ruby/gems/1.8/gems/test-unit-2.0.9/lib/test/unit/ui/testrunnerutilities.rb:24:in `run'
/opt/local/lib/ruby/gems/1.8/gems/test-unit-2.0.9/lib/test/unit/autorunner.rb:304:in `run'
/opt/local/lib/ruby/gems/1.8/gems/test-unit-2.0.9/lib/test/unit/autorunner.rb:52:in `run'
/opt/local/lib/ruby/gems/1.8/gems/test-unit-2.0.9/lib/test/unit.rb:321
regression.rb:341    </failure>
  </testcase>
  <testcase assertions="40" name="test_job_by_offset_100" time="0.415265">
  </testcase>
  <testcase assertions="40" name="test_job_by_offset_14" time="0.358401">
  </testcase>
  <testcase assertions="40" name="test_job_by_offset_4" time="0.350317">
  </testcase>
  <testcase assertions="40" name="test_job_by_offset_50" time="0.541019">
  </testcase>
  <testcase assertions="40" name="test_job_by_offset_53" time="0.425105">
  </testcase>
  <testcase assertions="40" name="test_job_by_offset_68" time="0.411894">
  </testcase>
  <testcase assertions="40" name="test_job_by_offset_72" time="0.415476">
  </testcase>
  <testcase assertions="40" name="test_job_by_offset_88" time="0.407468">
  </testcase>
  <testcase assertions="4" name="test_job_by_slug_0" time="0.192649">
  </testcase>
  <testcase assertions="4" name="test_job_by_slug_1" time="0.183172">
  </testcase>
  <testcase assertions="4" name="test_job_by_slug_10" time="0.236583">
  </testcase>
  <testcase assertions="4" name="test_job_by_slug_11" time="0.186462">
  </testcase>
  <testcase assertions="4" name="test_job_by_slug_12" time="0.175499">
  </testcase>
  <testcase assertions="4" name="test_job_by_slug_13" time="0.190695">
  </testcase>
  <testcase assertions="4" name="test_job_by_slug_14" time="0.195358">
  </testcase>
  <testcase assertions="4" name="test_job_by_slug_15" time="0.200257">
  </testcase>
  <testcase assertions="4" name="test_job_by_slug_16" time="0.186391">
  </testcase>
  <testcase assertions="4" name="test_job_by_slug_17" time="0.191144">
  </testcase>
  <testcase assertions="4" name="test_job_by_slug_18" time="0.18745">
  </testcase>
  <testcase assertions="4" name="test_job_by_slug_19" time="0.183179">
  </testcase>
  <testcase assertions="4" name="test_job_by_slug_2" time="0.194527">
  </testcase>
  <testcase assertions="4" name="test_job_by_slug_20" time="0.199862">
  </testcase>
  <testcase assertions="4" name="test_job_by_slug_21" time="0.188122">
  </testcase>
  <testcase assertions="4" name="test_job_by_slug_22" time="0.180078">
  </testcase>
  <testcase assertions="4" name="test_job_by_slug_23" time="0.199878">
  </testcase>
  <testcase assertions="4" name="test_job_by_slug_24" time="0.186556">
  </testcase>
  <testcase assertions="4" name="test_job_by_slug_25" time="0.207959">
  </testcase>
  <testcase assertions="4" name="test_job_by_slug_26" time="0.20282">
  </testcase>
  <testcase assertions="4" name="test_job_by_slug_27" time="0.188569">
  </testcase>
  <testcase assertions="4" name="test_job_by_slug_28" time="0.186193">
  </testcase>
  <testcase assertions="4" name="test_job_by_slug_29" time="0.185041">
  </testcase>
  <testcase assertions="4" name="test_job_by_slug_3" time="0.190693">
  </testcase>
  <testcase assertions="4" name="test_job_by_slug_4" time="0.185732">
  </testcase>
  <testcase assertions="4" name="test_job_by_slug_5" time="0.192555">
  </testcase>
  <testcase assertions="4" name="test_job_by_slug_6" time="0.237881">
  </testcase>
  <testcase assertions="4" name="test_job_by_slug_7" time="0.173744">
  </testcase>
  <testcase assertions="4" name="test_job_by_slug_8" time="0.180285">
  </testcase>
  <testcase assertions="4" name="test_job_by_slug_9" time="0.190313">
  </testcase>
  <testcase assertions="1" name="test_job_by_status_active" time="0.499159">
    <failure type="Test::Unit::AssertionFailedError" message="The title values are equal for deleted....">
The title values are equal for deleted.
&lt;"Manager Packaged Goods"&gt; expected to be =~
&lt;/Research\ Telemarketing\ Representative/&gt;. (Test::Unit::AssertionFailedError)
regression.rb:136:in `test_job_by_status_active'
regression.rb:135:in `each'
regression.rb:135:in `test_job_by_status_active'    </failure>
  </testcase>
  <testcase assertions="21" name="test_job_by_status_deleted" time="0.422893">
    <failure type="Test::Unit::AssertionFailedError" message="The title values are equal for ....">
The title values are equal for .
&lt;"Sales Development Specialist"&gt; expected to be =~
&lt;/Analytics\ Producer\ \-\ Gourmet\ Live/&gt;. (Test::Unit::AssertionFailedError)
regression.rb:136:in `test_job_by_status_deleted'
regression.rb:135:in `each'
regression.rb:135:in `test_job_by_status_deleted'    </failure>
  </testcase>
  <testcase assertions="40" name="test_job_by_status_filled" time="0.364335">
  </testcase>
  <testcase assertions="1" name="test_job_by_status_pending" time="1.355828">
    <failure type="Test::Unit::AssertionFailedError" message="The title values are equal for deleted....">
The title values are equal for deleted.
&lt;"SBS HR Publishing Coordinator Job"&gt; expected to be =~
&lt;/Financial\ Analyst\ Business\ Planning/&gt;. (Test::Unit::AssertionFailedError)
regression.rb:136:in `test_job_by_status_pending'
regression.rb:135:in `each'
regression.rb:135:in `test_job_by_status_pending'    </failure>
  </testcase>
  <testcase assertions="122" name="test_questions_for_a_job" time="1.285964">
  </testcase>
  <testcase assertions="30" name="test_search_jobs_by_title_text" time="1.355998">
  </testcase>
  <system-out>
  </system-out>
  <system-err>
  </system-err>
</testsuite>
