<?xml version="1.0" encoding="UTF-8"?>
<testsuite failures="5" tests="50" skipped="0" name="CompanyServiceRegression" assertions="247" time="10.18791" errors="8">
  <testcase name="test_companies_batch_read" assertions="8" time="0.244134">
  </testcase>
  <testcase name="test_companies_by_limit_1" assertions="0" time="0.212765">
    <failure type="ArgumentError" message="wrong number of arguments (1 for 0)">
wrong number of arguments (1 for 0) (ArgumentError)
regression.rb:297:in `min'
regression.rb:297:in `test_companies_by_limit_1'
/opt/local/lib/ruby/gems/1.8/gems/test-unit-2.0.9/lib/test/unit/testcase.rb:452:in `__send__'
/opt/local/lib/ruby/gems/1.8/gems/test-unit-2.0.9/lib/test/unit/testcase.rb:452:in `run_test'
/opt/local/lib/ruby/gems/1.8/gems/test-unit-2.0.9/lib/test/unit/testcase.rb:320:in `run'
/opt/local/lib/ruby/gems/1.8/gems/test-unit-2.0.9/lib/test/unit/testsuite.rb:38:in `run'
/opt/local/lib/ruby/gems/1.8/gems/test-unit-2.0.9/lib/test/unit/testsuite.rb:37:in `each'
/opt/local/lib/ruby/gems/1.8/gems/test-unit-2.0.9/lib/test/unit/testsuite.rb:37:in `run'
/opt/local/lib/ruby/gems/1.8/gems/test-unit-2.0.9/lib/test/unit/testsuite.rb:38:in `run'
/opt/local/lib/ruby/gems/1.8/gems/test-unit-2.0.9/lib/test/unit/testsuite.rb:37:in `each'
/opt/local/lib/ruby/gems/1.8/gems/test-unit-2.0.9/lib/test/unit/testsuite.rb:37:in `run'
/opt/local/lib/ruby/gems/1.8/gems/test-unit-2.0.9/lib/test/unit/ui/testrunnermediator.rb:48:in `run_suite'
/opt/local/lib/ruby/gems/1.8/gems/test-unit-2.0.9/lib/test/unit/ui/console/testrunner.rb:82:in `start_mediator'
/opt/local/lib/ruby/gems/1.8/gems/test-unit-2.0.9/lib/test/unit/ui/console/testrunner.rb:52:in `start'
/opt/local/lib/ruby/gems/1.8/gems/test-unit-2.0.9/lib/test/unit/ui/testrunnerutilities.rb:24:in `run'
/opt/local/lib/ruby/gems/1.8/gems/test-unit-2.0.9/lib/test/unit/autorunner.rb:304:in `run'
/opt/local/lib/ruby/gems/1.8/gems/test-unit-2.0.9/lib/test/unit/autorunner.rb:52:in `run'
/opt/local/lib/ruby/gems/1.8/gems/test-unit-2.0.9/lib/test/unit.rb:321
regression.rb:342    </failure>
  </testcase>
  <testcase name="test_companies_by_limit_10" assertions="0" time="0.284537">
    <failure type="ArgumentError" message="wrong number of arguments (1 for 0)">
wrong number of arguments (1 for 0) (ArgumentError)
regression.rb:297:in `min'
regression.rb:297:in `test_companies_by_limit_10'
/opt/local/lib/ruby/gems/1.8/gems/test-unit-2.0.9/lib/test/unit/testcase.rb:452:in `__send__'
/opt/local/lib/ruby/gems/1.8/gems/test-unit-2.0.9/lib/test/unit/testcase.rb:452:in `run_test'
/opt/local/lib/ruby/gems/1.8/gems/test-unit-2.0.9/lib/test/unit/testcase.rb:320:in `run'
/opt/local/lib/ruby/gems/1.8/gems/test-unit-2.0.9/lib/test/unit/testsuite.rb:38:in `run'
/opt/local/lib/ruby/gems/1.8/gems/test-unit-2.0.9/lib/test/unit/testsuite.rb:37:in `each'
/opt/local/lib/ruby/gems/1.8/gems/test-unit-2.0.9/lib/test/unit/testsuite.rb:37:in `run'
/opt/local/lib/ruby/gems/1.8/gems/test-unit-2.0.9/lib/test/unit/testsuite.rb:38:in `run'
/opt/local/lib/ruby/gems/1.8/gems/test-unit-2.0.9/lib/test/unit/testsuite.rb:37:in `each'
/opt/local/lib/ruby/gems/1.8/gems/test-unit-2.0.9/lib/test/unit/testsuite.rb:37:in `run'
/opt/local/lib/ruby/gems/1.8/gems/test-unit-2.0.9/lib/test/unit/ui/testrunnermediator.rb:48:in `run_suite'
/opt/local/lib/ruby/gems/1.8/gems/test-unit-2.0.9/lib/test/unit/ui/console/testrunner.rb:82:in `start_mediator'
/opt/local/lib/ruby/gems/1.8/gems/test-unit-2.0.9/lib/test/unit/ui/console/testrunner.rb:52:in `start'
/opt/local/lib/ruby/gems/1.8/gems/test-unit-2.0.9/lib/test/unit/ui/testrunnerutilities.rb:24:in `run'
/opt/local/lib/ruby/gems/1.8/gems/test-unit-2.0.9/lib/test/unit/autorunner.rb:304:in `run'
/opt/local/lib/ruby/gems/1.8/gems/test-unit-2.0.9/lib/test/unit/autorunner.rb:52:in `run'
/opt/local/lib/ruby/gems/1.8/gems/test-unit-2.0.9/lib/test/unit.rb:321
regression.rb:342    </failure>
  </testcase>
  <testcase name="test_companies_by_limit_15" assertions="0" time="0.265974">
    <failure type="ArgumentError" message="wrong number of arguments (1 for 0)">
wrong number of arguments (1 for 0) (ArgumentError)
regression.rb:297:in `min'
regression.rb:297:in `test_companies_by_limit_15'
/opt/local/lib/ruby/gems/1.8/gems/test-unit-2.0.9/lib/test/unit/testcase.rb:452:in `__send__'
/opt/local/lib/ruby/gems/1.8/gems/test-unit-2.0.9/lib/test/unit/testcase.rb:452:in `run_test'
/opt/local/lib/ruby/gems/1.8/gems/test-unit-2.0.9/lib/test/unit/testcase.rb:320:in `run'
/opt/local/lib/ruby/gems/1.8/gems/test-unit-2.0.9/lib/test/unit/testsuite.rb:38:in `run'
/opt/local/lib/ruby/gems/1.8/gems/test-unit-2.0.9/lib/test/unit/testsuite.rb:37:in `each'
/opt/local/lib/ruby/gems/1.8/gems/test-unit-2.0.9/lib/test/unit/testsuite.rb:37:in `run'
/opt/local/lib/ruby/gems/1.8/gems/test-unit-2.0.9/lib/test/unit/testsuite.rb:38:in `run'
/opt/local/lib/ruby/gems/1.8/gems/test-unit-2.0.9/lib/test/unit/testsuite.rb:37:in `each'
/opt/local/lib/ruby/gems/1.8/gems/test-unit-2.0.9/lib/test/unit/testsuite.rb:37:in `run'
/opt/local/lib/ruby/gems/1.8/gems/test-unit-2.0.9/lib/test/unit/ui/testrunnermediator.rb:48:in `run_suite'
/opt/local/lib/ruby/gems/1.8/gems/test-unit-2.0.9/lib/test/unit/ui/console/testrunner.rb:82:in `start_mediator'
/opt/local/lib/ruby/gems/1.8/gems/test-unit-2.0.9/lib/test/unit/ui/console/testrunner.rb:52:in `start'
/opt/local/lib/ruby/gems/1.8/gems/test-unit-2.0.9/lib/test/unit/ui/testrunnerutilities.rb:24:in `run'
/opt/local/lib/ruby/gems/1.8/gems/test-unit-2.0.9/lib/test/unit/autorunner.rb:304:in `run'
/opt/local/lib/ruby/gems/1.8/gems/test-unit-2.0.9/lib/test/unit/autorunner.rb:52:in `run'
/opt/local/lib/ruby/gems/1.8/gems/test-unit-2.0.9/lib/test/unit.rb:321
regression.rb:342    </failure>
  </testcase>
  <testcase name="test_companies_by_limit_20" assertions="0" time="0.287282">
    <failure type="ArgumentError" message="wrong number of arguments (1 for 0)">
wrong number of arguments (1 for 0) (ArgumentError)
regression.rb:297:in `min'
regression.rb:297:in `test_companies_by_limit_20'
/opt/local/lib/ruby/gems/1.8/gems/test-unit-2.0.9/lib/test/unit/testcase.rb:452:in `__send__'
/opt/local/lib/ruby/gems/1.8/gems/test-unit-2.0.9/lib/test/unit/testcase.rb:452:in `run_test'
/opt/local/lib/ruby/gems/1.8/gems/test-unit-2.0.9/lib/test/unit/testcase.rb:320:in `run'
/opt/local/lib/ruby/gems/1.8/gems/test-unit-2.0.9/lib/test/unit/testsuite.rb:38:in `run'
/opt/local/lib/ruby/gems/1.8/gems/test-unit-2.0.9/lib/test/unit/testsuite.rb:37:in `each'
/opt/local/lib/ruby/gems/1.8/gems/test-unit-2.0.9/lib/test/unit/testsuite.rb:37:in `run'
/opt/local/lib/ruby/gems/1.8/gems/test-unit-2.0.9/lib/test/unit/testsuite.rb:38:in `run'
/opt/local/lib/ruby/gems/1.8/gems/test-unit-2.0.9/lib/test/unit/testsuite.rb:37:in `each'
/opt/local/lib/ruby/gems/1.8/gems/test-unit-2.0.9/lib/test/unit/testsuite.rb:37:in `run'
/opt/local/lib/ruby/gems/1.8/gems/test-unit-2.0.9/lib/test/unit/ui/testrunnermediator.rb:48:in `run_suite'
/opt/local/lib/ruby/gems/1.8/gems/test-unit-2.0.9/lib/test/unit/ui/console/testrunner.rb:82:in `start_mediator'
/opt/local/lib/ruby/gems/1.8/gems/test-unit-2.0.9/lib/test/unit/ui/console/testrunner.rb:52:in `start'
/opt/local/lib/ruby/gems/1.8/gems/test-unit-2.0.9/lib/test/unit/ui/testrunnerutilities.rb:24:in `run'
/opt/local/lib/ruby/gems/1.8/gems/test-unit-2.0.9/lib/test/unit/autorunner.rb:304:in `run'
/opt/local/lib/ruby/gems/1.8/gems/test-unit-2.0.9/lib/test/unit/autorunner.rb:52:in `run'
/opt/local/lib/ruby/gems/1.8/gems/test-unit-2.0.9/lib/test/unit.rb:321
regression.rb:342    </failure>
  </testcase>
  <testcase name="test_companies_by_limit_25" assertions="0" time="0.212812">
    <failure type="ArgumentError" message="wrong number of arguments (1 for 0)">
wrong number of arguments (1 for 0) (ArgumentError)
regression.rb:297:in `min'
regression.rb:297:in `test_companies_by_limit_25'
/opt/local/lib/ruby/gems/1.8/gems/test-unit-2.0.9/lib/test/unit/testcase.rb:452:in `__send__'
/opt/local/lib/ruby/gems/1.8/gems/test-unit-2.0.9/lib/test/unit/testcase.rb:452:in `run_test'
/opt/local/lib/ruby/gems/1.8/gems/test-unit-2.0.9/lib/test/unit/testcase.rb:320:in `run'
/opt/local/lib/ruby/gems/1.8/gems/test-unit-2.0.9/lib/test/unit/testsuite.rb:38:in `run'
/opt/local/lib/ruby/gems/1.8/gems/test-unit-2.0.9/lib/test/unit/testsuite.rb:37:in `each'
/opt/local/lib/ruby/gems/1.8/gems/test-unit-2.0.9/lib/test/unit/testsuite.rb:37:in `run'
/opt/local/lib/ruby/gems/1.8/gems/test-unit-2.0.9/lib/test/unit/testsuite.rb:38:in `run'
/opt/local/lib/ruby/gems/1.8/gems/test-unit-2.0.9/lib/test/unit/testsuite.rb:37:in `each'
/opt/local/lib/ruby/gems/1.8/gems/test-unit-2.0.9/lib/test/unit/testsuite.rb:37:in `run'
/opt/local/lib/ruby/gems/1.8/gems/test-unit-2.0.9/lib/test/unit/ui/testrunnermediator.rb:48:in `run_suite'
/opt/local/lib/ruby/gems/1.8/gems/test-unit-2.0.9/lib/test/unit/ui/console/testrunner.rb:82:in `start_mediator'
/opt/local/lib/ruby/gems/1.8/gems/test-unit-2.0.9/lib/test/unit/ui/console/testrunner.rb:52:in `start'
/opt/local/lib/ruby/gems/1.8/gems/test-unit-2.0.9/lib/test/unit/ui/testrunnerutilities.rb:24:in `run'
/opt/local/lib/ruby/gems/1.8/gems/test-unit-2.0.9/lib/test/unit/autorunner.rb:304:in `run'
/opt/local/lib/ruby/gems/1.8/gems/test-unit-2.0.9/lib/test/unit/autorunner.rb:52:in `run'
/opt/local/lib/ruby/gems/1.8/gems/test-unit-2.0.9/lib/test/unit.rb:321
regression.rb:342    </failure>
  </testcase>
  <testcase name="test_companies_by_limit_30" assertions="0" time="0.221337">
    <failure type="ArgumentError" message="wrong number of arguments (1 for 0)">
wrong number of arguments (1 for 0) (ArgumentError)
regression.rb:297:in `min'
regression.rb:297:in `test_companies_by_limit_30'
/opt/local/lib/ruby/gems/1.8/gems/test-unit-2.0.9/lib/test/unit/testcase.rb:452:in `__send__'
/opt/local/lib/ruby/gems/1.8/gems/test-unit-2.0.9/lib/test/unit/testcase.rb:452:in `run_test'
/opt/local/lib/ruby/gems/1.8/gems/test-unit-2.0.9/lib/test/unit/testcase.rb:320:in `run'
/opt/local/lib/ruby/gems/1.8/gems/test-unit-2.0.9/lib/test/unit/testsuite.rb:38:in `run'
/opt/local/lib/ruby/gems/1.8/gems/test-unit-2.0.9/lib/test/unit/testsuite.rb:37:in `each'
/opt/local/lib/ruby/gems/1.8/gems/test-unit-2.0.9/lib/test/unit/testsuite.rb:37:in `run'
/opt/local/lib/ruby/gems/1.8/gems/test-unit-2.0.9/lib/test/unit/testsuite.rb:38:in `run'
/opt/local/lib/ruby/gems/1.8/gems/test-unit-2.0.9/lib/test/unit/testsuite.rb:37:in `each'
/opt/local/lib/ruby/gems/1.8/gems/test-unit-2.0.9/lib/test/unit/testsuite.rb:37:in `run'
/opt/local/lib/ruby/gems/1.8/gems/test-unit-2.0.9/lib/test/unit/ui/testrunnermediator.rb:48:in `run_suite'
/opt/local/lib/ruby/gems/1.8/gems/test-unit-2.0.9/lib/test/unit/ui/console/testrunner.rb:82:in `start_mediator'
/opt/local/lib/ruby/gems/1.8/gems/test-unit-2.0.9/lib/test/unit/ui/console/testrunner.rb:52:in `start'
/opt/local/lib/ruby/gems/1.8/gems/test-unit-2.0.9/lib/test/unit/ui/testrunnerutilities.rb:24:in `run'
/opt/local/lib/ruby/gems/1.8/gems/test-unit-2.0.9/lib/test/unit/autorunner.rb:304:in `run'
/opt/local/lib/ruby/gems/1.8/gems/test-unit-2.0.9/lib/test/unit/autorunner.rb:52:in `run'
/opt/local/lib/ruby/gems/1.8/gems/test-unit-2.0.9/lib/test/unit.rb:321
regression.rb:342    </failure>
  </testcase>
  <testcase name="test_companies_by_limit_35" assertions="0" time="0.326453">
    <failure type="ArgumentError" message="wrong number of arguments (1 for 0)">
wrong number of arguments (1 for 0) (ArgumentError)
regression.rb:297:in `min'
regression.rb:297:in `test_companies_by_limit_35'
/opt/local/lib/ruby/gems/1.8/gems/test-unit-2.0.9/lib/test/unit/testcase.rb:452:in `__send__'
/opt/local/lib/ruby/gems/1.8/gems/test-unit-2.0.9/lib/test/unit/testcase.rb:452:in `run_test'
/opt/local/lib/ruby/gems/1.8/gems/test-unit-2.0.9/lib/test/unit/testcase.rb:320:in `run'
/opt/local/lib/ruby/gems/1.8/gems/test-unit-2.0.9/lib/test/unit/testsuite.rb:38:in `run'
/opt/local/lib/ruby/gems/1.8/gems/test-unit-2.0.9/lib/test/unit/testsuite.rb:37:in `each'
/opt/local/lib/ruby/gems/1.8/gems/test-unit-2.0.9/lib/test/unit/testsuite.rb:37:in `run'
/opt/local/lib/ruby/gems/1.8/gems/test-unit-2.0.9/lib/test/unit/testsuite.rb:38:in `run'
/opt/local/lib/ruby/gems/1.8/gems/test-unit-2.0.9/lib/test/unit/testsuite.rb:37:in `each'
/opt/local/lib/ruby/gems/1.8/gems/test-unit-2.0.9/lib/test/unit/testsuite.rb:37:in `run'
/opt/local/lib/ruby/gems/1.8/gems/test-unit-2.0.9/lib/test/unit/ui/testrunnermediator.rb:48:in `run_suite'
/opt/local/lib/ruby/gems/1.8/gems/test-unit-2.0.9/lib/test/unit/ui/console/testrunner.rb:82:in `start_mediator'
/opt/local/lib/ruby/gems/1.8/gems/test-unit-2.0.9/lib/test/unit/ui/console/testrunner.rb:52:in `start'
/opt/local/lib/ruby/gems/1.8/gems/test-unit-2.0.9/lib/test/unit/ui/testrunnerutilities.rb:24:in `run'
/opt/local/lib/ruby/gems/1.8/gems/test-unit-2.0.9/lib/test/unit/autorunner.rb:304:in `run'
/opt/local/lib/ruby/gems/1.8/gems/test-unit-2.0.9/lib/test/unit/autorunner.rb:52:in `run'
/opt/local/lib/ruby/gems/1.8/gems/test-unit-2.0.9/lib/test/unit.rb:321
regression.rb:342    </failure>
  </testcase>
  <testcase name="test_companies_by_limit_5" assertions="0" time="0.212284">
    <failure type="ArgumentError" message="wrong number of arguments (1 for 0)">
wrong number of arguments (1 for 0) (ArgumentError)
regression.rb:297:in `min'
regression.rb:297:in `test_companies_by_limit_5'
/opt/local/lib/ruby/gems/1.8/gems/test-unit-2.0.9/lib/test/unit/testcase.rb:452:in `__send__'
/opt/local/lib/ruby/gems/1.8/gems/test-unit-2.0.9/lib/test/unit/testcase.rb:452:in `run_test'
/opt/local/lib/ruby/gems/1.8/gems/test-unit-2.0.9/lib/test/unit/testcase.rb:320:in `run'
/opt/local/lib/ruby/gems/1.8/gems/test-unit-2.0.9/lib/test/unit/testsuite.rb:38:in `run'
/opt/local/lib/ruby/gems/1.8/gems/test-unit-2.0.9/lib/test/unit/testsuite.rb:37:in `each'
/opt/local/lib/ruby/gems/1.8/gems/test-unit-2.0.9/lib/test/unit/testsuite.rb:37:in `run'
/opt/local/lib/ruby/gems/1.8/gems/test-unit-2.0.9/lib/test/unit/testsuite.rb:38:in `run'
/opt/local/lib/ruby/gems/1.8/gems/test-unit-2.0.9/lib/test/unit/testsuite.rb:37:in `each'
/opt/local/lib/ruby/gems/1.8/gems/test-unit-2.0.9/lib/test/unit/testsuite.rb:37:in `run'
/opt/local/lib/ruby/gems/1.8/gems/test-unit-2.0.9/lib/test/unit/ui/testrunnermediator.rb:48:in `run_suite'
/opt/local/lib/ruby/gems/1.8/gems/test-unit-2.0.9/lib/test/unit/ui/console/testrunner.rb:82:in `start_mediator'
/opt/local/lib/ruby/gems/1.8/gems/test-unit-2.0.9/lib/test/unit/ui/console/testrunner.rb:52:in `start'
/opt/local/lib/ruby/gems/1.8/gems/test-unit-2.0.9/lib/test/unit/ui/testrunnerutilities.rb:24:in `run'
/opt/local/lib/ruby/gems/1.8/gems/test-unit-2.0.9/lib/test/unit/autorunner.rb:304:in `run'
/opt/local/lib/ruby/gems/1.8/gems/test-unit-2.0.9/lib/test/unit/autorunner.rb:52:in `run'
/opt/local/lib/ruby/gems/1.8/gems/test-unit-2.0.9/lib/test/unit.rb:321
regression.rb:342    </failure>
  </testcase>
  <testcase name="test_companies_by_offset_100" assertions="3" time="0.21597">
    <failure type="Test::Unit::AssertionFailedError" message="The company code values are equal for 100....">
The company code values are equal for 100.
&lt;nil&gt; expected to be =~
&lt;nil&gt;. (Test::Unit::AssertionFailedError)
regression.rb:284:in `test_companies_by_offset_100'    </failure>
  </testcase>
  <testcase name="test_companies_by_offset_14" assertions="4" time="0.210558">
  </testcase>
  <testcase name="test_companies_by_offset_4" assertions="4" time="0.208455">
  </testcase>
  <testcase name="test_companies_by_offset_50" assertions="4" time="0.208508">
  </testcase>
  <testcase name="test_companies_by_offset_53" assertions="4" time="0.219493">
  </testcase>
  <testcase name="test_companies_by_offset_68" assertions="4" time="0.206204">
  </testcase>
  <testcase name="test_companies_by_offset_72" assertions="4" time="0.224694">
  </testcase>
  <testcase name="test_companies_by_offset_88" assertions="3" time="0.21174">
    <failure type="Test::Unit::AssertionFailedError" message="The company code values are equal for 88....">
The company code values are equal for 88.
&lt;nil&gt; expected to be =~
&lt;nil&gt;. (Test::Unit::AssertionFailedError)
regression.rb:284:in `test_companies_by_offset_88'    </failure>
  </testcase>
  <testcase name="test_companies_by_sort" assertions="88" time="0.211549">
  </testcase>
  <testcase name="test_company_by_id_11" assertions="4" time="0.184131">
  </testcase>
  <testcase name="test_company_by_id_14" assertions="4" time="0.191099">
  </testcase>
  <testcase name="test_company_by_id_15" assertions="4" time="0.181141">
  </testcase>
  <testcase name="test_company_by_id_16" assertions="4" time="0.189149">
  </testcase>
  <testcase name="test_company_by_id_18" assertions="4" time="0.17954">
  </testcase>
  <testcase name="test_company_by_id_2" assertions="4" time="0.185074">
  </testcase>
  <testcase name="test_company_by_id_20" assertions="4" time="0.184871">
  </testcase>
  <testcase name="test_company_by_id_21" assertions="4" time="0.179317">
  </testcase>
  <testcase name="test_company_by_id_22" assertions="4" time="0.184829">
  </testcase>
  <testcase name="test_company_by_id_23" assertions="4" time="0.180148">
  </testcase>
  <testcase name="test_company_by_id_24" assertions="4" time="0.184912">
  </testcase>
  <testcase name="test_company_by_id_25" assertions="4" time="0.208534">
  </testcase>
  <testcase name="test_company_by_id_26" assertions="4" time="0.191378">
  </testcase>
  <testcase name="test_company_by_id_27" assertions="4" time="0.187719">
  </testcase>
  <testcase name="test_company_by_id_28" assertions="3" time="0.181759">
    <failure type="Test::Unit::AssertionFailedError" message="The company code values are equal for 28....">
The company code values are equal for 28.
&lt;nil&gt; expected to be =~
&lt;nil&gt;. (Test::Unit::AssertionFailedError)
regression.rb:258:in `test_company_by_id_28'    </failure>
  </testcase>
  <testcase name="test_company_by_id_29" assertions="3" time="0.201268">
    <failure type="Test::Unit::AssertionFailedError" message="The company code values are equal for 29....">
The company code values are equal for 29.
&lt;nil&gt; expected to be =~
&lt;nil&gt;. (Test::Unit::AssertionFailedError)
regression.rb:258:in `test_company_by_id_29'    </failure>
  </testcase>
  <testcase name="test_company_by_id_3" assertions="4" time="0.181384">
  </testcase>
  <testcase name="test_company_by_id_30" assertions="4" time="0.185669">
  </testcase>
  <testcase name="test_company_by_id_31" assertions="4" time="0.18015">
  </testcase>
  <testcase name="test_company_by_id_32" assertions="4" time="0.180533">
  </testcase>
  <testcase name="test_company_by_id_33" assertions="4" time="0.189462">
  </testcase>
  <testcase name="test_company_by_id_34" assertions="3" time="0.184835">
    <failure type="Test::Unit::AssertionFailedError" message="The company code values are equal for 34....">
The company code values are equal for 34.
&lt;nil&gt; expected to be =~
&lt;nil&gt;. (Test::Unit::AssertionFailedError)
regression.rb:258:in `test_company_by_id_34'    </failure>
  </testcase>
  <testcase name="test_company_by_id_35" assertions="4" time="0.179149">
  </testcase>
  <testcase name="test_company_by_id_36" assertions="4" time="0.182111">
  </testcase>
  <testcase name="test_company_by_id_4" assertions="4" time="0.187234">
  </testcase>
  <testcase name="test_company_by_id_5" assertions="4" time="0.199106">
  </testcase>
  <testcase name="test_company_by_id_6" assertions="4" time="0.175813">
  </testcase>
  <testcase name="test_company_by_id_7" assertions="4" time="0.185567">
  </testcase>
  <testcase name="test_company_by_id_8" assertions="4" time="0.191278">
  </testcase>
  <testcase name="test_company_by_id_9" assertions="4" time="0.184735">
  </testcase>
  <testcase name="test_company_by_name" assertions="4" time="0.180708">
  </testcase>
  <testcase name="test_connection" assertions="0" time="0.06758">
  </testcase>
  <system-out>
  </system-out>
  <system-err>
  </system-err>
</testsuite>
