<?xml version="1.0" encoding="UTF-8"?>
<testsuite failures="19" tests="132" skipped="0" name="JobServiceRegression" assertions="2499" time="192.151955" errors="0">
  <testcase name="test_connection" assertions="0" time="0.231011">
  </testcase>
  <testcase name="test_job_by_categoryid_1" assertions="40" time="27.484293">
  </testcase>
  <testcase name="test_job_by_categoryid_10" assertions="40" time="1.381196">
  </testcase>
  <testcase name="test_job_by_categoryid_11" assertions="40" time="12.555837">
  </testcase>
  <testcase name="test_job_by_categoryid_12" assertions="40" time="21.035666">
  </testcase>
  <testcase name="test_job_by_categoryid_13" assertions="40" time="24.485765">
  </testcase>
  <testcase name="test_job_by_categoryid_14" assertions="40" time="1.890393">
  </testcase>
  <testcase name="test_job_by_categoryid_15" assertions="40" time="1.571183">
  </testcase>
  <testcase name="test_job_by_categoryid_16" assertions="40" time="5.999733">
  </testcase>
  <testcase name="test_job_by_categoryid_17" assertions="40" time="5.672524">
  </testcase>
  <testcase name="test_job_by_categoryid_18" assertions="40" time="1.169077">
  </testcase>
  <testcase name="test_job_by_categoryid_19" assertions="40" time="0.707734">
  </testcase>
  <testcase name="test_job_by_categoryid_2" assertions="40" time="3.000579">
  </testcase>
  <testcase name="test_job_by_categoryid_3" assertions="40" time="10.486966">
  </testcase>
  <testcase name="test_job_by_categoryid_4" assertions="40" time="8.539679">
  </testcase>
  <testcase name="test_job_by_categoryid_5" assertions="40" time="6.237522">
  </testcase>
  <testcase name="test_job_by_categoryid_6" assertions="40" time="3.37927">
  </testcase>
  <testcase name="test_job_by_categoryid_7" assertions="40" time="7.225982">
  </testcase>
  <testcase name="test_job_by_categoryid_8" assertions="40" time="10.39178">
  </testcase>
  <testcase name="test_job_by_categoryid_9" assertions="40" time="4.156911">
  </testcase>
  <testcase name="test_job_by_id_1" assertions="4" time="0.158957">
  </testcase>
  <testcase name="test_job_by_id_112510" assertions="4" time="0.162101">
  </testcase>
  <testcase name="test_job_by_id_1127" assertions="4" time="0.15942">
  </testcase>
  <testcase name="test_job_by_id_119654" assertions="4" time="0.174558">
  </testcase>
  <testcase name="test_job_by_id_14113" assertions="4" time="0.193245">
  </testcase>
  <testcase name="test_job_by_id_18565" assertions="4" time="0.172827">
  </testcase>
  <testcase name="test_job_by_id_25106" assertions="4" time="0.160108">
  </testcase>
  <testcase name="test_job_by_id_2551" assertions="4" time="0.161938">
  </testcase>
  <testcase name="test_job_by_id_25995" assertions="4" time="0.158797">
  </testcase>
  <testcase name="test_job_by_id_2634" assertions="4" time="0.189906">
  </testcase>
  <testcase name="test_job_by_id_2645" assertions="4" time="0.166556">
  </testcase>
  <testcase name="test_job_by_id_26778" assertions="4" time="0.187232">
  </testcase>
  <testcase name="test_job_by_id_26780" assertions="4" time="0.183109">
  </testcase>
  <testcase name="test_job_by_id_275162" assertions="4" time="0.16185">
  </testcase>
  <testcase name="test_job_by_id_28" assertions="4" time="0.159064">
  </testcase>
  <testcase name="test_job_by_id_28517" assertions="4" time="0.159603">
  </testcase>
  <testcase name="test_job_by_id_32436" assertions="4" time="0.161049">
  </testcase>
  <testcase name="test_job_by_id_33067" assertions="4" time="0.160398">
  </testcase>
  <testcase name="test_job_by_id_33883" assertions="4" time="0.160294">
  </testcase>
  <testcase name="test_job_by_id_360129" assertions="4" time="0.159267">
  </testcase>
  <testcase name="test_job_by_id_4377" assertions="4" time="0.21096">
  </testcase>
  <testcase name="test_job_by_id_54389" assertions="4" time="0.157878">
  </testcase>
  <testcase name="test_job_by_id_57735" assertions="4" time="0.157046">
  </testcase>
  <testcase name="test_job_by_id_6468" assertions="4" time="0.162151">
  </testcase>
  <testcase name="test_job_by_id_70675" assertions="4" time="0.161139">
  </testcase>
  <testcase name="test_job_by_id_7404" assertions="4" time="0.158684">
  </testcase>
  <testcase name="test_job_by_id_8" assertions="4" time="0.159999">
  </testcase>
  <testcase name="test_job_by_id_8852" assertions="4" time="0.161866">
  </testcase>
  <testcase name="test_job_by_id_94457" assertions="4" time="0.158174">
  </testcase>
  <testcase name="test_job_by_id_9629" assertions="4" time="0.159179">
  </testcase>
  <testcase name="test_job_by_limit_1" assertions="4" time="0.190977">
  </testcase>
  <testcase name="test_job_by_limit_10" assertions="40" time="0.369077">
  </testcase>
  <testcase name="test_job_by_limit_15" assertions="60" time="0.399035">
  </testcase>
  <testcase name="test_job_by_limit_20" assertions="80" time="0.442516">
  </testcase>
  <testcase name="test_job_by_limit_25" assertions="100" time="0.56357">
  </testcase>
  <testcase name="test_job_by_limit_30" assertions="100" time="0.540524">
  </testcase>
  <testcase name="test_job_by_limit_35" assertions="100" time="0.495553">
  </testcase>
  <testcase name="test_job_by_limit_5" assertions="20" time="0.265858">
  </testcase>
  <testcase name="test_job_by_offset_100" assertions="40" time="0.377828">
  </testcase>
  <testcase name="test_job_by_offset_14" assertions="40" time="0.268703">
  </testcase>
  <testcase name="test_job_by_offset_4" assertions="40" time="0.360695">
  </testcase>
  <testcase name="test_job_by_offset_50" assertions="40" time="0.433453">
  </testcase>
  <testcase name="test_job_by_offset_53" assertions="40" time="0.378096">
  </testcase>
  <testcase name="test_job_by_offset_68" assertions="40" time="0.389204">
  </testcase>
  <testcase name="test_job_by_offset_72" assertions="40" time="0.412014">
  </testcase>
  <testcase name="test_job_by_offset_88" assertions="40" time="0.379882">
  </testcase>
  <testcase name="test_job_by_slug_0" assertions="4" time="0.173133">
  </testcase>
  <testcase name="test_job_by_slug_1" assertions="4" time="0.163504">
  </testcase>
  <testcase name="test_job_by_slug_10" assertions="4" time="0.21419">
  </testcase>
  <testcase name="test_job_by_slug_11" assertions="4" time="0.159266">
  </testcase>
  <testcase name="test_job_by_slug_12" assertions="4" time="0.162455">
  </testcase>
  <testcase name="test_job_by_slug_13" assertions="4" time="0.160098">
  </testcase>
  <testcase name="test_job_by_slug_14" assertions="4" time="0.163744">
  </testcase>
  <testcase name="test_job_by_slug_15" assertions="4" time="0.165795">
  </testcase>
  <testcase name="test_job_by_slug_16" assertions="4" time="0.159465">
  </testcase>
  <testcase name="test_job_by_slug_17" assertions="4" time="0.160232">
  </testcase>
  <testcase name="test_job_by_slug_18" assertions="4" time="0.159832">
  </testcase>
  <testcase name="test_job_by_slug_19" assertions="4" time="0.162706">
  </testcase>
  <testcase name="test_job_by_slug_2" assertions="4" time="0.160596">
  </testcase>
  <testcase name="test_job_by_slug_20" assertions="4" time="0.161501">
  </testcase>
  <testcase name="test_job_by_slug_21" assertions="4" time="0.160202">
  </testcase>
  <testcase name="test_job_by_slug_22" assertions="4" time="0.16005">
  </testcase>
  <testcase name="test_job_by_slug_23" assertions="4" time="0.163813">
  </testcase>
  <testcase name="test_job_by_slug_24" assertions="4" time="0.197231">
  </testcase>
  <testcase name="test_job_by_slug_25" assertions="4" time="0.162878">
  </testcase>
  <testcase name="test_job_by_slug_26" assertions="4" time="0.163911">
  </testcase>
  <testcase name="test_job_by_slug_27" assertions="4" time="0.160931">
  </testcase>
  <testcase name="test_job_by_slug_28" assertions="4" time="0.160113">
  </testcase>
  <testcase name="test_job_by_slug_29" assertions="4" time="0.178863">
  </testcase>
  <testcase name="test_job_by_slug_3" assertions="4" time="0.159568">
  </testcase>
  <testcase name="test_job_by_slug_4" assertions="4" time="0.162349">
  </testcase>
  <testcase name="test_job_by_slug_5" assertions="4" time="0.160351">
  </testcase>
  <testcase name="test_job_by_slug_6" assertions="4" time="0.162433">
  </testcase>
  <testcase name="test_job_by_slug_7" assertions="4" time="0.163506">
  </testcase>
  <testcase name="test_job_by_slug_8" assertions="4" time="0.205093">
  </testcase>
  <testcase name="test_job_by_slug_9" assertions="4" time="0.169158">
  </testcase>
  <testcase name="test_job_by_status_active" assertions="1" time="0.519379">
    <failure type="Test::Unit::AssertionFailedError" message="The title values are equal for deleted....">
The title values are equal for deleted.
&lt;"Manager Packaged Goods"&gt; expected to be =~
&lt;/Research\ Telemarketing\ Representative/&gt;. (Test::Unit::AssertionFailedError)
regression.rb:138:in `test_job_by_status_active'
regression.rb:137:in `each'
regression.rb:137:in `test_job_by_status_active'    </failure>
  </testcase>
  <testcase name="test_job_by_status_deleted" assertions="21" time="0.384681">
    <failure type="Test::Unit::AssertionFailedError" message="The title values are equal for ....">
The title values are equal for .
&lt;"Sales Development Specialist"&gt; expected to be =~
&lt;/Analytics\ Producer\ \-\ Gourmet\ Live/&gt;. (Test::Unit::AssertionFailedError)
regression.rb:138:in `test_job_by_status_deleted'
regression.rb:137:in `each'
regression.rb:137:in `test_job_by_status_deleted'    </failure>
  </testcase>
  <testcase name="test_job_by_status_filled" assertions="40" time="0.32152">
  </testcase>
  <testcase name="test_job_by_status_pending" assertions="1" time="1.684221">
    <failure type="Test::Unit::AssertionFailedError" message="The title values are equal for deleted....">
The title values are equal for deleted.
&lt;"SBS HR Publishing Coordinator Job"&gt; expected to be =~
&lt;/Financial\ Analyst\ Business\ Planning/&gt;. (Test::Unit::AssertionFailedError)
regression.rb:138:in `test_job_by_status_pending'
regression.rb:137:in `each'
regression.rb:137:in `test_job_by_status_pending'    </failure>
  </testcase>
  <testcase name="test_jobs_by_company_id_0" assertions="40" time="0.387403">
  </testcase>
  <testcase name="test_jobs_by_company_id_1" assertions="1" time="0.424883">
    <failure type="Test::Unit::AssertionFailedError" message="The title values are equal for 2....">
The title values are equal for 2.
&lt;"Web Associate"&gt; expected to be =~
&lt;/Research\ Telemarketing\ Representative/&gt;. (Test::Unit::AssertionFailedError)
regression.rb:100:in `test_jobs_by_company_id_1'
regression.rb:99:in `each'
regression.rb:99:in `test_jobs_by_company_id_1'    </failure>
  </testcase>
  <testcase name="test_jobs_by_company_id_10" assertions="1" time="0.756502">
    <failure type="Test::Unit::AssertionFailedError" message="The title values are equal for 2....">
The title values are equal for 2.
&lt;"Director Sales Operations I-516874"&gt; expected to be =~
&lt;/HPCS\ Cloud\ Support\ Technical\ Consultant\ \-\ 658594/&gt;. (Test::Unit::AssertionFailedError)
regression.rb:100:in `test_jobs_by_company_id_10'
regression.rb:99:in `each'
regression.rb:99:in `test_jobs_by_company_id_10'    </failure>
  </testcase>
  <testcase name="test_jobs_by_company_id_11" assertions="40" time="0.370652">
  </testcase>
  <testcase name="test_jobs_by_company_id_12" assertions="1" time="0.547608">
    <failure type="Test::Unit::AssertionFailedError" message="The title values are equal for 2....">
The title values are equal for 2.
&lt;"Medical Director, Product Leader - Infectious Disease Job"&gt; expected to be =~
&lt;/Dutch\ Service\ Analyst/&gt;. (Test::Unit::AssertionFailedError)
regression.rb:100:in `test_jobs_by_company_id_12'
regression.rb:99:in `each'
regression.rb:99:in `test_jobs_by_company_id_12'    </failure>
  </testcase>
  <testcase name="test_jobs_by_company_id_13" assertions="5" time="0.380468">
    <failure type="Test::Unit::AssertionFailedError" message="The title values are equal for 3....">
The title values are equal for 3.
&lt;"MS/PhD Fulltime Recent College Graduate"&gt; expected to be =~
&lt;/ST\ Group\ Grad\ Intern/&gt;. (Test::Unit::AssertionFailedError)
regression.rb:100:in `test_jobs_by_company_id_13'
regression.rb:99:in `each'
regression.rb:99:in `test_jobs_by_company_id_13'    </failure>
  </testcase>
  <testcase name="test_jobs_by_company_id_14" assertions="1" time="0.425912">
    <failure type="Test::Unit::AssertionFailedError" message="The title values are equal for 2....">
The title values are equal for 2.
&lt;"Finance Office Assistant (Part-time)"&gt; expected to be =~
&lt;/Jr\.\ Data\ Services\ Engineer/&gt;. (Test::Unit::AssertionFailedError)
regression.rb:100:in `test_jobs_by_company_id_14'
regression.rb:99:in `each'
regression.rb:99:in `test_jobs_by_company_id_14'    </failure>
  </testcase>
  <testcase name="test_jobs_by_company_id_15" assertions="25" time="0.544461">
    <failure type="Test::Unit::AssertionFailedError" message="The title values are equal for 8....">
The title values are equal for 8.
&lt;"Account Manager 1 NBM- Connecticut, Small Business"&gt; expected to be =~
&lt;/Account\ Manager\ 1\-Kansas\ City,\ MO/&gt;. (Test::Unit::AssertionFailedError)
regression.rb:100:in `test_jobs_by_company_id_15'
regression.rb:99:in `each'
regression.rb:99:in `test_jobs_by_company_id_15'    </failure>
  </testcase>
  <testcase name="test_jobs_by_company_id_16" assertions="4" time="0.168105">
  </testcase>
  <testcase name="test_jobs_by_company_id_17" assertions="1" time="0.543929">
    <failure type="Test::Unit::AssertionFailedError" message="The title values are equal for 2....">
The title values are equal for 2.
&lt;"Capital Markets Market Risk Analyst"&gt; expected to be =~
&lt;/Mortgage\ Loan\ Officer\ \-\ Aiken,\ SC/&gt;. (Test::Unit::AssertionFailedError)
regression.rb:100:in `test_jobs_by_company_id_17'
regression.rb:99:in `each'
regression.rb:99:in `test_jobs_by_company_id_17'    </failure>
  </testcase>
  <testcase name="test_jobs_by_company_id_18" assertions="1" time="0.482364">
    <failure type="Test::Unit::AssertionFailedError" message="The title values are equal for 2....">
The title values are equal for 2.
&lt;"Accounting Manager"&gt; expected to be =~
&lt;/Engineering\ Opportunities/&gt;. (Test::Unit::AssertionFailedError)
regression.rb:100:in `test_jobs_by_company_id_18'
regression.rb:99:in `each'
regression.rb:99:in `test_jobs_by_company_id_18'    </failure>
  </testcase>
  <testcase name="test_jobs_by_company_id_19" assertions="40" time="0.887328">
  </testcase>
  <testcase name="test_jobs_by_company_id_2" assertions="8" time="0.166697">
  </testcase>
  <testcase name="test_jobs_by_company_id_20" assertions="40" time="0.485587">
  </testcase>
  <testcase name="test_jobs_by_company_id_21" assertions="4" time="0.163178">
  </testcase>
  <testcase name="test_jobs_by_company_id_22" assertions="28" time="0.276543">
  </testcase>
  <testcase name="test_jobs_by_company_id_23" assertions="1" time="0.480477">
    <failure type="Test::Unit::AssertionFailedError" message="The title values are equal for 2....">
The title values are equal for 2.
&lt;"Product Manager- Women's Healthcare"&gt; expected to be =~
&lt;/Senior\ Network\ Engineer\ /&gt;. (Test::Unit::AssertionFailedError)
regression.rb:100:in `test_jobs_by_company_id_23'
regression.rb:99:in `each'
regression.rb:99:in `test_jobs_by_company_id_23'    </failure>
  </testcase>
  <testcase name="test_jobs_by_company_id_24" assertions="9" time="0.377011">
    <failure type="Test::Unit::AssertionFailedError" message="The title values are equal for 4....">
The title values are equal for 4.
&lt;"Client Success Manager"&gt; expected to be =~
&lt;/Graphic\ Design\ Internship/&gt;. (Test::Unit::AssertionFailedError)
regression.rb:100:in `test_jobs_by_company_id_24'
regression.rb:99:in `each'
regression.rb:99:in `test_jobs_by_company_id_24'    </failure>
  </testcase>
  <testcase name="test_jobs_by_company_id_25" assertions="1" time="0.401576">
    <failure type="Test::Unit::AssertionFailedError" message="The title values are equal for 2....">
The title values are equal for 2.
&lt;"Junior Revenue Accountant"&gt; expected to be =~
&lt;/QA\ Software\ Engineer/&gt;. (Test::Unit::AssertionFailedError)
regression.rb:100:in `test_jobs_by_company_id_25'
regression.rb:99:in `each'
regression.rb:99:in `test_jobs_by_company_id_25'    </failure>
  </testcase>
  <testcase name="test_jobs_by_company_id_26" assertions="1" time="0.967877">
    <failure type="Test::Unit::AssertionFailedError" message="The title values are equal for 2....">
The title values are equal for 2.
&lt;"* Bilingual Retail Sales Associate*"&gt; expected to be =~
&lt;/Engineer,\ RF\ Deployment/&gt;. (Test::Unit::AssertionFailedError)
regression.rb:100:in `test_jobs_by_company_id_26'
regression.rb:99:in `each'
regression.rb:99:in `test_jobs_by_company_id_26'    </failure>
  </testcase>
  <testcase name="test_jobs_by_company_id_27" assertions="24" time="0.325">
  </testcase>
  <testcase name="test_jobs_by_company_id_28" assertions="8" time="0.165441">
  </testcase>
  <testcase name="test_jobs_by_company_id_29" assertions="1" time="0.374773">
    <failure type="Test::Unit::AssertionFailedError" message="The title values are equal for 2....">
The title values are equal for 2.
&lt;"Success Manager"&gt; expected to be =~
&lt;/QA\ Engineer\ /&gt;. (Test::Unit::AssertionFailedError)
regression.rb:100:in `test_jobs_by_company_id_29'
regression.rb:99:in `each'
regression.rb:99:in `test_jobs_by_company_id_29'    </failure>
  </testcase>
  <testcase name="test_jobs_by_company_id_3" assertions="40" time="0.379407">
  </testcase>
  <testcase name="test_jobs_by_company_id_4" assertions="40" time="0.383174">
  </testcase>
  <testcase name="test_jobs_by_company_id_5" assertions="40" time="0.328456">
  </testcase>
  <testcase name="test_jobs_by_company_id_6" assertions="40" time="0.392696">
  </testcase>
  <testcase name="test_jobs_by_company_id_7" assertions="1" time="0.436355">
    <failure type="Test::Unit::AssertionFailedError" message="The title values are equal for 2....">
The title values are equal for 2.
&lt;"Product Manager - AWS CloudFront"&gt; expected to be =~
&lt;/Sr\ Demand\ Planner,\ Kindle/&gt;. (Test::Unit::AssertionFailedError)
regression.rb:100:in `test_jobs_by_company_id_7'
regression.rb:99:in `each'
regression.rb:99:in `test_jobs_by_company_id_7'    </failure>
  </testcase>
  <testcase name="test_jobs_by_company_id_8" assertions="1" time="0.51996">
    <failure type="Test::Unit::AssertionFailedError" message="The title values are equal for 2....">
The title values are equal for 2.
&lt;"Inbound Sales Specialist"&gt; expected to be =~
&lt;/Systems\ Support\ Analyst\ 4/&gt;. (Test::Unit::AssertionFailedError)
regression.rb:100:in `test_jobs_by_company_id_8'
regression.rb:99:in `each'
regression.rb:99:in `test_jobs_by_company_id_8'    </failure>
  </testcase>
  <testcase name="test_jobs_by_company_id_9" assertions="13" time="0.516245">
    <failure type="Test::Unit::AssertionFailedError" message="The title values are equal for 5....">
The title values are equal for 5.
&lt;"Sr Mgr Engineering"&gt; expected to be =~
&lt;/Operational\ Software\/Test\ Engineer/&gt;. (Test::Unit::AssertionFailedError)
regression.rb:100:in `test_jobs_by_company_id_9'
regression.rb:99:in `each'
regression.rb:99:in `test_jobs_by_company_id_9'    </failure>
  </testcase>
  <testcase name="test_questions_for_a_job" assertions="122" time="0.449849">
  </testcase>
  <testcase name="test_search_jobs_by_title_text" assertions="30" time="1.746376">
  </testcase>
  <system-out>
  </system-out>
  <system-err>
  </system-err>
</testsuite>
