<?xml version="1.0" encoding="UTF-8"?>
<testsuite failures="19" tests="132" skipped="0" name="JobServiceRegression" assertions="2499" time="192.774408" errors="13">
  <testcase name="test_connection" assertions="0" time="0.369872">
  </testcase>
  <testcase name="test_job_by_categoryid_1" assertions="40" time="25.41604">
  </testcase>
  <testcase name="test_job_by_categoryid_10" assertions="40" time="2.179203">
  </testcase>
  <testcase name="test_job_by_categoryid_11" assertions="40" time="9.260874">
  </testcase>
  <testcase name="test_job_by_categoryid_12" assertions="40" time="16.086309">
  </testcase>
  <testcase name="test_job_by_categoryid_13" assertions="40" time="19.45589">
  </testcase>
  <testcase name="test_job_by_categoryid_14" assertions="40" time="2.008793">
  </testcase>
  <testcase name="test_job_by_categoryid_15" assertions="40" time="1.596791">
  </testcase>
  <testcase name="test_job_by_categoryid_16" assertions="40" time="5.111215">
  </testcase>
  <testcase name="test_job_by_categoryid_17" assertions="40" time="6.420784">
  </testcase>
  <testcase name="test_job_by_categoryid_18" assertions="40" time="0.99023">
  </testcase>
  <testcase name="test_job_by_categoryid_19" assertions="40" time="1.834774">
  </testcase>
  <testcase name="test_job_by_categoryid_2" assertions="40" time="2.610579">
  </testcase>
  <testcase name="test_job_by_categoryid_3" assertions="40" time="8.32898">
  </testcase>
  <testcase name="test_job_by_categoryid_4" assertions="40" time="5.956213">
  </testcase>
  <testcase name="test_job_by_categoryid_5" assertions="40" time="5.933195">
  </testcase>
  <testcase name="test_job_by_categoryid_6" assertions="40" time="2.957201">
  </testcase>
  <testcase name="test_job_by_categoryid_7" assertions="40" time="7.616976">
  </testcase>
  <testcase name="test_job_by_categoryid_8" assertions="40" time="14.845868">
  </testcase>
  <testcase name="test_job_by_categoryid_9" assertions="40" time="4.316371">
  </testcase>
  <testcase name="test_job_by_company_id_0" assertions="40" time="0.492896">
  </testcase>
  <testcase name="test_job_by_company_id_1" assertions="1" time="0.492268">
    <failure type="Test::Unit::AssertionFailedError" message="The title values are equal for 2....">
The title values are equal for 2.
&lt;"Web Associate"&gt; expected to be =~
&lt;/Research\ Telemarketing\ Representative/&gt;. (Test::Unit::AssertionFailedError)
regression.rb:100:in `test_job_by_company_id_1'
regression.rb:99:in `each'
regression.rb:99:in `test_job_by_company_id_1'    </failure>
  </testcase>
  <testcase name="test_job_by_company_id_10" assertions="1" time="0.893795">
    <failure type="Test::Unit::AssertionFailedError" message="The title values are equal for 2....">
The title values are equal for 2.
&lt;"Director Sales Operations I-516874"&gt; expected to be =~
&lt;/HPCS\ Cloud\ Support\ Technical\ Consultant\ \-\ 658594/&gt;. (Test::Unit::AssertionFailedError)
regression.rb:100:in `test_job_by_company_id_10'
regression.rb:99:in `each'
regression.rb:99:in `test_job_by_company_id_10'    </failure>
  </testcase>
  <testcase name="test_job_by_company_id_11" assertions="40" time="0.505562">
  </testcase>
  <testcase name="test_job_by_company_id_12" assertions="1" time="0.888354">
    <failure type="Test::Unit::AssertionFailedError" message="The title values are equal for 2....">
The title values are equal for 2.
&lt;"Medical Director, Product Leader - Infectious Disease Job"&gt; expected to be =~
&lt;/Dutch\ Service\ Analyst/&gt;. (Test::Unit::AssertionFailedError)
regression.rb:100:in `test_job_by_company_id_12'
regression.rb:99:in `each'
regression.rb:99:in `test_job_by_company_id_12'    </failure>
  </testcase>
  <testcase name="test_job_by_company_id_13" assertions="5" time="1.494691">
    <failure type="Test::Unit::AssertionFailedError" message="The title values are equal for 3....">
The title values are equal for 3.
&lt;"MS/PhD Fulltime Recent College Graduate"&gt; expected to be =~
&lt;/ST\ Group\ Grad\ Intern/&gt;. (Test::Unit::AssertionFailedError)
regression.rb:100:in `test_job_by_company_id_13'
regression.rb:99:in `each'
regression.rb:99:in `test_job_by_company_id_13'    </failure>
  </testcase>
  <testcase name="test_job_by_company_id_14" assertions="1" time="0.695341">
    <failure type="Test::Unit::AssertionFailedError" message="The title values are equal for 2....">
The title values are equal for 2.
&lt;"Finance Office Assistant (Part-time)"&gt; expected to be =~
&lt;/Jr\.\ Data\ Services\ Engineer/&gt;. (Test::Unit::AssertionFailedError)
regression.rb:100:in `test_job_by_company_id_14'
regression.rb:99:in `each'
regression.rb:99:in `test_job_by_company_id_14'    </failure>
  </testcase>
  <testcase name="test_job_by_company_id_15" assertions="25" time="0.659803">
    <failure type="Test::Unit::AssertionFailedError" message="The title values are equal for 8....">
The title values are equal for 8.
&lt;"Account Manager 1 NBM- Connecticut, Small Business"&gt; expected to be =~
&lt;/Account\ Manager\ 1\-Kansas\ City,\ MO/&gt;. (Test::Unit::AssertionFailedError)
regression.rb:100:in `test_job_by_company_id_15'
regression.rb:99:in `each'
regression.rb:99:in `test_job_by_company_id_15'    </failure>
  </testcase>
  <testcase name="test_job_by_company_id_16" assertions="4" time="0.188077">
    <failure type="NoMethodError" message="undefined method `[]' for nil:NilClass">
undefined method `[]' for nil:NilClass (NoMethodError)
regression.rb:100:in `test_job_by_company_id_16'
regression.rb:99:in `each'
regression.rb:99:in `test_job_by_company_id_16'
/opt/local/lib/ruby/gems/1.8/gems/test-unit-2.0.9/lib/test/unit/testcase.rb:452:in `__send__'
/opt/local/lib/ruby/gems/1.8/gems/test-unit-2.0.9/lib/test/unit/testcase.rb:452:in `run_test'
/opt/local/lib/ruby/gems/1.8/gems/test-unit-2.0.9/lib/test/unit/testcase.rb:320:in `run'
/opt/local/lib/ruby/gems/1.8/gems/test-unit-2.0.9/lib/test/unit/testsuite.rb:38:in `run'
/opt/local/lib/ruby/gems/1.8/gems/test-unit-2.0.9/lib/test/unit/testsuite.rb:37:in `each'
/opt/local/lib/ruby/gems/1.8/gems/test-unit-2.0.9/lib/test/unit/testsuite.rb:37:in `run'
/opt/local/lib/ruby/gems/1.8/gems/test-unit-2.0.9/lib/test/unit/testsuite.rb:38:in `run'
/opt/local/lib/ruby/gems/1.8/gems/test-unit-2.0.9/lib/test/unit/testsuite.rb:37:in `each'
/opt/local/lib/ruby/gems/1.8/gems/test-unit-2.0.9/lib/test/unit/testsuite.rb:37:in `run'
/opt/local/lib/ruby/gems/1.8/gems/test-unit-2.0.9/lib/test/unit/ui/testrunnermediator.rb:48:in `run_suite'
/opt/local/lib/ruby/gems/1.8/gems/test-unit-2.0.9/lib/test/unit/ui/console/testrunner.rb:82:in `start_mediator'
/opt/local/lib/ruby/gems/1.8/gems/test-unit-2.0.9/lib/test/unit/ui/console/testrunner.rb:52:in `start'
/opt/local/lib/ruby/gems/1.8/gems/test-unit-2.0.9/lib/test/unit/ui/testrunnerutilities.rb:24:in `run'
/opt/local/lib/ruby/gems/1.8/gems/test-unit-2.0.9/lib/test/unit/autorunner.rb:304:in `run'
/opt/local/lib/ruby/gems/1.8/gems/test-unit-2.0.9/lib/test/unit/autorunner.rb:52:in `run'
/opt/local/lib/ruby/gems/1.8/gems/test-unit-2.0.9/lib/test/unit.rb:321
regression.rb:345    </failure>
  </testcase>
  <testcase name="test_job_by_company_id_17" assertions="1" time="0.671207">
    <failure type="Test::Unit::AssertionFailedError" message="The title values are equal for 2....">
The title values are equal for 2.
&lt;"Capital Markets Market Risk Analyst"&gt; expected to be =~
&lt;/Sr\ Tech\ Mgr\ \-\ Apps\ Prog/&gt;. (Test::Unit::AssertionFailedError)
regression.rb:100:in `test_job_by_company_id_17'
regression.rb:99:in `each'
regression.rb:99:in `test_job_by_company_id_17'    </failure>
  </testcase>
  <testcase name="test_job_by_company_id_18" assertions="1" time="0.800452">
    <failure type="Test::Unit::AssertionFailedError" message="The title values are equal for 2....">
The title values are equal for 2.
&lt;"Accounting Manager"&gt; expected to be =~
&lt;/Engineering\ Opportunities/&gt;. (Test::Unit::AssertionFailedError)
regression.rb:100:in `test_job_by_company_id_18'
regression.rb:99:in `each'
regression.rb:99:in `test_job_by_company_id_18'    </failure>
  </testcase>
  <testcase name="test_job_by_company_id_19" assertions="40" time="1.112524">
  </testcase>
  <testcase name="test_job_by_company_id_2" assertions="8" time="0.235452">
    <failure type="NoMethodError" message="undefined method `[]' for nil:NilClass">
undefined method `[]' for nil:NilClass (NoMethodError)
regression.rb:100:in `test_job_by_company_id_2'
regression.rb:99:in `each'
regression.rb:99:in `test_job_by_company_id_2'
/opt/local/lib/ruby/gems/1.8/gems/test-unit-2.0.9/lib/test/unit/testcase.rb:452:in `__send__'
/opt/local/lib/ruby/gems/1.8/gems/test-unit-2.0.9/lib/test/unit/testcase.rb:452:in `run_test'
/opt/local/lib/ruby/gems/1.8/gems/test-unit-2.0.9/lib/test/unit/testcase.rb:320:in `run'
/opt/local/lib/ruby/gems/1.8/gems/test-unit-2.0.9/lib/test/unit/testsuite.rb:38:in `run'
/opt/local/lib/ruby/gems/1.8/gems/test-unit-2.0.9/lib/test/unit/testsuite.rb:37:in `each'
/opt/local/lib/ruby/gems/1.8/gems/test-unit-2.0.9/lib/test/unit/testsuite.rb:37:in `run'
/opt/local/lib/ruby/gems/1.8/gems/test-unit-2.0.9/lib/test/unit/testsuite.rb:38:in `run'
/opt/local/lib/ruby/gems/1.8/gems/test-unit-2.0.9/lib/test/unit/testsuite.rb:37:in `each'
/opt/local/lib/ruby/gems/1.8/gems/test-unit-2.0.9/lib/test/unit/testsuite.rb:37:in `run'
/opt/local/lib/ruby/gems/1.8/gems/test-unit-2.0.9/lib/test/unit/ui/testrunnermediator.rb:48:in `run_suite'
/opt/local/lib/ruby/gems/1.8/gems/test-unit-2.0.9/lib/test/unit/ui/console/testrunner.rb:82:in `start_mediator'
/opt/local/lib/ruby/gems/1.8/gems/test-unit-2.0.9/lib/test/unit/ui/console/testrunner.rb:52:in `start'
/opt/local/lib/ruby/gems/1.8/gems/test-unit-2.0.9/lib/test/unit/ui/testrunnerutilities.rb:24:in `run'
/opt/local/lib/ruby/gems/1.8/gems/test-unit-2.0.9/lib/test/unit/autorunner.rb:304:in `run'
/opt/local/lib/ruby/gems/1.8/gems/test-unit-2.0.9/lib/test/unit/autorunner.rb:52:in `run'
/opt/local/lib/ruby/gems/1.8/gems/test-unit-2.0.9/lib/test/unit.rb:321
regression.rb:345    </failure>
  </testcase>
  <testcase name="test_job_by_company_id_20" assertions="40" time="0.729225">
  </testcase>
  <testcase name="test_job_by_company_id_21" assertions="4" time="0.235063">
    <failure type="NoMethodError" message="undefined method `[]' for nil:NilClass">
undefined method `[]' for nil:NilClass (NoMethodError)
regression.rb:100:in `test_job_by_company_id_21'
regression.rb:99:in `each'
regression.rb:99:in `test_job_by_company_id_21'
/opt/local/lib/ruby/gems/1.8/gems/test-unit-2.0.9/lib/test/unit/testcase.rb:452:in `__send__'
/opt/local/lib/ruby/gems/1.8/gems/test-unit-2.0.9/lib/test/unit/testcase.rb:452:in `run_test'
/opt/local/lib/ruby/gems/1.8/gems/test-unit-2.0.9/lib/test/unit/testcase.rb:320:in `run'
/opt/local/lib/ruby/gems/1.8/gems/test-unit-2.0.9/lib/test/unit/testsuite.rb:38:in `run'
/opt/local/lib/ruby/gems/1.8/gems/test-unit-2.0.9/lib/test/unit/testsuite.rb:37:in `each'
/opt/local/lib/ruby/gems/1.8/gems/test-unit-2.0.9/lib/test/unit/testsuite.rb:37:in `run'
/opt/local/lib/ruby/gems/1.8/gems/test-unit-2.0.9/lib/test/unit/testsuite.rb:38:in `run'
/opt/local/lib/ruby/gems/1.8/gems/test-unit-2.0.9/lib/test/unit/testsuite.rb:37:in `each'
/opt/local/lib/ruby/gems/1.8/gems/test-unit-2.0.9/lib/test/unit/testsuite.rb:37:in `run'
/opt/local/lib/ruby/gems/1.8/gems/test-unit-2.0.9/lib/test/unit/ui/testrunnermediator.rb:48:in `run_suite'
/opt/local/lib/ruby/gems/1.8/gems/test-unit-2.0.9/lib/test/unit/ui/console/testrunner.rb:82:in `start_mediator'
/opt/local/lib/ruby/gems/1.8/gems/test-unit-2.0.9/lib/test/unit/ui/console/testrunner.rb:52:in `start'
/opt/local/lib/ruby/gems/1.8/gems/test-unit-2.0.9/lib/test/unit/ui/testrunnerutilities.rb:24:in `run'
/opt/local/lib/ruby/gems/1.8/gems/test-unit-2.0.9/lib/test/unit/autorunner.rb:304:in `run'
/opt/local/lib/ruby/gems/1.8/gems/test-unit-2.0.9/lib/test/unit/autorunner.rb:52:in `run'
/opt/local/lib/ruby/gems/1.8/gems/test-unit-2.0.9/lib/test/unit.rb:321
regression.rb:345    </failure>
  </testcase>
  <testcase name="test_job_by_company_id_22" assertions="28" time="0.437089">
    <failure type="NoMethodError" message="undefined method `[]' for nil:NilClass">
undefined method `[]' for nil:NilClass (NoMethodError)
regression.rb:100:in `test_job_by_company_id_22'
regression.rb:99:in `each'
regression.rb:99:in `test_job_by_company_id_22'
/opt/local/lib/ruby/gems/1.8/gems/test-unit-2.0.9/lib/test/unit/testcase.rb:452:in `__send__'
/opt/local/lib/ruby/gems/1.8/gems/test-unit-2.0.9/lib/test/unit/testcase.rb:452:in `run_test'
/opt/local/lib/ruby/gems/1.8/gems/test-unit-2.0.9/lib/test/unit/testcase.rb:320:in `run'
/opt/local/lib/ruby/gems/1.8/gems/test-unit-2.0.9/lib/test/unit/testsuite.rb:38:in `run'
/opt/local/lib/ruby/gems/1.8/gems/test-unit-2.0.9/lib/test/unit/testsuite.rb:37:in `each'
/opt/local/lib/ruby/gems/1.8/gems/test-unit-2.0.9/lib/test/unit/testsuite.rb:37:in `run'
/opt/local/lib/ruby/gems/1.8/gems/test-unit-2.0.9/lib/test/unit/testsuite.rb:38:in `run'
/opt/local/lib/ruby/gems/1.8/gems/test-unit-2.0.9/lib/test/unit/testsuite.rb:37:in `each'
/opt/local/lib/ruby/gems/1.8/gems/test-unit-2.0.9/lib/test/unit/testsuite.rb:37:in `run'
/opt/local/lib/ruby/gems/1.8/gems/test-unit-2.0.9/lib/test/unit/ui/testrunnermediator.rb:48:in `run_suite'
/opt/local/lib/ruby/gems/1.8/gems/test-unit-2.0.9/lib/test/unit/ui/console/testrunner.rb:82:in `start_mediator'
/opt/local/lib/ruby/gems/1.8/gems/test-unit-2.0.9/lib/test/unit/ui/console/testrunner.rb:52:in `start'
/opt/local/lib/ruby/gems/1.8/gems/test-unit-2.0.9/lib/test/unit/ui/testrunnerutilities.rb:24:in `run'
/opt/local/lib/ruby/gems/1.8/gems/test-unit-2.0.9/lib/test/unit/autorunner.rb:304:in `run'
/opt/local/lib/ruby/gems/1.8/gems/test-unit-2.0.9/lib/test/unit/autorunner.rb:52:in `run'
/opt/local/lib/ruby/gems/1.8/gems/test-unit-2.0.9/lib/test/unit.rb:321
regression.rb:345    </failure>
  </testcase>
  <testcase name="test_job_by_company_id_23" assertions="1" time="0.656948">
    <failure type="Test::Unit::AssertionFailedError" message="The title values are equal for 2....">
The title values are equal for 2.
&lt;"Product Manager- Women's Healthcare"&gt; expected to be =~
&lt;/Senior\ Network\ Engineer\ /&gt;. (Test::Unit::AssertionFailedError)
regression.rb:100:in `test_job_by_company_id_23'
regression.rb:99:in `each'
regression.rb:99:in `test_job_by_company_id_23'    </failure>
  </testcase>
  <testcase name="test_job_by_company_id_24" assertions="9" time="0.44929">
    <failure type="Test::Unit::AssertionFailedError" message="The title values are equal for 4....">
The title values are equal for 4.
&lt;"Client Success Manager"&gt; expected to be =~
&lt;/Graphic\ Design\ Internship/&gt;. (Test::Unit::AssertionFailedError)
regression.rb:100:in `test_job_by_company_id_24'
regression.rb:99:in `each'
regression.rb:99:in `test_job_by_company_id_24'    </failure>
  </testcase>
  <testcase name="test_job_by_company_id_25" assertions="1" time="0.542139">
    <failure type="Test::Unit::AssertionFailedError" message="The title values are equal for 2....">
The title values are equal for 2.
&lt;"Junior Revenue Accountant"&gt; expected to be =~
&lt;/QA\ Software\ Engineer/&gt;. (Test::Unit::AssertionFailedError)
regression.rb:100:in `test_job_by_company_id_25'
regression.rb:99:in `each'
regression.rb:99:in `test_job_by_company_id_25'    </failure>
  </testcase>
  <testcase name="test_job_by_company_id_26" assertions="1" time="1.033298">
    <failure type="Test::Unit::AssertionFailedError" message="The title values are equal for 2....">
The title values are equal for 2.
&lt;"* Bilingual Retail Sales Associate*"&gt; expected to be =~
&lt;/Engineer,\ RF\ Deployment/&gt;. (Test::Unit::AssertionFailedError)
regression.rb:100:in `test_job_by_company_id_26'
regression.rb:99:in `each'
regression.rb:99:in `test_job_by_company_id_26'    </failure>
  </testcase>
  <testcase name="test_job_by_company_id_27" assertions="24" time="0.538208">
    <failure type="NoMethodError" message="undefined method `[]' for nil:NilClass">
undefined method `[]' for nil:NilClass (NoMethodError)
regression.rb:100:in `test_job_by_company_id_27'
regression.rb:99:in `each'
regression.rb:99:in `test_job_by_company_id_27'
/opt/local/lib/ruby/gems/1.8/gems/test-unit-2.0.9/lib/test/unit/testcase.rb:452:in `__send__'
/opt/local/lib/ruby/gems/1.8/gems/test-unit-2.0.9/lib/test/unit/testcase.rb:452:in `run_test'
/opt/local/lib/ruby/gems/1.8/gems/test-unit-2.0.9/lib/test/unit/testcase.rb:320:in `run'
/opt/local/lib/ruby/gems/1.8/gems/test-unit-2.0.9/lib/test/unit/testsuite.rb:38:in `run'
/opt/local/lib/ruby/gems/1.8/gems/test-unit-2.0.9/lib/test/unit/testsuite.rb:37:in `each'
/opt/local/lib/ruby/gems/1.8/gems/test-unit-2.0.9/lib/test/unit/testsuite.rb:37:in `run'
/opt/local/lib/ruby/gems/1.8/gems/test-unit-2.0.9/lib/test/unit/testsuite.rb:38:in `run'
/opt/local/lib/ruby/gems/1.8/gems/test-unit-2.0.9/lib/test/unit/testsuite.rb:37:in `each'
/opt/local/lib/ruby/gems/1.8/gems/test-unit-2.0.9/lib/test/unit/testsuite.rb:37:in `run'
/opt/local/lib/ruby/gems/1.8/gems/test-unit-2.0.9/lib/test/unit/ui/testrunnermediator.rb:48:in `run_suite'
/opt/local/lib/ruby/gems/1.8/gems/test-unit-2.0.9/lib/test/unit/ui/console/testrunner.rb:82:in `start_mediator'
/opt/local/lib/ruby/gems/1.8/gems/test-unit-2.0.9/lib/test/unit/ui/console/testrunner.rb:52:in `start'
/opt/local/lib/ruby/gems/1.8/gems/test-unit-2.0.9/lib/test/unit/ui/testrunnerutilities.rb:24:in `run'
/opt/local/lib/ruby/gems/1.8/gems/test-unit-2.0.9/lib/test/unit/autorunner.rb:304:in `run'
/opt/local/lib/ruby/gems/1.8/gems/test-unit-2.0.9/lib/test/unit/autorunner.rb:52:in `run'
/opt/local/lib/ruby/gems/1.8/gems/test-unit-2.0.9/lib/test/unit.rb:321
regression.rb:345    </failure>
  </testcase>
  <testcase name="test_job_by_company_id_28" assertions="8" time="0.25626">
    <failure type="NoMethodError" message="undefined method `[]' for nil:NilClass">
undefined method `[]' for nil:NilClass (NoMethodError)
regression.rb:100:in `test_job_by_company_id_28'
regression.rb:99:in `each'
regression.rb:99:in `test_job_by_company_id_28'
/opt/local/lib/ruby/gems/1.8/gems/test-unit-2.0.9/lib/test/unit/testcase.rb:452:in `__send__'
/opt/local/lib/ruby/gems/1.8/gems/test-unit-2.0.9/lib/test/unit/testcase.rb:452:in `run_test'
/opt/local/lib/ruby/gems/1.8/gems/test-unit-2.0.9/lib/test/unit/testcase.rb:320:in `run'
/opt/local/lib/ruby/gems/1.8/gems/test-unit-2.0.9/lib/test/unit/testsuite.rb:38:in `run'
/opt/local/lib/ruby/gems/1.8/gems/test-unit-2.0.9/lib/test/unit/testsuite.rb:37:in `each'
/opt/local/lib/ruby/gems/1.8/gems/test-unit-2.0.9/lib/test/unit/testsuite.rb:37:in `run'
/opt/local/lib/ruby/gems/1.8/gems/test-unit-2.0.9/lib/test/unit/testsuite.rb:38:in `run'
/opt/local/lib/ruby/gems/1.8/gems/test-unit-2.0.9/lib/test/unit/testsuite.rb:37:in `each'
/opt/local/lib/ruby/gems/1.8/gems/test-unit-2.0.9/lib/test/unit/testsuite.rb:37:in `run'
/opt/local/lib/ruby/gems/1.8/gems/test-unit-2.0.9/lib/test/unit/ui/testrunnermediator.rb:48:in `run_suite'
/opt/local/lib/ruby/gems/1.8/gems/test-unit-2.0.9/lib/test/unit/ui/console/testrunner.rb:82:in `start_mediator'
/opt/local/lib/ruby/gems/1.8/gems/test-unit-2.0.9/lib/test/unit/ui/console/testrunner.rb:52:in `start'
/opt/local/lib/ruby/gems/1.8/gems/test-unit-2.0.9/lib/test/unit/ui/testrunnerutilities.rb:24:in `run'
/opt/local/lib/ruby/gems/1.8/gems/test-unit-2.0.9/lib/test/unit/autorunner.rb:304:in `run'
/opt/local/lib/ruby/gems/1.8/gems/test-unit-2.0.9/lib/test/unit/autorunner.rb:52:in `run'
/opt/local/lib/ruby/gems/1.8/gems/test-unit-2.0.9/lib/test/unit.rb:321
regression.rb:345    </failure>
  </testcase>
  <testcase name="test_job_by_company_id_29" assertions="1" time="0.657337">
    <failure type="Test::Unit::AssertionFailedError" message="The title values are equal for 2....">
The title values are equal for 2.
&lt;"Success Manager"&gt; expected to be =~
&lt;/QA\ Engineer\ /&gt;. (Test::Unit::AssertionFailedError)
regression.rb:100:in `test_job_by_company_id_29'
regression.rb:99:in `each'
regression.rb:99:in `test_job_by_company_id_29'    </failure>
  </testcase>
  <testcase name="test_job_by_company_id_3" assertions="40" time="0.57023">
  </testcase>
  <testcase name="test_job_by_company_id_4" assertions="40" time="0.493087">
  </testcase>
  <testcase name="test_job_by_company_id_5" assertions="40" time="0.413142">
  </testcase>
  <testcase name="test_job_by_company_id_6" assertions="40" time="0.512596">
  </testcase>
  <testcase name="test_job_by_company_id_7" assertions="1" time="0.685237">
    <failure type="Test::Unit::AssertionFailedError" message="The title values are equal for 2....">
The title values are equal for 2.
&lt;"Product Manager - AWS CloudFront"&gt; expected to be =~
&lt;/Sr\ Demand\ Planner,\ Kindle/&gt;. (Test::Unit::AssertionFailedError)
regression.rb:100:in `test_job_by_company_id_7'
regression.rb:99:in `each'
regression.rb:99:in `test_job_by_company_id_7'    </failure>
  </testcase>
  <testcase name="test_job_by_company_id_8" assertions="1" time="1.369672">
    <failure type="Test::Unit::AssertionFailedError" message="The title values are equal for 2....">
The title values are equal for 2.
&lt;"Inbound Sales Specialist"&gt; expected to be =~
&lt;/Systems\ Support\ Analyst\ 4/&gt;. (Test::Unit::AssertionFailedError)
regression.rb:100:in `test_job_by_company_id_8'
regression.rb:99:in `each'
regression.rb:99:in `test_job_by_company_id_8'    </failure>
  </testcase>
  <testcase name="test_job_by_company_id_9" assertions="13" time="0.822001">
    <failure type="Test::Unit::AssertionFailedError" message="The title values are equal for 5....">
The title values are equal for 5.
&lt;"Sr Mgr Engineering"&gt; expected to be =~
&lt;/Operational\ Software\/Test\ Engineer/&gt;. (Test::Unit::AssertionFailedError)
regression.rb:100:in `test_job_by_company_id_9'
regression.rb:99:in `each'
regression.rb:99:in `test_job_by_company_id_9'    </failure>
  </testcase>
  <testcase name="test_job_by_id_1" assertions="4" time="0.239272">
  </testcase>
  <testcase name="test_job_by_id_112510" assertions="4" time="0.248194">
  </testcase>
  <testcase name="test_job_by_id_1127" assertions="4" time="0.221823">
  </testcase>
  <testcase name="test_job_by_id_119654" assertions="4" time="0.18803">
  </testcase>
  <testcase name="test_job_by_id_14113" assertions="4" time="0.185744">
  </testcase>
  <testcase name="test_job_by_id_18565" assertions="4" time="0.164858">
  </testcase>
  <testcase name="test_job_by_id_25106" assertions="4" time="0.184657">
  </testcase>
  <testcase name="test_job_by_id_2551" assertions="4" time="0.179194">
  </testcase>
  <testcase name="test_job_by_id_25995" assertions="4" time="0.185543">
  </testcase>
  <testcase name="test_job_by_id_2634" assertions="4" time="0.179224">
  </testcase>
  <testcase name="test_job_by_id_2645" assertions="4" time="0.191187">
  </testcase>
  <testcase name="test_job_by_id_26778" assertions="4" time="0.198978">
  </testcase>
  <testcase name="test_job_by_id_26780" assertions="4" time="0.216101">
  </testcase>
  <testcase name="test_job_by_id_275162" assertions="4" time="0.23783">
  </testcase>
  <testcase name="test_job_by_id_28" assertions="4" time="0.231465">
  </testcase>
  <testcase name="test_job_by_id_28517" assertions="4" time="0.223998">
  </testcase>
  <testcase name="test_job_by_id_32436" assertions="4" time="0.240828">
  </testcase>
  <testcase name="test_job_by_id_33067" assertions="4" time="0.234524">
  </testcase>
  <testcase name="test_job_by_id_33883" assertions="4" time="0.228525">
  </testcase>
  <testcase name="test_job_by_id_360129" assertions="4" time="0.249486">
  </testcase>
  <testcase name="test_job_by_id_4377" assertions="4" time="0.335758">
  </testcase>
  <testcase name="test_job_by_id_54389" assertions="4" time="0.239585">
  </testcase>
  <testcase name="test_job_by_id_57735" assertions="4" time="0.23438">
  </testcase>
  <testcase name="test_job_by_id_6468" assertions="4" time="0.249086">
  </testcase>
  <testcase name="test_job_by_id_70675" assertions="4" time="0.225148">
  </testcase>
  <testcase name="test_job_by_id_7404" assertions="4" time="0.22361">
  </testcase>
  <testcase name="test_job_by_id_8" assertions="4" time="0.175772">
  </testcase>
  <testcase name="test_job_by_id_8852" assertions="4" time="0.186974">
  </testcase>
  <testcase name="test_job_by_id_94457" assertions="4" time="0.175468">
  </testcase>
  <testcase name="test_job_by_id_9629" assertions="4" time="0.183896">
  </testcase>
  <testcase name="test_job_by_limit_1" assertions="4" time="0.197965">
    <failure type="NoMethodError" message="undefined method `[]' for nil:NilClass">
undefined method `[]' for nil:NilClass (NoMethodError)
regression.rb:172:in `test_job_by_limit_1'
regression.rb:171:in `each'
regression.rb:171:in `test_job_by_limit_1'
/opt/local/lib/ruby/gems/1.8/gems/test-unit-2.0.9/lib/test/unit/testcase.rb:452:in `__send__'
/opt/local/lib/ruby/gems/1.8/gems/test-unit-2.0.9/lib/test/unit/testcase.rb:452:in `run_test'
/opt/local/lib/ruby/gems/1.8/gems/test-unit-2.0.9/lib/test/unit/testcase.rb:320:in `run'
/opt/local/lib/ruby/gems/1.8/gems/test-unit-2.0.9/lib/test/unit/testsuite.rb:38:in `run'
/opt/local/lib/ruby/gems/1.8/gems/test-unit-2.0.9/lib/test/unit/testsuite.rb:37:in `each'
/opt/local/lib/ruby/gems/1.8/gems/test-unit-2.0.9/lib/test/unit/testsuite.rb:37:in `run'
/opt/local/lib/ruby/gems/1.8/gems/test-unit-2.0.9/lib/test/unit/testsuite.rb:38:in `run'
/opt/local/lib/ruby/gems/1.8/gems/test-unit-2.0.9/lib/test/unit/testsuite.rb:37:in `each'
/opt/local/lib/ruby/gems/1.8/gems/test-unit-2.0.9/lib/test/unit/testsuite.rb:37:in `run'
/opt/local/lib/ruby/gems/1.8/gems/test-unit-2.0.9/lib/test/unit/ui/testrunnermediator.rb:48:in `run_suite'
/opt/local/lib/ruby/gems/1.8/gems/test-unit-2.0.9/lib/test/unit/ui/console/testrunner.rb:82:in `start_mediator'
/opt/local/lib/ruby/gems/1.8/gems/test-unit-2.0.9/lib/test/unit/ui/console/testrunner.rb:52:in `start'
/opt/local/lib/ruby/gems/1.8/gems/test-unit-2.0.9/lib/test/unit/ui/testrunnerutilities.rb:24:in `run'
/opt/local/lib/ruby/gems/1.8/gems/test-unit-2.0.9/lib/test/unit/autorunner.rb:304:in `run'
/opt/local/lib/ruby/gems/1.8/gems/test-unit-2.0.9/lib/test/unit/autorunner.rb:52:in `run'
/opt/local/lib/ruby/gems/1.8/gems/test-unit-2.0.9/lib/test/unit.rb:321
regression.rb:345    </failure>
  </testcase>
  <testcase name="test_job_by_limit_10" assertions="40" time="0.47434">
    <failure type="NoMethodError" message="undefined method `[]' for nil:NilClass">
undefined method `[]' for nil:NilClass (NoMethodError)
regression.rb:172:in `test_job_by_limit_10'
regression.rb:171:in `each'
regression.rb:171:in `test_job_by_limit_10'
/opt/local/lib/ruby/gems/1.8/gems/test-unit-2.0.9/lib/test/unit/testcase.rb:452:in `__send__'
/opt/local/lib/ruby/gems/1.8/gems/test-unit-2.0.9/lib/test/unit/testcase.rb:452:in `run_test'
/opt/local/lib/ruby/gems/1.8/gems/test-unit-2.0.9/lib/test/unit/testcase.rb:320:in `run'
/opt/local/lib/ruby/gems/1.8/gems/test-unit-2.0.9/lib/test/unit/testsuite.rb:38:in `run'
/opt/local/lib/ruby/gems/1.8/gems/test-unit-2.0.9/lib/test/unit/testsuite.rb:37:in `each'
/opt/local/lib/ruby/gems/1.8/gems/test-unit-2.0.9/lib/test/unit/testsuite.rb:37:in `run'
/opt/local/lib/ruby/gems/1.8/gems/test-unit-2.0.9/lib/test/unit/testsuite.rb:38:in `run'
/opt/local/lib/ruby/gems/1.8/gems/test-unit-2.0.9/lib/test/unit/testsuite.rb:37:in `each'
/opt/local/lib/ruby/gems/1.8/gems/test-unit-2.0.9/lib/test/unit/testsuite.rb:37:in `run'
/opt/local/lib/ruby/gems/1.8/gems/test-unit-2.0.9/lib/test/unit/ui/testrunnermediator.rb:48:in `run_suite'
/opt/local/lib/ruby/gems/1.8/gems/test-unit-2.0.9/lib/test/unit/ui/console/testrunner.rb:82:in `start_mediator'
/opt/local/lib/ruby/gems/1.8/gems/test-unit-2.0.9/lib/test/unit/ui/console/testrunner.rb:52:in `start'
/opt/local/lib/ruby/gems/1.8/gems/test-unit-2.0.9/lib/test/unit/ui/testrunnerutilities.rb:24:in `run'
/opt/local/lib/ruby/gems/1.8/gems/test-unit-2.0.9/lib/test/unit/autorunner.rb:304:in `run'
/opt/local/lib/ruby/gems/1.8/gems/test-unit-2.0.9/lib/test/unit/autorunner.rb:52:in `run'
/opt/local/lib/ruby/gems/1.8/gems/test-unit-2.0.9/lib/test/unit.rb:321
regression.rb:345    </failure>
  </testcase>
  <testcase name="test_job_by_limit_15" assertions="60" time="0.542517">
    <failure type="NoMethodError" message="undefined method `[]' for nil:NilClass">
undefined method `[]' for nil:NilClass (NoMethodError)
regression.rb:172:in `test_job_by_limit_15'
regression.rb:171:in `each'
regression.rb:171:in `test_job_by_limit_15'
/opt/local/lib/ruby/gems/1.8/gems/test-unit-2.0.9/lib/test/unit/testcase.rb:452:in `__send__'
/opt/local/lib/ruby/gems/1.8/gems/test-unit-2.0.9/lib/test/unit/testcase.rb:452:in `run_test'
/opt/local/lib/ruby/gems/1.8/gems/test-unit-2.0.9/lib/test/unit/testcase.rb:320:in `run'
/opt/local/lib/ruby/gems/1.8/gems/test-unit-2.0.9/lib/test/unit/testsuite.rb:38:in `run'
/opt/local/lib/ruby/gems/1.8/gems/test-unit-2.0.9/lib/test/unit/testsuite.rb:37:in `each'
/opt/local/lib/ruby/gems/1.8/gems/test-unit-2.0.9/lib/test/unit/testsuite.rb:37:in `run'
/opt/local/lib/ruby/gems/1.8/gems/test-unit-2.0.9/lib/test/unit/testsuite.rb:38:in `run'
/opt/local/lib/ruby/gems/1.8/gems/test-unit-2.0.9/lib/test/unit/testsuite.rb:37:in `each'
/opt/local/lib/ruby/gems/1.8/gems/test-unit-2.0.9/lib/test/unit/testsuite.rb:37:in `run'
/opt/local/lib/ruby/gems/1.8/gems/test-unit-2.0.9/lib/test/unit/ui/testrunnermediator.rb:48:in `run_suite'
/opt/local/lib/ruby/gems/1.8/gems/test-unit-2.0.9/lib/test/unit/ui/console/testrunner.rb:82:in `start_mediator'
/opt/local/lib/ruby/gems/1.8/gems/test-unit-2.0.9/lib/test/unit/ui/console/testrunner.rb:52:in `start'
/opt/local/lib/ruby/gems/1.8/gems/test-unit-2.0.9/lib/test/unit/ui/testrunnerutilities.rb:24:in `run'
/opt/local/lib/ruby/gems/1.8/gems/test-unit-2.0.9/lib/test/unit/autorunner.rb:304:in `run'
/opt/local/lib/ruby/gems/1.8/gems/test-unit-2.0.9/lib/test/unit/autorunner.rb:52:in `run'
/opt/local/lib/ruby/gems/1.8/gems/test-unit-2.0.9/lib/test/unit.rb:321
regression.rb:345    </failure>
  </testcase>
  <testcase name="test_job_by_limit_20" assertions="80" time="0.729894">
    <failure type="NoMethodError" message="undefined method `[]' for nil:NilClass">
undefined method `[]' for nil:NilClass (NoMethodError)
regression.rb:172:in `test_job_by_limit_20'
regression.rb:171:in `each'
regression.rb:171:in `test_job_by_limit_20'
/opt/local/lib/ruby/gems/1.8/gems/test-unit-2.0.9/lib/test/unit/testcase.rb:452:in `__send__'
/opt/local/lib/ruby/gems/1.8/gems/test-unit-2.0.9/lib/test/unit/testcase.rb:452:in `run_test'
/opt/local/lib/ruby/gems/1.8/gems/test-unit-2.0.9/lib/test/unit/testcase.rb:320:in `run'
/opt/local/lib/ruby/gems/1.8/gems/test-unit-2.0.9/lib/test/unit/testsuite.rb:38:in `run'
/opt/local/lib/ruby/gems/1.8/gems/test-unit-2.0.9/lib/test/unit/testsuite.rb:37:in `each'
/opt/local/lib/ruby/gems/1.8/gems/test-unit-2.0.9/lib/test/unit/testsuite.rb:37:in `run'
/opt/local/lib/ruby/gems/1.8/gems/test-unit-2.0.9/lib/test/unit/testsuite.rb:38:in `run'
/opt/local/lib/ruby/gems/1.8/gems/test-unit-2.0.9/lib/test/unit/testsuite.rb:37:in `each'
/opt/local/lib/ruby/gems/1.8/gems/test-unit-2.0.9/lib/test/unit/testsuite.rb:37:in `run'
/opt/local/lib/ruby/gems/1.8/gems/test-unit-2.0.9/lib/test/unit/ui/testrunnermediator.rb:48:in `run_suite'
/opt/local/lib/ruby/gems/1.8/gems/test-unit-2.0.9/lib/test/unit/ui/console/testrunner.rb:82:in `start_mediator'
/opt/local/lib/ruby/gems/1.8/gems/test-unit-2.0.9/lib/test/unit/ui/console/testrunner.rb:52:in `start'
/opt/local/lib/ruby/gems/1.8/gems/test-unit-2.0.9/lib/test/unit/ui/testrunnerutilities.rb:24:in `run'
/opt/local/lib/ruby/gems/1.8/gems/test-unit-2.0.9/lib/test/unit/autorunner.rb:304:in `run'
/opt/local/lib/ruby/gems/1.8/gems/test-unit-2.0.9/lib/test/unit/autorunner.rb:52:in `run'
/opt/local/lib/ruby/gems/1.8/gems/test-unit-2.0.9/lib/test/unit.rb:321
regression.rb:345    </failure>
  </testcase>
  <testcase name="test_job_by_limit_25" assertions="100" time="0.81154">
  </testcase>
  <testcase name="test_job_by_limit_30" assertions="100" time="0.7822">
    <failure type="NoMethodError" message="undefined method `[]' for nil:NilClass">
undefined method `[]' for nil:NilClass (NoMethodError)
regression.rb:172:in `test_job_by_limit_30'
regression.rb:171:in `each'
regression.rb:171:in `test_job_by_limit_30'
/opt/local/lib/ruby/gems/1.8/gems/test-unit-2.0.9/lib/test/unit/testcase.rb:452:in `__send__'
/opt/local/lib/ruby/gems/1.8/gems/test-unit-2.0.9/lib/test/unit/testcase.rb:452:in `run_test'
/opt/local/lib/ruby/gems/1.8/gems/test-unit-2.0.9/lib/test/unit/testcase.rb:320:in `run'
/opt/local/lib/ruby/gems/1.8/gems/test-unit-2.0.9/lib/test/unit/testsuite.rb:38:in `run'
/opt/local/lib/ruby/gems/1.8/gems/test-unit-2.0.9/lib/test/unit/testsuite.rb:37:in `each'
/opt/local/lib/ruby/gems/1.8/gems/test-unit-2.0.9/lib/test/unit/testsuite.rb:37:in `run'
/opt/local/lib/ruby/gems/1.8/gems/test-unit-2.0.9/lib/test/unit/testsuite.rb:38:in `run'
/opt/local/lib/ruby/gems/1.8/gems/test-unit-2.0.9/lib/test/unit/testsuite.rb:37:in `each'
/opt/local/lib/ruby/gems/1.8/gems/test-unit-2.0.9/lib/test/unit/testsuite.rb:37:in `run'
/opt/local/lib/ruby/gems/1.8/gems/test-unit-2.0.9/lib/test/unit/ui/testrunnermediator.rb:48:in `run_suite'
/opt/local/lib/ruby/gems/1.8/gems/test-unit-2.0.9/lib/test/unit/ui/console/testrunner.rb:82:in `start_mediator'
/opt/local/lib/ruby/gems/1.8/gems/test-unit-2.0.9/lib/test/unit/ui/console/testrunner.rb:52:in `start'
/opt/local/lib/ruby/gems/1.8/gems/test-unit-2.0.9/lib/test/unit/ui/testrunnerutilities.rb:24:in `run'
/opt/local/lib/ruby/gems/1.8/gems/test-unit-2.0.9/lib/test/unit/autorunner.rb:304:in `run'
/opt/local/lib/ruby/gems/1.8/gems/test-unit-2.0.9/lib/test/unit/autorunner.rb:52:in `run'
/opt/local/lib/ruby/gems/1.8/gems/test-unit-2.0.9/lib/test/unit.rb:321
regression.rb:345    </failure>
  </testcase>
  <testcase name="test_job_by_limit_35" assertions="100" time="0.784476">
    <failure type="NoMethodError" message="undefined method `[]' for nil:NilClass">
undefined method `[]' for nil:NilClass (NoMethodError)
regression.rb:172:in `test_job_by_limit_35'
regression.rb:171:in `each'
regression.rb:171:in `test_job_by_limit_35'
/opt/local/lib/ruby/gems/1.8/gems/test-unit-2.0.9/lib/test/unit/testcase.rb:452:in `__send__'
/opt/local/lib/ruby/gems/1.8/gems/test-unit-2.0.9/lib/test/unit/testcase.rb:452:in `run_test'
/opt/local/lib/ruby/gems/1.8/gems/test-unit-2.0.9/lib/test/unit/testcase.rb:320:in `run'
/opt/local/lib/ruby/gems/1.8/gems/test-unit-2.0.9/lib/test/unit/testsuite.rb:38:in `run'
/opt/local/lib/ruby/gems/1.8/gems/test-unit-2.0.9/lib/test/unit/testsuite.rb:37:in `each'
/opt/local/lib/ruby/gems/1.8/gems/test-unit-2.0.9/lib/test/unit/testsuite.rb:37:in `run'
/opt/local/lib/ruby/gems/1.8/gems/test-unit-2.0.9/lib/test/unit/testsuite.rb:38:in `run'
/opt/local/lib/ruby/gems/1.8/gems/test-unit-2.0.9/lib/test/unit/testsuite.rb:37:in `each'
/opt/local/lib/ruby/gems/1.8/gems/test-unit-2.0.9/lib/test/unit/testsuite.rb:37:in `run'
/opt/local/lib/ruby/gems/1.8/gems/test-unit-2.0.9/lib/test/unit/ui/testrunnermediator.rb:48:in `run_suite'
/opt/local/lib/ruby/gems/1.8/gems/test-unit-2.0.9/lib/test/unit/ui/console/testrunner.rb:82:in `start_mediator'
/opt/local/lib/ruby/gems/1.8/gems/test-unit-2.0.9/lib/test/unit/ui/console/testrunner.rb:52:in `start'
/opt/local/lib/ruby/gems/1.8/gems/test-unit-2.0.9/lib/test/unit/ui/testrunnerutilities.rb:24:in `run'
/opt/local/lib/ruby/gems/1.8/gems/test-unit-2.0.9/lib/test/unit/autorunner.rb:304:in `run'
/opt/local/lib/ruby/gems/1.8/gems/test-unit-2.0.9/lib/test/unit/autorunner.rb:52:in `run'
/opt/local/lib/ruby/gems/1.8/gems/test-unit-2.0.9/lib/test/unit.rb:321
regression.rb:345    </failure>
  </testcase>
  <testcase name="test_job_by_limit_5" assertions="20" time="0.309773">
    <failure type="NoMethodError" message="undefined method `[]' for nil:NilClass">
undefined method `[]' for nil:NilClass (NoMethodError)
regression.rb:172:in `test_job_by_limit_5'
regression.rb:171:in `each'
regression.rb:171:in `test_job_by_limit_5'
/opt/local/lib/ruby/gems/1.8/gems/test-unit-2.0.9/lib/test/unit/testcase.rb:452:in `__send__'
/opt/local/lib/ruby/gems/1.8/gems/test-unit-2.0.9/lib/test/unit/testcase.rb:452:in `run_test'
/opt/local/lib/ruby/gems/1.8/gems/test-unit-2.0.9/lib/test/unit/testcase.rb:320:in `run'
/opt/local/lib/ruby/gems/1.8/gems/test-unit-2.0.9/lib/test/unit/testsuite.rb:38:in `run'
/opt/local/lib/ruby/gems/1.8/gems/test-unit-2.0.9/lib/test/unit/testsuite.rb:37:in `each'
/opt/local/lib/ruby/gems/1.8/gems/test-unit-2.0.9/lib/test/unit/testsuite.rb:37:in `run'
/opt/local/lib/ruby/gems/1.8/gems/test-unit-2.0.9/lib/test/unit/testsuite.rb:38:in `run'
/opt/local/lib/ruby/gems/1.8/gems/test-unit-2.0.9/lib/test/unit/testsuite.rb:37:in `each'
/opt/local/lib/ruby/gems/1.8/gems/test-unit-2.0.9/lib/test/unit/testsuite.rb:37:in `run'
/opt/local/lib/ruby/gems/1.8/gems/test-unit-2.0.9/lib/test/unit/ui/testrunnermediator.rb:48:in `run_suite'
/opt/local/lib/ruby/gems/1.8/gems/test-unit-2.0.9/lib/test/unit/ui/console/testrunner.rb:82:in `start_mediator'
/opt/local/lib/ruby/gems/1.8/gems/test-unit-2.0.9/lib/test/unit/ui/console/testrunner.rb:52:in `start'
/opt/local/lib/ruby/gems/1.8/gems/test-unit-2.0.9/lib/test/unit/ui/testrunnerutilities.rb:24:in `run'
/opt/local/lib/ruby/gems/1.8/gems/test-unit-2.0.9/lib/test/unit/autorunner.rb:304:in `run'
/opt/local/lib/ruby/gems/1.8/gems/test-unit-2.0.9/lib/test/unit/autorunner.rb:52:in `run'
/opt/local/lib/ruby/gems/1.8/gems/test-unit-2.0.9/lib/test/unit.rb:321
regression.rb:345    </failure>
  </testcase>
  <testcase name="test_job_by_offset_100" assertions="40" time="0.486">
  </testcase>
  <testcase name="test_job_by_offset_14" assertions="40" time="0.37046">
  </testcase>
  <testcase name="test_job_by_offset_4" assertions="40" time="0.397285">
  </testcase>
  <testcase name="test_job_by_offset_50" assertions="40" time="0.608401">
  </testcase>
  <testcase name="test_job_by_offset_53" assertions="40" time="0.581183">
  </testcase>
  <testcase name="test_job_by_offset_68" assertions="40" time="0.555172">
  </testcase>
  <testcase name="test_job_by_offset_72" assertions="40" time="0.611514">
  </testcase>
  <testcase name="test_job_by_offset_88" assertions="40" time="0.500217">
  </testcase>
  <testcase name="test_job_by_slug_0" assertions="4" time="0.258028">
  </testcase>
  <testcase name="test_job_by_slug_1" assertions="4" time="0.237365">
  </testcase>
  <testcase name="test_job_by_slug_10" assertions="4" time="0.253603">
  </testcase>
  <testcase name="test_job_by_slug_11" assertions="4" time="0.20228">
  </testcase>
  <testcase name="test_job_by_slug_12" assertions="4" time="0.202279">
  </testcase>
  <testcase name="test_job_by_slug_13" assertions="4" time="0.19185">
  </testcase>
  <testcase name="test_job_by_slug_14" assertions="4" time="0.195536">
  </testcase>
  <testcase name="test_job_by_slug_15" assertions="4" time="0.213816">
  </testcase>
  <testcase name="test_job_by_slug_16" assertions="4" time="0.206096">
  </testcase>
  <testcase name="test_job_by_slug_17" assertions="4" time="0.216115">
  </testcase>
  <testcase name="test_job_by_slug_18" assertions="4" time="0.24288">
  </testcase>
  <testcase name="test_job_by_slug_19" assertions="4" time="0.237936">
  </testcase>
  <testcase name="test_job_by_slug_2" assertions="4" time="0.247756">
  </testcase>
  <testcase name="test_job_by_slug_20" assertions="4" time="0.241763">
  </testcase>
  <testcase name="test_job_by_slug_21" assertions="4" time="0.252018">
  </testcase>
  <testcase name="test_job_by_slug_22" assertions="4" time="0.272489">
  </testcase>
  <testcase name="test_job_by_slug_23" assertions="4" time="0.246243">
  </testcase>
  <testcase name="test_job_by_slug_24" assertions="4" time="0.255064">
  </testcase>
  <testcase name="test_job_by_slug_25" assertions="4" time="0.251734">
  </testcase>
  <testcase name="test_job_by_slug_26" assertions="4" time="0.240674">
  </testcase>
  <testcase name="test_job_by_slug_27" assertions="4" time="0.252456">
  </testcase>
  <testcase name="test_job_by_slug_28" assertions="4" time="0.251937">
  </testcase>
  <testcase name="test_job_by_slug_29" assertions="4" time="0.260231">
  </testcase>
  <testcase name="test_job_by_slug_3" assertions="4" time="0.192005">
  </testcase>
  <testcase name="test_job_by_slug_4" assertions="4" time="0.184479">
  </testcase>
  <testcase name="test_job_by_slug_5" assertions="4" time="0.190144">
  </testcase>
  <testcase name="test_job_by_slug_6" assertions="4" time="0.198739">
  </testcase>
  <testcase name="test_job_by_slug_7" assertions="4" time="0.187481">
  </testcase>
  <testcase name="test_job_by_slug_8" assertions="4" time="0.204832">
  </testcase>
  <testcase name="test_job_by_slug_9" assertions="4" time="0.20554">
  </testcase>
  <testcase name="test_job_by_status_active" assertions="1" time="0.551295">
    <failure type="Test::Unit::AssertionFailedError" message="The title values are equal for deleted....">
The title values are equal for deleted.
&lt;"Manager Packaged Goods"&gt; expected to be =~
&lt;/Research\ Telemarketing\ Representative/&gt;. (Test::Unit::AssertionFailedError)
regression.rb:138:in `test_job_by_status_active'
regression.rb:137:in `each'
regression.rb:137:in `test_job_by_status_active'    </failure>
  </testcase>
  <testcase name="test_job_by_status_deleted" assertions="21" time="1.484266">
    <failure type="Test::Unit::AssertionFailedError" message="The title values are equal for ....">
The title values are equal for .
&lt;"Sales Development Specialist"&gt; expected to be =~
&lt;/Analytics\ Producer\ \-\ Gourmet\ Live/&gt;. (Test::Unit::AssertionFailedError)
regression.rb:138:in `test_job_by_status_deleted'
regression.rb:137:in `each'
regression.rb:137:in `test_job_by_status_deleted'    </failure>
  </testcase>
  <testcase name="test_job_by_status_filled" assertions="40" time="0.49033">
  </testcase>
  <testcase name="test_job_by_status_pending" assertions="1" time="1.371472">
    <failure type="Test::Unit::AssertionFailedError" message="The title values are equal for deleted....">
The title values are equal for deleted.
&lt;"SBS HR Publishing Coordinator Job"&gt; expected to be =~
&lt;/Financial\ Analyst\ Business\ Planning/&gt;. (Test::Unit::AssertionFailedError)
regression.rb:138:in `test_job_by_status_pending'
regression.rb:137:in `each'
regression.rb:137:in `test_job_by_status_pending'    </failure>
  </testcase>
  <testcase name="test_questions_for_a_job" assertions="122" time="2.290625">
  </testcase>
  <testcase name="test_search_jobs_by_title_text" assertions="30" time="1.756277">
  </testcase>
  <system-out>
  </system-out>
  <system-err>
  </system-err>
</testsuite>
