<?xml version="1.0" encoding="UTF-8"?>
<testsuite failures="11" tests="50" skipped="0" name="CompanyServiceRegression" assertions="869" time="10.26042" errors="0">
  <testcase name="test_companies_batch_read" assertions="8" time="0.251914">
  </testcase>
  <testcase name="test_companies_by_limit_1" assertions="4" time="0.202424">
  </testcase>
  <testcase name="test_companies_by_limit_10" assertions="40" time="0.277975">
  </testcase>
  <testcase name="test_companies_by_limit_15" assertions="60" time="0.269062">
  </testcase>
  <testcase name="test_companies_by_limit_20" assertions="80" time="0.282437">
  </testcase>
  <testcase name="test_companies_by_limit_25" assertions="87" time="0.34636">
    <failure type="Test::Unit::AssertionFailedError" message="The code values are equal for ....">
The code values are equal for .
&lt;nil&gt; expected to be =~
&lt;nil&gt;. (Test::Unit::AssertionFailedError)
regression.rb:303:in `test_companies_by_limit_25'
regression.rb:300:in `each'
regression.rb:300:in `test_companies_by_limit_25'    </failure>
  </testcase>
  <testcase name="test_companies_by_limit_30" assertions="87" time="0.222671">
    <failure type="Test::Unit::AssertionFailedError" message="The code values are equal for ....">
The code values are equal for .
&lt;nil&gt; expected to be =~
&lt;nil&gt;. (Test::Unit::AssertionFailedError)
regression.rb:303:in `test_companies_by_limit_30'
regression.rb:300:in `each'
regression.rb:300:in `test_companies_by_limit_30'    </failure>
  </testcase>
  <testcase name="test_companies_by_limit_35" assertions="87" time="0.231564">
    <failure type="Test::Unit::AssertionFailedError" message="The code values are equal for ....">
The code values are equal for .
&lt;nil&gt; expected to be =~
&lt;nil&gt;. (Test::Unit::AssertionFailedError)
regression.rb:303:in `test_companies_by_limit_35'
regression.rb:300:in `each'
regression.rb:300:in `test_companies_by_limit_35'    </failure>
  </testcase>
  <testcase name="test_companies_by_limit_5" assertions="20" time="0.210928">
  </testcase>
  <testcase name="test_companies_by_offset_100" assertions="3" time="0.248664">
    <failure type="Test::Unit::AssertionFailedError" message="The company code values are equal for 14....">
The company code values are equal for 14.
&lt;nil&gt; expected to be =~
&lt;nil&gt;. (Test::Unit::AssertionFailedError)
regression.rb:286:in `test_companies_by_offset_100'
regression.rb:283:in `each'
regression.rb:283:in `test_companies_by_offset_100'    </failure>
  </testcase>
  <testcase name="test_companies_by_offset_14" assertions="31" time="0.209735">
    <failure type="Test::Unit::AssertionFailedError" message="The company code values are equal for 88....">
The company code values are equal for 88.
&lt;nil&gt; expected to be =~
&lt;nil&gt;. (Test::Unit::AssertionFailedError)
regression.rb:286:in `test_companies_by_offset_14'
regression.rb:283:in `each'
regression.rb:283:in `test_companies_by_offset_14'    </failure>
  </testcase>
  <testcase name="test_companies_by_offset_4" assertions="40" time="0.21581">
  </testcase>
  <testcase name="test_companies_by_offset_50" assertions="40" time="0.214677">
  </testcase>
  <testcase name="test_companies_by_offset_53" assertions="40" time="0.213446">
  </testcase>
  <testcase name="test_companies_by_offset_68" assertions="23" time="0.211356">
    <failure type="Test::Unit::AssertionFailedError" message="The company code values are equal for 68....">
The company code values are equal for 68.
&lt;nil&gt; expected to be =~
&lt;nil&gt;. (Test::Unit::AssertionFailedError)
regression.rb:286:in `test_companies_by_offset_68'
regression.rb:283:in `each'
regression.rb:283:in `test_companies_by_offset_68'    </failure>
  </testcase>
  <testcase name="test_companies_by_offset_72" assertions="7" time="0.216427">
    <failure type="Test::Unit::AssertionFailedError" message="The company code values are equal for 50....">
The company code values are equal for 50.
&lt;nil&gt; expected to be =~
&lt;nil&gt;. (Test::Unit::AssertionFailedError)
regression.rb:286:in `test_companies_by_offset_72'
regression.rb:283:in `each'
regression.rb:283:in `test_companies_by_offset_72'    </failure>
  </testcase>
  <testcase name="test_companies_by_offset_88" assertions="3" time="0.206803">
    <failure type="Test::Unit::AssertionFailedError" message="The company code values are equal for 14....">
The company code values are equal for 14.
&lt;nil&gt; expected to be =~
&lt;nil&gt;. (Test::Unit::AssertionFailedError)
regression.rb:286:in `test_companies_by_offset_88'
regression.rb:283:in `each'
regression.rb:283:in `test_companies_by_offset_88'    </failure>
  </testcase>
  <testcase name="test_companies_by_sort" assertions="88" time="0.214449">
  </testcase>
  <testcase name="test_company_by_id_11" assertions="4" time="0.188591">
  </testcase>
  <testcase name="test_company_by_id_14" assertions="4" time="0.185546">
  </testcase>
  <testcase name="test_company_by_id_15" assertions="4" time="0.181909">
  </testcase>
  <testcase name="test_company_by_id_16" assertions="4" time="0.185471">
  </testcase>
  <testcase name="test_company_by_id_18" assertions="4" time="0.190692">
  </testcase>
  <testcase name="test_company_by_id_2" assertions="4" time="0.182478">
  </testcase>
  <testcase name="test_company_by_id_20" assertions="4" time="0.185726">
  </testcase>
  <testcase name="test_company_by_id_21" assertions="4" time="0.180354">
  </testcase>
  <testcase name="test_company_by_id_22" assertions="4" time="0.178905">
  </testcase>
  <testcase name="test_company_by_id_23" assertions="4" time="0.195926">
  </testcase>
  <testcase name="test_company_by_id_24" assertions="4" time="0.187983">
  </testcase>
  <testcase name="test_company_by_id_25" assertions="4" time="0.21065">
  </testcase>
  <testcase name="test_company_by_id_26" assertions="4" time="0.18583">
  </testcase>
  <testcase name="test_company_by_id_27" assertions="4" time="0.181093">
  </testcase>
  <testcase name="test_company_by_id_28" assertions="3" time="0.189764">
    <failure type="Test::Unit::AssertionFailedError" message="The company code values are equal for 28....">
The company code values are equal for 28.
&lt;nil&gt; expected to be =~
&lt;nil&gt;. (Test::Unit::AssertionFailedError)
regression.rb:259:in `test_company_by_id_28'    </failure>
  </testcase>
  <testcase name="test_company_by_id_29" assertions="3" time="0.191432">
    <failure type="Test::Unit::AssertionFailedError" message="The company code values are equal for 29....">
The company code values are equal for 29.
&lt;nil&gt; expected to be =~
&lt;nil&gt;. (Test::Unit::AssertionFailedError)
regression.rb:259:in `test_company_by_id_29'    </failure>
  </testcase>
  <testcase name="test_company_by_id_3" assertions="4" time="0.181192">
  </testcase>
  <testcase name="test_company_by_id_30" assertions="4" time="0.18583">
  </testcase>
  <testcase name="test_company_by_id_31" assertions="4" time="0.187419">
  </testcase>
  <testcase name="test_company_by_id_32" assertions="4" time="0.184343">
  </testcase>
  <testcase name="test_company_by_id_33" assertions="4" time="0.186708">
  </testcase>
  <testcase name="test_company_by_id_34" assertions="3" time="0.192389">
    <failure type="Test::Unit::AssertionFailedError" message="The company code values are equal for 34....">
The company code values are equal for 34.
&lt;nil&gt; expected to be =~
&lt;nil&gt;. (Test::Unit::AssertionFailedError)
regression.rb:259:in `test_company_by_id_34'    </failure>
  </testcase>
  <testcase name="test_company_by_id_35" assertions="4" time="0.185962">
  </testcase>
  <testcase name="test_company_by_id_36" assertions="4" time="0.170616">
  </testcase>
  <testcase name="test_company_by_id_4" assertions="4" time="0.180026">
  </testcase>
  <testcase name="test_company_by_id_5" assertions="4" time="0.185547">
  </testcase>
  <testcase name="test_company_by_id_6" assertions="4" time="0.184792">
  </testcase>
  <testcase name="test_company_by_id_7" assertions="4" time="0.189249">
  </testcase>
  <testcase name="test_company_by_id_8" assertions="4" time="0.177858">
  </testcase>
  <testcase name="test_company_by_id_9" assertions="4" time="0.182568">
  </testcase>
  <testcase name="test_company_by_name" assertions="4" time="0.182184">
  </testcase>
  <testcase name="test_connection" assertions="0" time="0.078896">
  </testcase>
  <system-out>
  </system-out>
  <system-err>
  </system-err>
</testsuite>
