<?xml version="1.0" encoding="UTF-8"?>
<testsuite failures="19" tests="132" skipped="0" name="JobServiceRegression" assertions="2499" time="156.561889" errors="7">
  <testcase name="test_connection" assertions="0" time="0.204627">
  </testcase>
  <testcase name="test_job_by_categoryid_1" assertions="40" time="13.806064">
  </testcase>
  <testcase name="test_job_by_categoryid_10" assertions="40" time="1.178457">
  </testcase>
  <testcase name="test_job_by_categoryid_11" assertions="40" time="7.220577">
  </testcase>
  <testcase name="test_job_by_categoryid_12" assertions="40" time="14.623448">
  </testcase>
  <testcase name="test_job_by_categoryid_13" assertions="40" time="15.661333">
  </testcase>
  <testcase name="test_job_by_categoryid_14" assertions="40" time="1.738818">
  </testcase>
  <testcase name="test_job_by_categoryid_15" assertions="40" time="1.338587">
  </testcase>
  <testcase name="test_job_by_categoryid_16" assertions="40" time="4.614173">
  </testcase>
  <testcase name="test_job_by_categoryid_17" assertions="40" time="5.584636">
  </testcase>
  <testcase name="test_job_by_categoryid_18" assertions="40" time="1.054736">
  </testcase>
  <testcase name="test_job_by_categoryid_19" assertions="40" time="1.561259">
  </testcase>
  <testcase name="test_job_by_categoryid_2" assertions="40" time="2.491973">
  </testcase>
  <testcase name="test_job_by_categoryid_3" assertions="40" time="9.152274">
  </testcase>
  <testcase name="test_job_by_categoryid_4" assertions="40" time="5.622708">
  </testcase>
  <testcase name="test_job_by_categoryid_5" assertions="40" time="6.098995">
  </testcase>
  <testcase name="test_job_by_categoryid_6" assertions="40" time="4.986159">
  </testcase>
  <testcase name="test_job_by_categoryid_7" assertions="40" time="6.812622">
  </testcase>
  <testcase name="test_job_by_categoryid_8" assertions="40" time="11.165107">
  </testcase>
  <testcase name="test_job_by_categoryid_9" assertions="40" time="4.71517">
  </testcase>
  <testcase name="test_job_by_id_1" assertions="4" time="0.159586">
  </testcase>
  <testcase name="test_job_by_id_112510" assertions="4" time="0.161673">
  </testcase>
  <testcase name="test_job_by_id_1127" assertions="4" time="0.159964">
  </testcase>
  <testcase name="test_job_by_id_119654" assertions="4" time="0.162274">
  </testcase>
  <testcase name="test_job_by_id_14113" assertions="4" time="0.161132">
  </testcase>
  <testcase name="test_job_by_id_18565" assertions="4" time="0.158263">
  </testcase>
  <testcase name="test_job_by_id_25106" assertions="4" time="0.16213">
  </testcase>
  <testcase name="test_job_by_id_2551" assertions="4" time="0.163895">
  </testcase>
  <testcase name="test_job_by_id_25995" assertions="4" time="0.16014">
  </testcase>
  <testcase name="test_job_by_id_2634" assertions="4" time="0.159202">
  </testcase>
  <testcase name="test_job_by_id_2645" assertions="4" time="0.158746">
  </testcase>
  <testcase name="test_job_by_id_26778" assertions="4" time="0.157825">
  </testcase>
  <testcase name="test_job_by_id_26780" assertions="4" time="0.163156">
  </testcase>
  <testcase name="test_job_by_id_275162" assertions="4" time="0.160954">
  </testcase>
  <testcase name="test_job_by_id_28" assertions="4" time="0.16031">
  </testcase>
  <testcase name="test_job_by_id_28517" assertions="4" time="0.162466">
  </testcase>
  <testcase name="test_job_by_id_32436" assertions="4" time="0.159119">
  </testcase>
  <testcase name="test_job_by_id_33067" assertions="4" time="0.161808">
  </testcase>
  <testcase name="test_job_by_id_33883" assertions="4" time="0.159469">
  </testcase>
  <testcase name="test_job_by_id_360129" assertions="4" time="0.159544">
  </testcase>
  <testcase name="test_job_by_id_4377" assertions="4" time="0.213652">
  </testcase>
  <testcase name="test_job_by_id_54389" assertions="4" time="0.159481">
  </testcase>
  <testcase name="test_job_by_id_57735" assertions="4" time="0.16058">
  </testcase>
  <testcase name="test_job_by_id_6468" assertions="4" time="0.160664">
  </testcase>
  <testcase name="test_job_by_id_70675" assertions="4" time="0.157687">
  </testcase>
  <testcase name="test_job_by_id_7404" assertions="4" time="0.162298">
  </testcase>
  <testcase name="test_job_by_id_8" assertions="4" time="0.159983">
  </testcase>
  <testcase name="test_job_by_id_8852" assertions="4" time="0.160968">
  </testcase>
  <testcase name="test_job_by_id_94457" assertions="4" time="0.15913">
  </testcase>
  <testcase name="test_job_by_id_9629" assertions="4" time="0.158853">
  </testcase>
  <testcase name="test_job_by_limit_1" assertions="4" time="0.176122">
    <failure type="NoMethodError" message="undefined method `[]' for nil:NilClass">
undefined method `[]' for nil:NilClass (NoMethodError)
regression.rb:172:in `test_job_by_limit_1'
regression.rb:171:in `each'
regression.rb:171:in `test_job_by_limit_1'
/opt/local/lib/ruby/gems/1.8/gems/test-unit-2.0.9/lib/test/unit/testcase.rb:452:in `__send__'
/opt/local/lib/ruby/gems/1.8/gems/test-unit-2.0.9/lib/test/unit/testcase.rb:452:in `run_test'
/opt/local/lib/ruby/gems/1.8/gems/test-unit-2.0.9/lib/test/unit/testcase.rb:320:in `run'
/opt/local/lib/ruby/gems/1.8/gems/test-unit-2.0.9/lib/test/unit/testsuite.rb:38:in `run'
/opt/local/lib/ruby/gems/1.8/gems/test-unit-2.0.9/lib/test/unit/testsuite.rb:37:in `each'
/opt/local/lib/ruby/gems/1.8/gems/test-unit-2.0.9/lib/test/unit/testsuite.rb:37:in `run'
/opt/local/lib/ruby/gems/1.8/gems/test-unit-2.0.9/lib/test/unit/testsuite.rb:38:in `run'
/opt/local/lib/ruby/gems/1.8/gems/test-unit-2.0.9/lib/test/unit/testsuite.rb:37:in `each'
/opt/local/lib/ruby/gems/1.8/gems/test-unit-2.0.9/lib/test/unit/testsuite.rb:37:in `run'
/opt/local/lib/ruby/gems/1.8/gems/test-unit-2.0.9/lib/test/unit/ui/testrunnermediator.rb:48:in `run_suite'
/opt/local/lib/ruby/gems/1.8/gems/test-unit-2.0.9/lib/test/unit/ui/console/testrunner.rb:82:in `start_mediator'
/opt/local/lib/ruby/gems/1.8/gems/test-unit-2.0.9/lib/test/unit/ui/console/testrunner.rb:52:in `start'
/opt/local/lib/ruby/gems/1.8/gems/test-unit-2.0.9/lib/test/unit/ui/testrunnerutilities.rb:24:in `run'
/opt/local/lib/ruby/gems/1.8/gems/test-unit-2.0.9/lib/test/unit/autorunner.rb:304:in `run'
/opt/local/lib/ruby/gems/1.8/gems/test-unit-2.0.9/lib/test/unit/autorunner.rb:52:in `run'
/opt/local/lib/ruby/gems/1.8/gems/test-unit-2.0.9/lib/test/unit.rb:321
regression.rb:345    </failure>
  </testcase>
  <testcase name="test_job_by_limit_10" assertions="40" time="0.386063">
    <failure type="NoMethodError" message="undefined method `[]' for nil:NilClass">
undefined method `[]' for nil:NilClass (NoMethodError)
regression.rb:172:in `test_job_by_limit_10'
regression.rb:171:in `each'
regression.rb:171:in `test_job_by_limit_10'
/opt/local/lib/ruby/gems/1.8/gems/test-unit-2.0.9/lib/test/unit/testcase.rb:452:in `__send__'
/opt/local/lib/ruby/gems/1.8/gems/test-unit-2.0.9/lib/test/unit/testcase.rb:452:in `run_test'
/opt/local/lib/ruby/gems/1.8/gems/test-unit-2.0.9/lib/test/unit/testcase.rb:320:in `run'
/opt/local/lib/ruby/gems/1.8/gems/test-unit-2.0.9/lib/test/unit/testsuite.rb:38:in `run'
/opt/local/lib/ruby/gems/1.8/gems/test-unit-2.0.9/lib/test/unit/testsuite.rb:37:in `each'
/opt/local/lib/ruby/gems/1.8/gems/test-unit-2.0.9/lib/test/unit/testsuite.rb:37:in `run'
/opt/local/lib/ruby/gems/1.8/gems/test-unit-2.0.9/lib/test/unit/testsuite.rb:38:in `run'
/opt/local/lib/ruby/gems/1.8/gems/test-unit-2.0.9/lib/test/unit/testsuite.rb:37:in `each'
/opt/local/lib/ruby/gems/1.8/gems/test-unit-2.0.9/lib/test/unit/testsuite.rb:37:in `run'
/opt/local/lib/ruby/gems/1.8/gems/test-unit-2.0.9/lib/test/unit/ui/testrunnermediator.rb:48:in `run_suite'
/opt/local/lib/ruby/gems/1.8/gems/test-unit-2.0.9/lib/test/unit/ui/console/testrunner.rb:82:in `start_mediator'
/opt/local/lib/ruby/gems/1.8/gems/test-unit-2.0.9/lib/test/unit/ui/console/testrunner.rb:52:in `start'
/opt/local/lib/ruby/gems/1.8/gems/test-unit-2.0.9/lib/test/unit/ui/testrunnerutilities.rb:24:in `run'
/opt/local/lib/ruby/gems/1.8/gems/test-unit-2.0.9/lib/test/unit/autorunner.rb:304:in `run'
/opt/local/lib/ruby/gems/1.8/gems/test-unit-2.0.9/lib/test/unit/autorunner.rb:52:in `run'
/opt/local/lib/ruby/gems/1.8/gems/test-unit-2.0.9/lib/test/unit.rb:321
regression.rb:345    </failure>
  </testcase>
  <testcase name="test_job_by_limit_15" assertions="60" time="0.425872">
    <failure type="NoMethodError" message="undefined method `[]' for nil:NilClass">
undefined method `[]' for nil:NilClass (NoMethodError)
regression.rb:172:in `test_job_by_limit_15'
regression.rb:171:in `each'
regression.rb:171:in `test_job_by_limit_15'
/opt/local/lib/ruby/gems/1.8/gems/test-unit-2.0.9/lib/test/unit/testcase.rb:452:in `__send__'
/opt/local/lib/ruby/gems/1.8/gems/test-unit-2.0.9/lib/test/unit/testcase.rb:452:in `run_test'
/opt/local/lib/ruby/gems/1.8/gems/test-unit-2.0.9/lib/test/unit/testcase.rb:320:in `run'
/opt/local/lib/ruby/gems/1.8/gems/test-unit-2.0.9/lib/test/unit/testsuite.rb:38:in `run'
/opt/local/lib/ruby/gems/1.8/gems/test-unit-2.0.9/lib/test/unit/testsuite.rb:37:in `each'
/opt/local/lib/ruby/gems/1.8/gems/test-unit-2.0.9/lib/test/unit/testsuite.rb:37:in `run'
/opt/local/lib/ruby/gems/1.8/gems/test-unit-2.0.9/lib/test/unit/testsuite.rb:38:in `run'
/opt/local/lib/ruby/gems/1.8/gems/test-unit-2.0.9/lib/test/unit/testsuite.rb:37:in `each'
/opt/local/lib/ruby/gems/1.8/gems/test-unit-2.0.9/lib/test/unit/testsuite.rb:37:in `run'
/opt/local/lib/ruby/gems/1.8/gems/test-unit-2.0.9/lib/test/unit/ui/testrunnermediator.rb:48:in `run_suite'
/opt/local/lib/ruby/gems/1.8/gems/test-unit-2.0.9/lib/test/unit/ui/console/testrunner.rb:82:in `start_mediator'
/opt/local/lib/ruby/gems/1.8/gems/test-unit-2.0.9/lib/test/unit/ui/console/testrunner.rb:52:in `start'
/opt/local/lib/ruby/gems/1.8/gems/test-unit-2.0.9/lib/test/unit/ui/testrunnerutilities.rb:24:in `run'
/opt/local/lib/ruby/gems/1.8/gems/test-unit-2.0.9/lib/test/unit/autorunner.rb:304:in `run'
/opt/local/lib/ruby/gems/1.8/gems/test-unit-2.0.9/lib/test/unit/autorunner.rb:52:in `run'
/opt/local/lib/ruby/gems/1.8/gems/test-unit-2.0.9/lib/test/unit.rb:321
regression.rb:345    </failure>
  </testcase>
  <testcase name="test_job_by_limit_20" assertions="80" time="0.577314">
    <failure type="NoMethodError" message="undefined method `[]' for nil:NilClass">
undefined method `[]' for nil:NilClass (NoMethodError)
regression.rb:172:in `test_job_by_limit_20'
regression.rb:171:in `each'
regression.rb:171:in `test_job_by_limit_20'
/opt/local/lib/ruby/gems/1.8/gems/test-unit-2.0.9/lib/test/unit/testcase.rb:452:in `__send__'
/opt/local/lib/ruby/gems/1.8/gems/test-unit-2.0.9/lib/test/unit/testcase.rb:452:in `run_test'
/opt/local/lib/ruby/gems/1.8/gems/test-unit-2.0.9/lib/test/unit/testcase.rb:320:in `run'
/opt/local/lib/ruby/gems/1.8/gems/test-unit-2.0.9/lib/test/unit/testsuite.rb:38:in `run'
/opt/local/lib/ruby/gems/1.8/gems/test-unit-2.0.9/lib/test/unit/testsuite.rb:37:in `each'
/opt/local/lib/ruby/gems/1.8/gems/test-unit-2.0.9/lib/test/unit/testsuite.rb:37:in `run'
/opt/local/lib/ruby/gems/1.8/gems/test-unit-2.0.9/lib/test/unit/testsuite.rb:38:in `run'
/opt/local/lib/ruby/gems/1.8/gems/test-unit-2.0.9/lib/test/unit/testsuite.rb:37:in `each'
/opt/local/lib/ruby/gems/1.8/gems/test-unit-2.0.9/lib/test/unit/testsuite.rb:37:in `run'
/opt/local/lib/ruby/gems/1.8/gems/test-unit-2.0.9/lib/test/unit/ui/testrunnermediator.rb:48:in `run_suite'
/opt/local/lib/ruby/gems/1.8/gems/test-unit-2.0.9/lib/test/unit/ui/console/testrunner.rb:82:in `start_mediator'
/opt/local/lib/ruby/gems/1.8/gems/test-unit-2.0.9/lib/test/unit/ui/console/testrunner.rb:52:in `start'
/opt/local/lib/ruby/gems/1.8/gems/test-unit-2.0.9/lib/test/unit/ui/testrunnerutilities.rb:24:in `run'
/opt/local/lib/ruby/gems/1.8/gems/test-unit-2.0.9/lib/test/unit/autorunner.rb:304:in `run'
/opt/local/lib/ruby/gems/1.8/gems/test-unit-2.0.9/lib/test/unit/autorunner.rb:52:in `run'
/opt/local/lib/ruby/gems/1.8/gems/test-unit-2.0.9/lib/test/unit.rb:321
regression.rb:345    </failure>
  </testcase>
  <testcase name="test_job_by_limit_25" assertions="100" time="0.640876">
  </testcase>
  <testcase name="test_job_by_limit_30" assertions="100" time="0.63775">
    <failure type="NoMethodError" message="undefined method `[]' for nil:NilClass">
undefined method `[]' for nil:NilClass (NoMethodError)
regression.rb:172:in `test_job_by_limit_30'
regression.rb:171:in `each'
regression.rb:171:in `test_job_by_limit_30'
/opt/local/lib/ruby/gems/1.8/gems/test-unit-2.0.9/lib/test/unit/testcase.rb:452:in `__send__'
/opt/local/lib/ruby/gems/1.8/gems/test-unit-2.0.9/lib/test/unit/testcase.rb:452:in `run_test'
/opt/local/lib/ruby/gems/1.8/gems/test-unit-2.0.9/lib/test/unit/testcase.rb:320:in `run'
/opt/local/lib/ruby/gems/1.8/gems/test-unit-2.0.9/lib/test/unit/testsuite.rb:38:in `run'
/opt/local/lib/ruby/gems/1.8/gems/test-unit-2.0.9/lib/test/unit/testsuite.rb:37:in `each'
/opt/local/lib/ruby/gems/1.8/gems/test-unit-2.0.9/lib/test/unit/testsuite.rb:37:in `run'
/opt/local/lib/ruby/gems/1.8/gems/test-unit-2.0.9/lib/test/unit/testsuite.rb:38:in `run'
/opt/local/lib/ruby/gems/1.8/gems/test-unit-2.0.9/lib/test/unit/testsuite.rb:37:in `each'
/opt/local/lib/ruby/gems/1.8/gems/test-unit-2.0.9/lib/test/unit/testsuite.rb:37:in `run'
/opt/local/lib/ruby/gems/1.8/gems/test-unit-2.0.9/lib/test/unit/ui/testrunnermediator.rb:48:in `run_suite'
/opt/local/lib/ruby/gems/1.8/gems/test-unit-2.0.9/lib/test/unit/ui/console/testrunner.rb:82:in `start_mediator'
/opt/local/lib/ruby/gems/1.8/gems/test-unit-2.0.9/lib/test/unit/ui/console/testrunner.rb:52:in `start'
/opt/local/lib/ruby/gems/1.8/gems/test-unit-2.0.9/lib/test/unit/ui/testrunnerutilities.rb:24:in `run'
/opt/local/lib/ruby/gems/1.8/gems/test-unit-2.0.9/lib/test/unit/autorunner.rb:304:in `run'
/opt/local/lib/ruby/gems/1.8/gems/test-unit-2.0.9/lib/test/unit/autorunner.rb:52:in `run'
/opt/local/lib/ruby/gems/1.8/gems/test-unit-2.0.9/lib/test/unit.rb:321
regression.rb:345    </failure>
  </testcase>
  <testcase name="test_job_by_limit_35" assertions="100" time="0.71388">
    <failure type="NoMethodError" message="undefined method `[]' for nil:NilClass">
undefined method `[]' for nil:NilClass (NoMethodError)
regression.rb:172:in `test_job_by_limit_35'
regression.rb:171:in `each'
regression.rb:171:in `test_job_by_limit_35'
/opt/local/lib/ruby/gems/1.8/gems/test-unit-2.0.9/lib/test/unit/testcase.rb:452:in `__send__'
/opt/local/lib/ruby/gems/1.8/gems/test-unit-2.0.9/lib/test/unit/testcase.rb:452:in `run_test'
/opt/local/lib/ruby/gems/1.8/gems/test-unit-2.0.9/lib/test/unit/testcase.rb:320:in `run'
/opt/local/lib/ruby/gems/1.8/gems/test-unit-2.0.9/lib/test/unit/testsuite.rb:38:in `run'
/opt/local/lib/ruby/gems/1.8/gems/test-unit-2.0.9/lib/test/unit/testsuite.rb:37:in `each'
/opt/local/lib/ruby/gems/1.8/gems/test-unit-2.0.9/lib/test/unit/testsuite.rb:37:in `run'
/opt/local/lib/ruby/gems/1.8/gems/test-unit-2.0.9/lib/test/unit/testsuite.rb:38:in `run'
/opt/local/lib/ruby/gems/1.8/gems/test-unit-2.0.9/lib/test/unit/testsuite.rb:37:in `each'
/opt/local/lib/ruby/gems/1.8/gems/test-unit-2.0.9/lib/test/unit/testsuite.rb:37:in `run'
/opt/local/lib/ruby/gems/1.8/gems/test-unit-2.0.9/lib/test/unit/ui/testrunnermediator.rb:48:in `run_suite'
/opt/local/lib/ruby/gems/1.8/gems/test-unit-2.0.9/lib/test/unit/ui/console/testrunner.rb:82:in `start_mediator'
/opt/local/lib/ruby/gems/1.8/gems/test-unit-2.0.9/lib/test/unit/ui/console/testrunner.rb:52:in `start'
/opt/local/lib/ruby/gems/1.8/gems/test-unit-2.0.9/lib/test/unit/ui/testrunnerutilities.rb:24:in `run'
/opt/local/lib/ruby/gems/1.8/gems/test-unit-2.0.9/lib/test/unit/autorunner.rb:304:in `run'
/opt/local/lib/ruby/gems/1.8/gems/test-unit-2.0.9/lib/test/unit/autorunner.rb:52:in `run'
/opt/local/lib/ruby/gems/1.8/gems/test-unit-2.0.9/lib/test/unit.rb:321
regression.rb:345    </failure>
  </testcase>
  <testcase name="test_job_by_limit_5" assertions="20" time="0.266892">
    <failure type="NoMethodError" message="undefined method `[]' for nil:NilClass">
undefined method `[]' for nil:NilClass (NoMethodError)
regression.rb:172:in `test_job_by_limit_5'
regression.rb:171:in `each'
regression.rb:171:in `test_job_by_limit_5'
/opt/local/lib/ruby/gems/1.8/gems/test-unit-2.0.9/lib/test/unit/testcase.rb:452:in `__send__'
/opt/local/lib/ruby/gems/1.8/gems/test-unit-2.0.9/lib/test/unit/testcase.rb:452:in `run_test'
/opt/local/lib/ruby/gems/1.8/gems/test-unit-2.0.9/lib/test/unit/testcase.rb:320:in `run'
/opt/local/lib/ruby/gems/1.8/gems/test-unit-2.0.9/lib/test/unit/testsuite.rb:38:in `run'
/opt/local/lib/ruby/gems/1.8/gems/test-unit-2.0.9/lib/test/unit/testsuite.rb:37:in `each'
/opt/local/lib/ruby/gems/1.8/gems/test-unit-2.0.9/lib/test/unit/testsuite.rb:37:in `run'
/opt/local/lib/ruby/gems/1.8/gems/test-unit-2.0.9/lib/test/unit/testsuite.rb:38:in `run'
/opt/local/lib/ruby/gems/1.8/gems/test-unit-2.0.9/lib/test/unit/testsuite.rb:37:in `each'
/opt/local/lib/ruby/gems/1.8/gems/test-unit-2.0.9/lib/test/unit/testsuite.rb:37:in `run'
/opt/local/lib/ruby/gems/1.8/gems/test-unit-2.0.9/lib/test/unit/ui/testrunnermediator.rb:48:in `run_suite'
/opt/local/lib/ruby/gems/1.8/gems/test-unit-2.0.9/lib/test/unit/ui/console/testrunner.rb:82:in `start_mediator'
/opt/local/lib/ruby/gems/1.8/gems/test-unit-2.0.9/lib/test/unit/ui/console/testrunner.rb:52:in `start'
/opt/local/lib/ruby/gems/1.8/gems/test-unit-2.0.9/lib/test/unit/ui/testrunnerutilities.rb:24:in `run'
/opt/local/lib/ruby/gems/1.8/gems/test-unit-2.0.9/lib/test/unit/autorunner.rb:304:in `run'
/opt/local/lib/ruby/gems/1.8/gems/test-unit-2.0.9/lib/test/unit/autorunner.rb:52:in `run'
/opt/local/lib/ruby/gems/1.8/gems/test-unit-2.0.9/lib/test/unit.rb:321
regression.rb:345    </failure>
  </testcase>
  <testcase name="test_job_by_offset_100" assertions="40" time="0.434071">
  </testcase>
  <testcase name="test_job_by_offset_14" assertions="40" time="0.375327">
  </testcase>
  <testcase name="test_job_by_offset_4" assertions="40" time="0.389913">
  </testcase>
  <testcase name="test_job_by_offset_50" assertions="40" time="0.540233">
  </testcase>
  <testcase name="test_job_by_offset_53" assertions="40" time="0.425603">
  </testcase>
  <testcase name="test_job_by_offset_68" assertions="40" time="0.425643">
  </testcase>
  <testcase name="test_job_by_offset_72" assertions="40" time="0.456896">
  </testcase>
  <testcase name="test_job_by_offset_88" assertions="40" time="0.42649">
  </testcase>
  <testcase name="test_job_by_slug_0" assertions="4" time="0.171349">
  </testcase>
  <testcase name="test_job_by_slug_1" assertions="4" time="0.169499">
  </testcase>
  <testcase name="test_job_by_slug_10" assertions="4" time="0.228289">
  </testcase>
  <testcase name="test_job_by_slug_11" assertions="4" time="0.166794">
  </testcase>
  <testcase name="test_job_by_slug_12" assertions="4" time="0.171784">
  </testcase>
  <testcase name="test_job_by_slug_13" assertions="4" time="0.177299">
  </testcase>
  <testcase name="test_job_by_slug_14" assertions="4" time="0.163611">
  </testcase>
  <testcase name="test_job_by_slug_15" assertions="4" time="0.167242">
  </testcase>
  <testcase name="test_job_by_slug_16" assertions="4" time="0.175695">
  </testcase>
  <testcase name="test_job_by_slug_17" assertions="4" time="0.167725">
  </testcase>
  <testcase name="test_job_by_slug_18" assertions="4" time="0.190651">
  </testcase>
  <testcase name="test_job_by_slug_19" assertions="4" time="0.163422">
  </testcase>
  <testcase name="test_job_by_slug_2" assertions="4" time="0.168393">
  </testcase>
  <testcase name="test_job_by_slug_20" assertions="4" time="0.184736">
  </testcase>
  <testcase name="test_job_by_slug_21" assertions="4" time="0.163705">
  </testcase>
  <testcase name="test_job_by_slug_22" assertions="4" time="0.179755">
  </testcase>
  <testcase name="test_job_by_slug_23" assertions="4" time="0.42773">
  </testcase>
  <testcase name="test_job_by_slug_24" assertions="4" time="0.208502">
  </testcase>
  <testcase name="test_job_by_slug_25" assertions="4" time="0.189239">
  </testcase>
  <testcase name="test_job_by_slug_26" assertions="4" time="0.168982">
  </testcase>
  <testcase name="test_job_by_slug_27" assertions="4" time="0.163097">
  </testcase>
  <testcase name="test_job_by_slug_28" assertions="4" time="0.179662">
  </testcase>
  <testcase name="test_job_by_slug_29" assertions="4" time="0.177261">
  </testcase>
  <testcase name="test_job_by_slug_3" assertions="4" time="0.174961">
  </testcase>
  <testcase name="test_job_by_slug_4" assertions="4" time="0.166763">
  </testcase>
  <testcase name="test_job_by_slug_5" assertions="4" time="0.167816">
  </testcase>
  <testcase name="test_job_by_slug_6" assertions="4" time="0.172489">
  </testcase>
  <testcase name="test_job_by_slug_7" assertions="4" time="0.162563">
  </testcase>
  <testcase name="test_job_by_slug_8" assertions="4" time="0.163162">
  </testcase>
  <testcase name="test_job_by_slug_9" assertions="4" time="0.167427">
  </testcase>
  <testcase name="test_job_by_status_active" assertions="1" time="0.56388">
    <failure type="Test::Unit::AssertionFailedError" message="The title values are equal for deleted....">
The title values are equal for deleted.
&lt;"Manager Packaged Goods"&gt; expected to be =~
&lt;/Research\ Telemarketing\ Representative/&gt;. (Test::Unit::AssertionFailedError)
regression.rb:138:in `test_job_by_status_active'
regression.rb:137:in `each'
regression.rb:137:in `test_job_by_status_active'    </failure>
  </testcase>
  <testcase name="test_job_by_status_deleted" assertions="21" time="0.429925">
    <failure type="Test::Unit::AssertionFailedError" message="The title values are equal for ....">
The title values are equal for .
&lt;"Sales Development Specialist"&gt; expected to be =~
&lt;/Analytics\ Producer\ \-\ Gourmet\ Live/&gt;. (Test::Unit::AssertionFailedError)
regression.rb:138:in `test_job_by_status_deleted'
regression.rb:137:in `each'
regression.rb:137:in `test_job_by_status_deleted'    </failure>
  </testcase>
  <testcase name="test_job_by_status_filled" assertions="40" time="0.364401">
  </testcase>
  <testcase name="test_job_by_status_pending" assertions="1" time="1.552365">
    <failure type="Test::Unit::AssertionFailedError" message="The title values are equal for deleted....">
The title values are equal for deleted.
&lt;"SBS HR Publishing Coordinator Job"&gt; expected to be =~
&lt;/Financial\ Analyst\ Business\ Planning/&gt;. (Test::Unit::AssertionFailedError)
regression.rb:138:in `test_job_by_status_pending'
regression.rb:137:in `each'
regression.rb:137:in `test_job_by_status_pending'    </failure>
  </testcase>
  <testcase name="test_jobs_by_company_id_0" assertions="40" time="0.424542">
  </testcase>
  <testcase name="test_jobs_by_company_id_1" assertions="1" time="0.525087">
    <failure type="Test::Unit::AssertionFailedError" message="The title values are equal for 2....">
The title values are equal for 2.
&lt;"Web Associate"&gt; expected to be =~
&lt;/Research\ Telemarketing\ Representative/&gt;. (Test::Unit::AssertionFailedError)
regression.rb:100:in `test_jobs_by_company_id_1'
regression.rb:99:in `each'
regression.rb:99:in `test_jobs_by_company_id_1'    </failure>
  </testcase>
  <testcase name="test_jobs_by_company_id_10" assertions="1" time="0.747331">
    <failure type="Test::Unit::AssertionFailedError" message="The title values are equal for 2....">
The title values are equal for 2.
&lt;"Director Sales Operations I-516874"&gt; expected to be =~
&lt;/HPCS\ Cloud\ Support\ Technical\ Consultant\ \-\ 658594/&gt;. (Test::Unit::AssertionFailedError)
regression.rb:100:in `test_jobs_by_company_id_10'
regression.rb:99:in `each'
regression.rb:99:in `test_jobs_by_company_id_10'    </failure>
  </testcase>
  <testcase name="test_jobs_by_company_id_11" assertions="40" time="0.418826">
  </testcase>
  <testcase name="test_jobs_by_company_id_12" assertions="1" time="0.624145">
    <failure type="Test::Unit::AssertionFailedError" message="The title values are equal for 2....">
The title values are equal for 2.
&lt;"Medical Director, Product Leader - Infectious Disease Job"&gt; expected to be =~
&lt;/Dutch\ Service\ Analyst/&gt;. (Test::Unit::AssertionFailedError)
regression.rb:100:in `test_jobs_by_company_id_12'
regression.rb:99:in `each'
regression.rb:99:in `test_jobs_by_company_id_12'    </failure>
  </testcase>
  <testcase name="test_jobs_by_company_id_13" assertions="5" time="0.438866">
    <failure type="Test::Unit::AssertionFailedError" message="The title values are equal for 3....">
The title values are equal for 3.
&lt;"MS/PhD Fulltime Recent College Graduate"&gt; expected to be =~
&lt;/ST\ Group\ Grad\ Intern/&gt;. (Test::Unit::AssertionFailedError)
regression.rb:100:in `test_jobs_by_company_id_13'
regression.rb:99:in `each'
regression.rb:99:in `test_jobs_by_company_id_13'    </failure>
  </testcase>
  <testcase name="test_jobs_by_company_id_14" assertions="1" time="0.540165">
    <failure type="Test::Unit::AssertionFailedError" message="The title values are equal for 2....">
The title values are equal for 2.
&lt;"Finance Office Assistant (Part-time)"&gt; expected to be =~
&lt;/Jr\.\ Data\ Services\ Engineer/&gt;. (Test::Unit::AssertionFailedError)
regression.rb:100:in `test_jobs_by_company_id_14'
regression.rb:99:in `each'
regression.rb:99:in `test_jobs_by_company_id_14'    </failure>
  </testcase>
  <testcase name="test_jobs_by_company_id_15" assertions="25" time="0.642774">
    <failure type="Test::Unit::AssertionFailedError" message="The title values are equal for 8....">
The title values are equal for 8.
&lt;"Account Manager 1 NBM- Connecticut, Small Business"&gt; expected to be =~
&lt;/Account\ Manager\ 1\-Kansas\ City,\ MO/&gt;. (Test::Unit::AssertionFailedError)
regression.rb:100:in `test_jobs_by_company_id_15'
regression.rb:99:in `each'
regression.rb:99:in `test_jobs_by_company_id_15'    </failure>
  </testcase>
  <testcase name="test_jobs_by_company_id_16" assertions="4" time="0.159695">
  </testcase>
  <testcase name="test_jobs_by_company_id_17" assertions="1" time="0.581187">
    <failure type="Test::Unit::AssertionFailedError" message="The title values are equal for 2....">
The title values are equal for 2.
&lt;"Capital Markets Market Risk Analyst"&gt; expected to be =~
&lt;/Sr\ Tech\ Mgr\ \-\ Apps\ Prog/&gt;. (Test::Unit::AssertionFailedError)
regression.rb:100:in `test_jobs_by_company_id_17'
regression.rb:99:in `each'
regression.rb:99:in `test_jobs_by_company_id_17'    </failure>
  </testcase>
  <testcase name="test_jobs_by_company_id_18" assertions="1" time="0.556354">
    <failure type="Test::Unit::AssertionFailedError" message="The title values are equal for 2....">
The title values are equal for 2.
&lt;"Accounting Manager"&gt; expected to be =~
&lt;/Engineering\ Opportunities/&gt;. (Test::Unit::AssertionFailedError)
regression.rb:100:in `test_jobs_by_company_id_18'
regression.rb:99:in `each'
regression.rb:99:in `test_jobs_by_company_id_18'    </failure>
  </testcase>
  <testcase name="test_jobs_by_company_id_19" assertions="40" time="0.52395">
  </testcase>
  <testcase name="test_jobs_by_company_id_2" assertions="8" time="0.162739">
  </testcase>
  <testcase name="test_jobs_by_company_id_20" assertions="40" time="0.526701">
  </testcase>
  <testcase name="test_jobs_by_company_id_21" assertions="4" time="0.162213">
  </testcase>
  <testcase name="test_jobs_by_company_id_22" assertions="28" time="0.369722">
  </testcase>
  <testcase name="test_jobs_by_company_id_23" assertions="1" time="0.584799">
    <failure type="Test::Unit::AssertionFailedError" message="The title values are equal for 2....">
The title values are equal for 2.
&lt;"Product Manager- Women's Healthcare"&gt; expected to be =~
&lt;/Senior\ Network\ Engineer\ /&gt;. (Test::Unit::AssertionFailedError)
regression.rb:100:in `test_jobs_by_company_id_23'
regression.rb:99:in `each'
regression.rb:99:in `test_jobs_by_company_id_23'    </failure>
  </testcase>
  <testcase name="test_jobs_by_company_id_24" assertions="9" time="0.478832">
    <failure type="Test::Unit::AssertionFailedError" message="The title values are equal for 4....">
The title values are equal for 4.
&lt;"Client Success Manager"&gt; expected to be =~
&lt;/Graphic\ Design\ Internship/&gt;. (Test::Unit::AssertionFailedError)
regression.rb:100:in `test_jobs_by_company_id_24'
regression.rb:99:in `each'
regression.rb:99:in `test_jobs_by_company_id_24'    </failure>
  </testcase>
  <testcase name="test_jobs_by_company_id_25" assertions="1" time="0.479698">
    <failure type="Test::Unit::AssertionFailedError" message="The title values are equal for 2....">
The title values are equal for 2.
&lt;"Junior Revenue Accountant"&gt; expected to be =~
&lt;/QA\ Software\ Engineer/&gt;. (Test::Unit::AssertionFailedError)
regression.rb:100:in `test_jobs_by_company_id_25'
regression.rb:99:in `each'
regression.rb:99:in `test_jobs_by_company_id_25'    </failure>
  </testcase>
  <testcase name="test_jobs_by_company_id_26" assertions="1" time="0.564822">
    <failure type="Test::Unit::AssertionFailedError" message="The title values are equal for 2....">
The title values are equal for 2.
&lt;"* Bilingual Retail Sales Associate*"&gt; expected to be =~
&lt;/Engineer,\ RF\ Deployment/&gt;. (Test::Unit::AssertionFailedError)
regression.rb:100:in `test_jobs_by_company_id_26'
regression.rb:99:in `each'
regression.rb:99:in `test_jobs_by_company_id_26'    </failure>
  </testcase>
  <testcase name="test_jobs_by_company_id_27" assertions="24" time="0.270211">
  </testcase>
  <testcase name="test_jobs_by_company_id_28" assertions="8" time="0.163458">
  </testcase>
  <testcase name="test_jobs_by_company_id_29" assertions="1" time="0.424848">
    <failure type="Test::Unit::AssertionFailedError" message="The title values are equal for 2....">
The title values are equal for 2.
&lt;"Success Manager"&gt; expected to be =~
&lt;/QA\ Engineer\ /&gt;. (Test::Unit::AssertionFailedError)
regression.rb:100:in `test_jobs_by_company_id_29'
regression.rb:99:in `each'
regression.rb:99:in `test_jobs_by_company_id_29'    </failure>
  </testcase>
  <testcase name="test_jobs_by_company_id_3" assertions="40" time="0.420181">
  </testcase>
  <testcase name="test_jobs_by_company_id_4" assertions="40" time="0.473609">
  </testcase>
  <testcase name="test_jobs_by_company_id_5" assertions="40" time="0.368747">
  </testcase>
  <testcase name="test_jobs_by_company_id_6" assertions="40" time="0.422623">
  </testcase>
  <testcase name="test_jobs_by_company_id_7" assertions="1" time="0.534058">
    <failure type="Test::Unit::AssertionFailedError" message="The title values are equal for 2....">
The title values are equal for 2.
&lt;"Product Manager - AWS CloudFront"&gt; expected to be =~
&lt;/Sr\ Demand\ Planner,\ Kindle/&gt;. (Test::Unit::AssertionFailedError)
regression.rb:100:in `test_jobs_by_company_id_7'
regression.rb:99:in `each'
regression.rb:99:in `test_jobs_by_company_id_7'    </failure>
  </testcase>
  <testcase name="test_jobs_by_company_id_8" assertions="1" time="0.524112">
    <failure type="Test::Unit::AssertionFailedError" message="The title values are equal for 2....">
The title values are equal for 2.
&lt;"Inbound Sales Specialist"&gt; expected to be =~
&lt;/Systems\ Support\ Analyst\ 4/&gt;. (Test::Unit::AssertionFailedError)
regression.rb:100:in `test_jobs_by_company_id_8'
regression.rb:99:in `each'
regression.rb:99:in `test_jobs_by_company_id_8'    </failure>
  </testcase>
  <testcase name="test_jobs_by_company_id_9" assertions="13" time="0.740496">
    <failure type="Test::Unit::AssertionFailedError" message="The title values are equal for 5....">
The title values are equal for 5.
&lt;"Sr Mgr Engineering"&gt; expected to be =~
&lt;/Operational\ Software\/Test\ Engineer/&gt;. (Test::Unit::AssertionFailedError)
regression.rb:100:in `test_jobs_by_company_id_9'
regression.rb:99:in `each'
regression.rb:99:in `test_jobs_by_company_id_9'    </failure>
  </testcase>
  <testcase name="test_questions_for_a_job" assertions="122" time="2.176217">
  </testcase>
  <testcase name="test_search_jobs_by_title_text" assertions="30" time="0.271142">
  </testcase>
  <system-out>
  </system-out>
  <system-err>
  </system-err>
</testsuite>
