<?xml version="1.0" encoding="UTF-8"?>
<testsuite failures="19" tests="132" skipped="0" name="JobServiceRegression" assertions="2499" time="43.34314" errors="0">
  <testcase name="test_connection" assertions="0" time="0.148522">
  </testcase>
  <testcase name="test_job_by_categoryid_1" assertions="40" time="0.48123">
  </testcase>
  <testcase name="test_job_by_categoryid_10" assertions="40" time="0.74569">
  </testcase>
  <testcase name="test_job_by_categoryid_11" assertions="40" time="0.478235">
  </testcase>
  <testcase name="test_job_by_categoryid_12" assertions="40" time="0.369516">
  </testcase>
  <testcase name="test_job_by_categoryid_13" assertions="40" time="0.372191">
  </testcase>
  <testcase name="test_job_by_categoryid_14" assertions="40" time="0.37264">
  </testcase>
  <testcase name="test_job_by_categoryid_15" assertions="40" time="0.434177">
  </testcase>
  <testcase name="test_job_by_categoryid_16" assertions="40" time="0.745081">
  </testcase>
  <testcase name="test_job_by_categoryid_17" assertions="40" time="0.51651">
  </testcase>
  <testcase name="test_job_by_categoryid_18" assertions="40" time="0.367519">
  </testcase>
  <testcase name="test_job_by_categoryid_19" assertions="40" time="0.574689">
  </testcase>
  <testcase name="test_job_by_categoryid_2" assertions="40" time="0.48748">
  </testcase>
  <testcase name="test_job_by_categoryid_3" assertions="40" time="0.468308">
  </testcase>
  <testcase name="test_job_by_categoryid_4" assertions="40" time="0.404746">
  </testcase>
  <testcase name="test_job_by_categoryid_5" assertions="40" time="0.473879">
  </testcase>
  <testcase name="test_job_by_categoryid_6" assertions="40" time="0.576316">
  </testcase>
  <testcase name="test_job_by_categoryid_7" assertions="40" time="0.705955">
  </testcase>
  <testcase name="test_job_by_categoryid_8" assertions="40" time="0.527003">
  </testcase>
  <testcase name="test_job_by_categoryid_9" assertions="40" time="0.521252">
  </testcase>
  <testcase name="test_job_by_id_1" assertions="4" time="0.15995">
  </testcase>
  <testcase name="test_job_by_id_112510" assertions="4" time="0.160388">
  </testcase>
  <testcase name="test_job_by_id_1127" assertions="4" time="0.157775">
  </testcase>
  <testcase name="test_job_by_id_119654" assertions="4" time="0.159396">
  </testcase>
  <testcase name="test_job_by_id_14113" assertions="4" time="0.160128">
  </testcase>
  <testcase name="test_job_by_id_18565" assertions="4" time="0.158278">
  </testcase>
  <testcase name="test_job_by_id_25106" assertions="4" time="0.160961">
  </testcase>
  <testcase name="test_job_by_id_2551" assertions="4" time="0.161643">
  </testcase>
  <testcase name="test_job_by_id_25995" assertions="4" time="0.161019">
  </testcase>
  <testcase name="test_job_by_id_2634" assertions="4" time="0.159168">
  </testcase>
  <testcase name="test_job_by_id_2645" assertions="4" time="0.159541">
  </testcase>
  <testcase name="test_job_by_id_26778" assertions="4" time="0.158507">
  </testcase>
  <testcase name="test_job_by_id_26780" assertions="4" time="0.161502">
  </testcase>
  <testcase name="test_job_by_id_275162" assertions="4" time="0.161044">
  </testcase>
  <testcase name="test_job_by_id_28" assertions="4" time="0.159643">
  </testcase>
  <testcase name="test_job_by_id_28517" assertions="4" time="0.160878">
  </testcase>
  <testcase name="test_job_by_id_32436" assertions="4" time="0.16114">
  </testcase>
  <testcase name="test_job_by_id_33067" assertions="4" time="0.16038">
  </testcase>
  <testcase name="test_job_by_id_33883" assertions="4" time="0.16037">
  </testcase>
  <testcase name="test_job_by_id_360129" assertions="4" time="0.158943">
  </testcase>
  <testcase name="test_job_by_id_4377" assertions="4" time="0.209272">
  </testcase>
  <testcase name="test_job_by_id_54389" assertions="4" time="0.159719">
  </testcase>
  <testcase name="test_job_by_id_57735" assertions="4" time="0.160437">
  </testcase>
  <testcase name="test_job_by_id_6468" assertions="4" time="0.167022">
  </testcase>
  <testcase name="test_job_by_id_70675" assertions="4" time="0.179199">
  </testcase>
  <testcase name="test_job_by_id_7404" assertions="4" time="0.160378">
  </testcase>
  <testcase name="test_job_by_id_8" assertions="4" time="0.159239">
  </testcase>
  <testcase name="test_job_by_id_8852" assertions="4" time="0.162961">
  </testcase>
  <testcase name="test_job_by_id_94457" assertions="4" time="0.157822">
  </testcase>
  <testcase name="test_job_by_id_9629" assertions="4" time="0.157933">
  </testcase>
  <testcase name="test_job_by_limit_1" assertions="4" time="0.159619">
  </testcase>
  <testcase name="test_job_by_limit_10" assertions="40" time="0.368325">
  </testcase>
  <testcase name="test_job_by_limit_15" assertions="60" time="0.452938">
  </testcase>
  <testcase name="test_job_by_limit_20" assertions="80" time="0.528702">
  </testcase>
  <testcase name="test_job_by_limit_25" assertions="100" time="0.674951">
  </testcase>
  <testcase name="test_job_by_limit_30" assertions="100" time="0.631477">
  </testcase>
  <testcase name="test_job_by_limit_35" assertions="100" time="0.693957">
  </testcase>
  <testcase name="test_job_by_limit_5" assertions="20" time="0.262277">
  </testcase>
  <testcase name="test_job_by_offset_100" assertions="40" time="0.417566">
  </testcase>
  <testcase name="test_job_by_offset_14" assertions="40" time="0.386149">
  </testcase>
  <testcase name="test_job_by_offset_4" assertions="40" time="0.36848">
  </testcase>
  <testcase name="test_job_by_offset_50" assertions="40" time="0.531638">
  </testcase>
  <testcase name="test_job_by_offset_53" assertions="40" time="0.425422">
  </testcase>
  <testcase name="test_job_by_offset_68" assertions="40" time="0.429027">
  </testcase>
  <testcase name="test_job_by_offset_72" assertions="40" time="0.426137">
  </testcase>
  <testcase name="test_job_by_offset_88" assertions="40" time="0.371476">
  </testcase>
  <testcase name="test_job_by_slug_0" assertions="4" time="0.157457">
  </testcase>
  <testcase name="test_job_by_slug_1" assertions="4" time="0.157952">
  </testcase>
  <testcase name="test_job_by_slug_10" assertions="4" time="0.20768">
  </testcase>
  <testcase name="test_job_by_slug_11" assertions="4" time="0.160567">
  </testcase>
  <testcase name="test_job_by_slug_12" assertions="4" time="0.162343">
  </testcase>
  <testcase name="test_job_by_slug_13" assertions="4" time="0.159956">
  </testcase>
  <testcase name="test_job_by_slug_14" assertions="4" time="0.160134">
  </testcase>
  <testcase name="test_job_by_slug_15" assertions="4" time="0.160587">
  </testcase>
  <testcase name="test_job_by_slug_16" assertions="4" time="0.161614">
  </testcase>
  <testcase name="test_job_by_slug_17" assertions="4" time="0.161336">
  </testcase>
  <testcase name="test_job_by_slug_18" assertions="4" time="0.157392">
  </testcase>
  <testcase name="test_job_by_slug_19" assertions="4" time="0.157982">
  </testcase>
  <testcase name="test_job_by_slug_2" assertions="4" time="0.158105">
  </testcase>
  <testcase name="test_job_by_slug_20" assertions="4" time="0.173562">
  </testcase>
  <testcase name="test_job_by_slug_21" assertions="4" time="0.167067">
  </testcase>
  <testcase name="test_job_by_slug_22" assertions="4" time="0.167942">
  </testcase>
  <testcase name="test_job_by_slug_23" assertions="4" time="0.161662">
  </testcase>
  <testcase name="test_job_by_slug_24" assertions="4" time="0.162351">
  </testcase>
  <testcase name="test_job_by_slug_25" assertions="4" time="0.160999">
  </testcase>
  <testcase name="test_job_by_slug_26" assertions="4" time="0.157786">
  </testcase>
  <testcase name="test_job_by_slug_27" assertions="4" time="0.159078">
  </testcase>
  <testcase name="test_job_by_slug_28" assertions="4" time="0.158729">
  </testcase>
  <testcase name="test_job_by_slug_29" assertions="4" time="0.160223">
  </testcase>
  <testcase name="test_job_by_slug_3" assertions="4" time="0.159329">
  </testcase>
  <testcase name="test_job_by_slug_4" assertions="4" time="0.160629">
  </testcase>
  <testcase name="test_job_by_slug_5" assertions="4" time="0.16218">
  </testcase>
  <testcase name="test_job_by_slug_6" assertions="4" time="0.161087">
  </testcase>
  <testcase name="test_job_by_slug_7" assertions="4" time="0.15831">
  </testcase>
  <testcase name="test_job_by_slug_8" assertions="4" time="0.160319">
  </testcase>
  <testcase name="test_job_by_slug_9" assertions="4" time="0.160116">
  </testcase>
  <testcase name="test_job_by_status_active" assertions="1" time="0.523491">
    <failure type="Test::Unit::AssertionFailedError" message="The title values are equal for deleted....">
The title values are equal for deleted.
&lt;"Manager Packaged Goods"&gt; expected to be =~
&lt;/Research\ Telemarketing\ Representative/&gt;. (Test::Unit::AssertionFailedError)
regression.rb:138:in `test_job_by_status_active'
regression.rb:137:in `each'
regression.rb:137:in `test_job_by_status_active'    </failure>
  </testcase>
  <testcase name="test_job_by_status_deleted" assertions="21" time="0.419131">
    <failure type="Test::Unit::AssertionFailedError" message="The title values are equal for ....">
The title values are equal for .
&lt;"Sales Development Specialist"&gt; expected to be =~
&lt;/Analytics\ Producer\ \-\ Gourmet\ Live/&gt;. (Test::Unit::AssertionFailedError)
regression.rb:138:in `test_job_by_status_deleted'
regression.rb:137:in `each'
regression.rb:137:in `test_job_by_status_deleted'    </failure>
  </testcase>
  <testcase name="test_job_by_status_filled" assertions="40" time="0.333182">
  </testcase>
  <testcase name="test_job_by_status_pending" assertions="1" time="0.587063">
    <failure type="Test::Unit::AssertionFailedError" message="The title values are equal for deleted....">
The title values are equal for deleted.
&lt;"SBS HR Publishing Coordinator Job"&gt; expected to be =~
&lt;/Financial\ Analyst\ Business\ Planning/&gt;. (Test::Unit::AssertionFailedError)
regression.rb:138:in `test_job_by_status_pending'
regression.rb:137:in `each'
regression.rb:137:in `test_job_by_status_pending'    </failure>
  </testcase>
  <testcase name="test_jobs_by_company_id_0" assertions="40" time="0.424129">
  </testcase>
  <testcase name="test_jobs_by_company_id_1" assertions="1" time="0.51783">
    <failure type="Test::Unit::AssertionFailedError" message="The title values are equal for 2....">
The title values are equal for 2.
&lt;"Web Associate"&gt; expected to be =~
&lt;/Research\ Telemarketing\ Representative/&gt;. (Test::Unit::AssertionFailedError)
regression.rb:100:in `test_jobs_by_company_id_1'
regression.rb:99:in `each'
regression.rb:99:in `test_jobs_by_company_id_1'    </failure>
  </testcase>
  <testcase name="test_jobs_by_company_id_10" assertions="1" time="0.758667">
    <failure type="Test::Unit::AssertionFailedError" message="The title values are equal for 2....">
The title values are equal for 2.
&lt;"Director Sales Operations I-516874"&gt; expected to be =~
&lt;/HPCS\ Cloud\ Support\ Technical\ Consultant\ \-\ 658594/&gt;. (Test::Unit::AssertionFailedError)
regression.rb:100:in `test_jobs_by_company_id_10'
regression.rb:99:in `each'
regression.rb:99:in `test_jobs_by_company_id_10'    </failure>
  </testcase>
  <testcase name="test_jobs_by_company_id_11" assertions="40" time="0.413161">
  </testcase>
  <testcase name="test_jobs_by_company_id_12" assertions="1" time="0.677637">
    <failure type="Test::Unit::AssertionFailedError" message="The title values are equal for 2....">
The title values are equal for 2.
&lt;"Medical Director, Product Leader - Infectious Disease Job"&gt; expected to be =~
&lt;/Dutch\ Service\ Analyst/&gt;. (Test::Unit::AssertionFailedError)
regression.rb:100:in `test_jobs_by_company_id_12'
regression.rb:99:in `each'
regression.rb:99:in `test_jobs_by_company_id_12'    </failure>
  </testcase>
  <testcase name="test_jobs_by_company_id_13" assertions="5" time="0.424721">
    <failure type="Test::Unit::AssertionFailedError" message="The title values are equal for 3....">
The title values are equal for 3.
&lt;"MS/PhD Fulltime Recent College Graduate"&gt; expected to be =~
&lt;/ST\ Group\ Grad\ Intern/&gt;. (Test::Unit::AssertionFailedError)
regression.rb:100:in `test_jobs_by_company_id_13'
regression.rb:99:in `each'
regression.rb:99:in `test_jobs_by_company_id_13'    </failure>
  </testcase>
  <testcase name="test_jobs_by_company_id_14" assertions="1" time="0.519938">
    <failure type="Test::Unit::AssertionFailedError" message="The title values are equal for 2....">
The title values are equal for 2.
&lt;"Finance Office Assistant (Part-time)"&gt; expected to be =~
&lt;/Jr\.\ Data\ Services\ Engineer/&gt;. (Test::Unit::AssertionFailedError)
regression.rb:100:in `test_jobs_by_company_id_14'
regression.rb:99:in `each'
regression.rb:99:in `test_jobs_by_company_id_14'    </failure>
  </testcase>
  <testcase name="test_jobs_by_company_id_15" assertions="25" time="0.635186">
    <failure type="Test::Unit::AssertionFailedError" message="The title values are equal for 8....">
The title values are equal for 8.
&lt;"Account Manager 1 NBM- Connecticut, Small Business"&gt; expected to be =~
&lt;/Account\ Manager\ 1\-Kansas\ City,\ MO/&gt;. (Test::Unit::AssertionFailedError)
regression.rb:100:in `test_jobs_by_company_id_15'
regression.rb:99:in `each'
regression.rb:99:in `test_jobs_by_company_id_15'    </failure>
  </testcase>
  <testcase name="test_jobs_by_company_id_16" assertions="4" time="0.175661">
  </testcase>
  <testcase name="test_jobs_by_company_id_17" assertions="1" time="0.569633">
    <failure type="Test::Unit::AssertionFailedError" message="The title values are equal for 2....">
The title values are equal for 2.
&lt;"Capital Markets Market Risk Analyst"&gt; expected to be =~
&lt;/Sr\ Tech\ Mgr\ \-\ Apps\ Prog/&gt;. (Test::Unit::AssertionFailedError)
regression.rb:100:in `test_jobs_by_company_id_17'
regression.rb:99:in `each'
regression.rb:99:in `test_jobs_by_company_id_17'    </failure>
  </testcase>
  <testcase name="test_jobs_by_company_id_18" assertions="1" time="0.565862">
    <failure type="Test::Unit::AssertionFailedError" message="The title values are equal for 2....">
The title values are equal for 2.
&lt;"Accounting Manager"&gt; expected to be =~
&lt;/Engineering\ Opportunities/&gt;. (Test::Unit::AssertionFailedError)
regression.rb:100:in `test_jobs_by_company_id_18'
regression.rb:99:in `each'
regression.rb:99:in `test_jobs_by_company_id_18'    </failure>
  </testcase>
  <testcase name="test_jobs_by_company_id_19" assertions="40" time="0.62332">
  </testcase>
  <testcase name="test_jobs_by_company_id_2" assertions="8" time="0.161644">
  </testcase>
  <testcase name="test_jobs_by_company_id_20" assertions="40" time="0.599238">
  </testcase>
  <testcase name="test_jobs_by_company_id_21" assertions="4" time="0.160252">
  </testcase>
  <testcase name="test_jobs_by_company_id_22" assertions="28" time="0.364789">
  </testcase>
  <testcase name="test_jobs_by_company_id_23" assertions="1" time="0.574629">
    <failure type="Test::Unit::AssertionFailedError" message="The title values are equal for 2....">
The title values are equal for 2.
&lt;"Product Manager- Women's Healthcare"&gt; expected to be =~
&lt;/Senior\ Network\ Engineer\ /&gt;. (Test::Unit::AssertionFailedError)
regression.rb:100:in `test_jobs_by_company_id_23'
regression.rb:99:in `each'
regression.rb:99:in `test_jobs_by_company_id_23'    </failure>
  </testcase>
  <testcase name="test_jobs_by_company_id_24" assertions="9" time="0.473577">
    <failure type="Test::Unit::AssertionFailedError" message="The title values are equal for 4....">
The title values are equal for 4.
&lt;"Client Success Manager"&gt; expected to be =~
&lt;/Graphic\ Design\ Internship/&gt;. (Test::Unit::AssertionFailedError)
regression.rb:100:in `test_jobs_by_company_id_24'
regression.rb:99:in `each'
regression.rb:99:in `test_jobs_by_company_id_24'    </failure>
  </testcase>
  <testcase name="test_jobs_by_company_id_25" assertions="1" time="0.471057">
    <failure type="Test::Unit::AssertionFailedError" message="The title values are equal for 2....">
The title values are equal for 2.
&lt;"Junior Revenue Accountant"&gt; expected to be =~
&lt;/QA\ Software\ Engineer/&gt;. (Test::Unit::AssertionFailedError)
regression.rb:100:in `test_jobs_by_company_id_25'
regression.rb:99:in `each'
regression.rb:99:in `test_jobs_by_company_id_25'    </failure>
  </testcase>
  <testcase name="test_jobs_by_company_id_26" assertions="1" time="0.568139">
    <failure type="Test::Unit::AssertionFailedError" message="The title values are equal for 2....">
The title values are equal for 2.
&lt;"* Bilingual Retail Sales Associate*"&gt; expected to be =~
&lt;/Engineer,\ RF\ Deployment/&gt;. (Test::Unit::AssertionFailedError)
regression.rb:100:in `test_jobs_by_company_id_26'
regression.rb:99:in `each'
regression.rb:99:in `test_jobs_by_company_id_26'    </failure>
  </testcase>
  <testcase name="test_jobs_by_company_id_27" assertions="24" time="0.313837">
  </testcase>
  <testcase name="test_jobs_by_company_id_28" assertions="8" time="0.162415">
  </testcase>
  <testcase name="test_jobs_by_company_id_29" assertions="1" time="0.418994">
    <failure type="Test::Unit::AssertionFailedError" message="The title values are equal for 2....">
The title values are equal for 2.
&lt;"Success Manager"&gt; expected to be =~
&lt;/QA\ Engineer\ /&gt;. (Test::Unit::AssertionFailedError)
regression.rb:100:in `test_jobs_by_company_id_29'
regression.rb:99:in `each'
regression.rb:99:in `test_jobs_by_company_id_29'    </failure>
  </testcase>
  <testcase name="test_jobs_by_company_id_3" assertions="40" time="0.420499">
  </testcase>
  <testcase name="test_jobs_by_company_id_4" assertions="40" time="0.476758">
  </testcase>
  <testcase name="test_jobs_by_company_id_5" assertions="40" time="0.374917">
  </testcase>
  <testcase name="test_jobs_by_company_id_6" assertions="40" time="0.437553">
  </testcase>
  <testcase name="test_jobs_by_company_id_7" assertions="1" time="0.544347">
    <failure type="Test::Unit::AssertionFailedError" message="The title values are equal for 2....">
The title values are equal for 2.
&lt;"Product Manager - AWS CloudFront"&gt; expected to be =~
&lt;/Sr\ Demand\ Planner,\ Kindle/&gt;. (Test::Unit::AssertionFailedError)
regression.rb:100:in `test_jobs_by_company_id_7'
regression.rb:99:in `each'
regression.rb:99:in `test_jobs_by_company_id_7'    </failure>
  </testcase>
  <testcase name="test_jobs_by_company_id_8" assertions="1" time="0.576013">
    <failure type="Test::Unit::AssertionFailedError" message="The title values are equal for 2....">
The title values are equal for 2.
&lt;"Inbound Sales Specialist"&gt; expected to be =~
&lt;/Systems\ Support\ Analyst\ 4/&gt;. (Test::Unit::AssertionFailedError)
regression.rb:100:in `test_jobs_by_company_id_8'
regression.rb:99:in `each'
regression.rb:99:in `test_jobs_by_company_id_8'    </failure>
  </testcase>
  <testcase name="test_jobs_by_company_id_9" assertions="13" time="0.63206">
    <failure type="Test::Unit::AssertionFailedError" message="The title values are equal for 5....">
The title values are equal for 5.
&lt;"Sr Mgr Engineering"&gt; expected to be =~
&lt;/Operational\ Software\/Test\ Engineer/&gt;. (Test::Unit::AssertionFailedError)
regression.rb:100:in `test_jobs_by_company_id_9'
regression.rb:99:in `each'
regression.rb:99:in `test_jobs_by_company_id_9'    </failure>
  </testcase>
  <testcase name="test_questions_for_a_job" assertions="122" time="0.515243">
  </testcase>
  <testcase name="test_search_jobs_by_title_text" assertions="30" time="0.266436">
  </testcase>
  <system-out>
  </system-out>
  <system-err>
  </system-err>
</testsuite>
