<?xml version="1.0" encoding="UTF-8"?>
<testsuite failures="19" tests="132" skipped="0" name="JobServiceRegression" assertions="2499" time="36.137171" errors="0">
  <testcase name="test_connection" assertions="0" time="0.109752">
  </testcase>
  <testcase name="test_job_by_categoryid_1" assertions="40" time="0.42758">
  </testcase>
  <testcase name="test_job_by_categoryid_10" assertions="40" time="0.555384">
  </testcase>
  <testcase name="test_job_by_categoryid_11" assertions="40" time="0.376846">
  </testcase>
  <testcase name="test_job_by_categoryid_12" assertions="40" time="0.320033">
  </testcase>
  <testcase name="test_job_by_categoryid_13" assertions="40" time="0.338074">
  </testcase>
  <testcase name="test_job_by_categoryid_14" assertions="40" time="0.318411">
  </testcase>
  <testcase name="test_job_by_categoryid_15" assertions="40" time="0.323076">
  </testcase>
  <testcase name="test_job_by_categoryid_16" assertions="40" time="0.533001">
  </testcase>
  <testcase name="test_job_by_categoryid_17" assertions="40" time="0.379017">
  </testcase>
  <testcase name="test_job_by_categoryid_18" assertions="40" time="0.31553">
  </testcase>
  <testcase name="test_job_by_categoryid_19" assertions="40" time="0.431554">
  </testcase>
  <testcase name="test_job_by_categoryid_2" assertions="40" time="0.37507">
  </testcase>
  <testcase name="test_job_by_categoryid_3" assertions="40" time="0.374063">
  </testcase>
  <testcase name="test_job_by_categoryid_4" assertions="40" time="0.320835">
  </testcase>
  <testcase name="test_job_by_categoryid_5" assertions="40" time="0.384977">
  </testcase>
  <testcase name="test_job_by_categoryid_6" assertions="40" time="0.453765">
  </testcase>
  <testcase name="test_job_by_categoryid_7" assertions="40" time="0.487591">
  </testcase>
  <testcase name="test_job_by_categoryid_8" assertions="40" time="0.382496">
  </testcase>
  <testcase name="test_job_by_categoryid_9" assertions="40" time="0.378945">
  </testcase>
  <testcase name="test_job_by_id_1" assertions="4" time="0.159134">
  </testcase>
  <testcase name="test_job_by_id_112510" assertions="4" time="0.16143">
  </testcase>
  <testcase name="test_job_by_id_1127" assertions="4" time="0.16193">
  </testcase>
  <testcase name="test_job_by_id_119654" assertions="4" time="0.178815">
  </testcase>
  <testcase name="test_job_by_id_14113" assertions="4" time="0.165706">
  </testcase>
  <testcase name="test_job_by_id_18565" assertions="4" time="0.161828">
  </testcase>
  <testcase name="test_job_by_id_25106" assertions="4" time="0.166172">
  </testcase>
  <testcase name="test_job_by_id_2551" assertions="4" time="0.161506">
  </testcase>
  <testcase name="test_job_by_id_25995" assertions="4" time="0.166682">
  </testcase>
  <testcase name="test_job_by_id_2634" assertions="4" time="0.163006">
  </testcase>
  <testcase name="test_job_by_id_2645" assertions="4" time="0.163891">
  </testcase>
  <testcase name="test_job_by_id_26778" assertions="4" time="0.158188">
  </testcase>
  <testcase name="test_job_by_id_26780" assertions="4" time="0.161185">
  </testcase>
  <testcase name="test_job_by_id_275162" assertions="4" time="0.162267">
  </testcase>
  <testcase name="test_job_by_id_28" assertions="4" time="0.159016">
  </testcase>
  <testcase name="test_job_by_id_28517" assertions="4" time="0.161231">
  </testcase>
  <testcase name="test_job_by_id_32436" assertions="4" time="0.161273">
  </testcase>
  <testcase name="test_job_by_id_33067" assertions="4" time="0.160524">
  </testcase>
  <testcase name="test_job_by_id_33883" assertions="4" time="0.160592">
  </testcase>
  <testcase name="test_job_by_id_360129" assertions="4" time="0.159912">
  </testcase>
  <testcase name="test_job_by_id_4377" assertions="4" time="0.211645">
  </testcase>
  <testcase name="test_job_by_id_54389" assertions="4" time="0.160265">
  </testcase>
  <testcase name="test_job_by_id_57735" assertions="4" time="0.164255">
  </testcase>
  <testcase name="test_job_by_id_6468" assertions="4" time="0.164759">
  </testcase>
  <testcase name="test_job_by_id_70675" assertions="4" time="0.159164">
  </testcase>
  <testcase name="test_job_by_id_7404" assertions="4" time="0.162196">
  </testcase>
  <testcase name="test_job_by_id_8" assertions="4" time="0.15834">
  </testcase>
  <testcase name="test_job_by_id_8852" assertions="4" time="0.161477">
  </testcase>
  <testcase name="test_job_by_id_94457" assertions="4" time="0.158311">
  </testcase>
  <testcase name="test_job_by_id_9629" assertions="4" time="0.158131">
  </testcase>
  <testcase name="test_job_by_limit_1" assertions="4" time="0.170944">
  </testcase>
  <testcase name="test_job_by_limit_10" assertions="40" time="0.335224">
  </testcase>
  <testcase name="test_job_by_limit_15" assertions="60" time="0.376913">
  </testcase>
  <testcase name="test_job_by_limit_20" assertions="80" time="0.37885">
  </testcase>
  <testcase name="test_job_by_limit_25" assertions="100" time="0.444055">
  </testcase>
  <testcase name="test_job_by_limit_30" assertions="100" time="0.479047">
  </testcase>
  <testcase name="test_job_by_limit_35" assertions="100" time="0.458996">
  </testcase>
  <testcase name="test_job_by_limit_5" assertions="20" time="0.214389">
  </testcase>
  <testcase name="test_job_by_offset_100" assertions="40" time="0.322249">
  </testcase>
  <testcase name="test_job_by_offset_14" assertions="40" time="0.26402">
  </testcase>
  <testcase name="test_job_by_offset_4" assertions="40" time="0.321218">
  </testcase>
  <testcase name="test_job_by_offset_50" assertions="40" time="0.428563">
  </testcase>
  <testcase name="test_job_by_offset_53" assertions="40" time="0.383647">
  </testcase>
  <testcase name="test_job_by_offset_68" assertions="40" time="0.324384">
  </testcase>
  <testcase name="test_job_by_offset_72" assertions="40" time="0.371891">
  </testcase>
  <testcase name="test_job_by_offset_88" assertions="40" time="0.331897">
  </testcase>
  <testcase name="test_job_by_slug_0" assertions="4" time="0.163161">
  </testcase>
  <testcase name="test_job_by_slug_1" assertions="4" time="0.1589">
  </testcase>
  <testcase name="test_job_by_slug_10" assertions="4" time="0.210015">
  </testcase>
  <testcase name="test_job_by_slug_11" assertions="4" time="0.161256">
  </testcase>
  <testcase name="test_job_by_slug_12" assertions="4" time="0.160333">
  </testcase>
  <testcase name="test_job_by_slug_13" assertions="4" time="0.163558">
  </testcase>
  <testcase name="test_job_by_slug_14" assertions="4" time="0.161746">
  </testcase>
  <testcase name="test_job_by_slug_15" assertions="4" time="0.161787">
  </testcase>
  <testcase name="test_job_by_slug_16" assertions="4" time="0.160488">
  </testcase>
  <testcase name="test_job_by_slug_17" assertions="4" time="0.161778">
  </testcase>
  <testcase name="test_job_by_slug_18" assertions="4" time="0.159666">
  </testcase>
  <testcase name="test_job_by_slug_19" assertions="4" time="0.163529">
  </testcase>
  <testcase name="test_job_by_slug_2" assertions="4" time="0.158055">
  </testcase>
  <testcase name="test_job_by_slug_20" assertions="4" time="0.160258">
  </testcase>
  <testcase name="test_job_by_slug_21" assertions="4" time="0.160323">
  </testcase>
  <testcase name="test_job_by_slug_22" assertions="4" time="0.164038">
  </testcase>
  <testcase name="test_job_by_slug_23" assertions="4" time="0.161836">
  </testcase>
  <testcase name="test_job_by_slug_24" assertions="4" time="0.158702">
  </testcase>
  <testcase name="test_job_by_slug_25" assertions="4" time="0.161619">
  </testcase>
  <testcase name="test_job_by_slug_26" assertions="4" time="0.159296">
  </testcase>
  <testcase name="test_job_by_slug_27" assertions="4" time="0.157616">
  </testcase>
  <testcase name="test_job_by_slug_28" assertions="4" time="0.157635">
  </testcase>
  <testcase name="test_job_by_slug_29" assertions="4" time="0.175439">
  </testcase>
  <testcase name="test_job_by_slug_3" assertions="4" time="0.170269">
  </testcase>
  <testcase name="test_job_by_slug_4" assertions="4" time="0.159875">
  </testcase>
  <testcase name="test_job_by_slug_5" assertions="4" time="0.159681">
  </testcase>
  <testcase name="test_job_by_slug_6" assertions="4" time="0.160636">
  </testcase>
  <testcase name="test_job_by_slug_7" assertions="4" time="0.157444">
  </testcase>
  <testcase name="test_job_by_slug_8" assertions="4" time="0.160017">
  </testcase>
  <testcase name="test_job_by_slug_9" assertions="4" time="0.162162">
  </testcase>
  <testcase name="test_job_by_status_active" assertions="1" time="0.379846">
    <failure type="Test::Unit::AssertionFailedError" message="The title values are equal for deleted....">
The title values are equal for deleted.
&lt;"Manager Packaged Goods"&gt; expected to be =~
&lt;/Research\ Telemarketing\ Representative/&gt;. (Test::Unit::AssertionFailedError)
regression.rb:138:in `test_job_by_status_active'
regression.rb:137:in `each'
regression.rb:137:in `test_job_by_status_active'    </failure>
  </testcase>
  <testcase name="test_job_by_status_deleted" assertions="21" time="0.33392">
    <failure type="Test::Unit::AssertionFailedError" message="The title values are equal for ....">
The title values are equal for .
&lt;"Sales Development Specialist"&gt; expected to be =~
&lt;/Analytics\ Producer\ \-\ Gourmet\ Live/&gt;. (Test::Unit::AssertionFailedError)
regression.rb:138:in `test_job_by_status_deleted'
regression.rb:137:in `each'
regression.rb:137:in `test_job_by_status_deleted'    </failure>
  </testcase>
  <testcase name="test_job_by_status_filled" assertions="40" time="0.33069">
  </testcase>
  <testcase name="test_job_by_status_pending" assertions="1" time="0.542114">
    <failure type="Test::Unit::AssertionFailedError" message="The title values are equal for deleted....">
The title values are equal for deleted.
&lt;"SBS HR Publishing Coordinator Job"&gt; expected to be =~
&lt;/Financial\ Analyst\ Business\ Planning/&gt;. (Test::Unit::AssertionFailedError)
regression.rb:138:in `test_job_by_status_pending'
regression.rb:137:in `each'
regression.rb:137:in `test_job_by_status_pending'    </failure>
  </testcase>
  <testcase name="test_jobs_by_company_id_0" assertions="40" time="0.326233">
  </testcase>
  <testcase name="test_jobs_by_company_id_1" assertions="1" time="0.376619">
    <failure type="Test::Unit::AssertionFailedError" message="The title values are equal for 2....">
The title values are equal for 2.
&lt;"Web Associate"&gt; expected to be =~
&lt;/Research\ Telemarketing\ Representative/&gt;. (Test::Unit::AssertionFailedError)
regression.rb:100:in `test_jobs_by_company_id_1'
regression.rb:99:in `each'
regression.rb:99:in `test_jobs_by_company_id_1'    </failure>
  </testcase>
  <testcase name="test_jobs_by_company_id_10" assertions="1" time="0.60209">
    <failure type="Test::Unit::AssertionFailedError" message="The title values are equal for 2....">
The title values are equal for 2.
&lt;"Director Sales Operations I-516874"&gt; expected to be =~
&lt;/HPCS\ Cloud\ Support\ Technical\ Consultant\ \-\ 658594/&gt;. (Test::Unit::AssertionFailedError)
regression.rb:100:in `test_jobs_by_company_id_10'
regression.rb:99:in `each'
regression.rb:99:in `test_jobs_by_company_id_10'    </failure>
  </testcase>
  <testcase name="test_jobs_by_company_id_11" assertions="40" time="0.338052">
  </testcase>
  <testcase name="test_jobs_by_company_id_12" assertions="1" time="0.42729">
    <failure type="Test::Unit::AssertionFailedError" message="The title values are equal for 2....">
The title values are equal for 2.
&lt;"Medical Director, Product Leader - Infectious Disease Job"&gt; expected to be =~
&lt;/Dutch\ Service\ Analyst/&gt;. (Test::Unit::AssertionFailedError)
regression.rb:100:in `test_jobs_by_company_id_12'
regression.rb:99:in `each'
regression.rb:99:in `test_jobs_by_company_id_12'    </failure>
  </testcase>
  <testcase name="test_jobs_by_company_id_13" assertions="5" time="0.367735">
    <failure type="Test::Unit::AssertionFailedError" message="The title values are equal for 3....">
The title values are equal for 3.
&lt;"MS/PhD Fulltime Recent College Graduate"&gt; expected to be =~
&lt;/ST\ Group\ Grad\ Intern/&gt;. (Test::Unit::AssertionFailedError)
regression.rb:100:in `test_jobs_by_company_id_13'
regression.rb:99:in `each'
regression.rb:99:in `test_jobs_by_company_id_13'    </failure>
  </testcase>
  <testcase name="test_jobs_by_company_id_14" assertions="1" time="0.406083">
    <failure type="Test::Unit::AssertionFailedError" message="The title values are equal for 2....">
The title values are equal for 2.
&lt;"Finance Office Assistant (Part-time)"&gt; expected to be =~
&lt;/Jr\.\ Data\ Services\ Engineer/&gt;. (Test::Unit::AssertionFailedError)
regression.rb:100:in `test_jobs_by_company_id_14'
regression.rb:99:in `each'
regression.rb:99:in `test_jobs_by_company_id_14'    </failure>
  </testcase>
  <testcase name="test_jobs_by_company_id_15" assertions="25" time="0.477348">
    <failure type="Test::Unit::AssertionFailedError" message="The title values are equal for 8....">
The title values are equal for 8.
&lt;"Account Manager 1 NBM- Connecticut, Small Business"&gt; expected to be =~
&lt;/Account\ Manager\ 1\-Kansas\ City,\ MO/&gt;. (Test::Unit::AssertionFailedError)
regression.rb:100:in `test_jobs_by_company_id_15'
regression.rb:99:in `each'
regression.rb:99:in `test_jobs_by_company_id_15'    </failure>
  </testcase>
  <testcase name="test_jobs_by_company_id_16" assertions="4" time="0.159652">
  </testcase>
  <testcase name="test_jobs_by_company_id_17" assertions="1" time="0.422532">
    <failure type="Test::Unit::AssertionFailedError" message="The title values are equal for 2....">
The title values are equal for 2.
&lt;"Capital Markets Market Risk Analyst"&gt; expected to be =~
&lt;/Sr\ Tech\ Mgr\ \-\ Apps\ Prog/&gt;. (Test::Unit::AssertionFailedError)
regression.rb:100:in `test_jobs_by_company_id_17'
regression.rb:99:in `each'
regression.rb:99:in `test_jobs_by_company_id_17'    </failure>
  </testcase>
  <testcase name="test_jobs_by_company_id_18" assertions="1" time="0.444799">
    <failure type="Test::Unit::AssertionFailedError" message="The title values are equal for 2....">
The title values are equal for 2.
&lt;"Accounting Manager"&gt; expected to be =~
&lt;/Engineering\ Opportunities/&gt;. (Test::Unit::AssertionFailedError)
regression.rb:100:in `test_jobs_by_company_id_18'
regression.rb:99:in `each'
regression.rb:99:in `test_jobs_by_company_id_18'    </failure>
  </testcase>
  <testcase name="test_jobs_by_company_id_19" assertions="40" time="0.379593">
  </testcase>
  <testcase name="test_jobs_by_company_id_2" assertions="8" time="0.161725">
  </testcase>
  <testcase name="test_jobs_by_company_id_20" assertions="40" time="0.38035">
  </testcase>
  <testcase name="test_jobs_by_company_id_21" assertions="4" time="0.158918">
  </testcase>
  <testcase name="test_jobs_by_company_id_22" assertions="28" time="0.322367">
  </testcase>
  <testcase name="test_jobs_by_company_id_23" assertions="1" time="0.43537">
    <failure type="Test::Unit::AssertionFailedError" message="The title values are equal for 2....">
The title values are equal for 2.
&lt;"Product Manager- Women's Healthcare"&gt; expected to be =~
&lt;/Senior\ Network\ Engineer\ /&gt;. (Test::Unit::AssertionFailedError)
regression.rb:100:in `test_jobs_by_company_id_23'
regression.rb:99:in `each'
regression.rb:99:in `test_jobs_by_company_id_23'    </failure>
  </testcase>
  <testcase name="test_jobs_by_company_id_24" assertions="9" time="0.377279">
    <failure type="Test::Unit::AssertionFailedError" message="The title values are equal for 4....">
The title values are equal for 4.
&lt;"Client Success Manager"&gt; expected to be =~
&lt;/Graphic\ Design\ Internship/&gt;. (Test::Unit::AssertionFailedError)
regression.rb:100:in `test_jobs_by_company_id_24'
regression.rb:99:in `each'
regression.rb:99:in `test_jobs_by_company_id_24'    </failure>
  </testcase>
  <testcase name="test_jobs_by_company_id_25" assertions="1" time="0.377539">
    <failure type="Test::Unit::AssertionFailedError" message="The title values are equal for 2....">
The title values are equal for 2.
&lt;"Junior Revenue Accountant"&gt; expected to be =~
&lt;/QA\ Software\ Engineer/&gt;. (Test::Unit::AssertionFailedError)
regression.rb:100:in `test_jobs_by_company_id_25'
regression.rb:99:in `each'
regression.rb:99:in `test_jobs_by_company_id_25'    </failure>
  </testcase>
  <testcase name="test_jobs_by_company_id_26" assertions="1" time="0.43914">
    <failure type="Test::Unit::AssertionFailedError" message="The title values are equal for 2....">
The title values are equal for 2.
&lt;"* Bilingual Retail Sales Associate*"&gt; expected to be =~
&lt;/Engineer,\ RF\ Deployment/&gt;. (Test::Unit::AssertionFailedError)
regression.rb:100:in `test_jobs_by_company_id_26'
regression.rb:99:in `each'
regression.rb:99:in `test_jobs_by_company_id_26'    </failure>
  </testcase>
  <testcase name="test_jobs_by_company_id_27" assertions="24" time="0.262764">
  </testcase>
  <testcase name="test_jobs_by_company_id_28" assertions="8" time="0.161893">
  </testcase>
  <testcase name="test_jobs_by_company_id_29" assertions="1" time="0.374229">
    <failure type="Test::Unit::AssertionFailedError" message="The title values are equal for 2....">
The title values are equal for 2.
&lt;"Success Manager"&gt; expected to be =~
&lt;/QA\ Engineer\ /&gt;. (Test::Unit::AssertionFailedError)
regression.rb:100:in `test_jobs_by_company_id_29'
regression.rb:99:in `each'
regression.rb:99:in `test_jobs_by_company_id_29'    </failure>
  </testcase>
  <testcase name="test_jobs_by_company_id_3" assertions="40" time="0.375356">
  </testcase>
  <testcase name="test_jobs_by_company_id_4" assertions="40" time="0.377607">
  </testcase>
  <testcase name="test_jobs_by_company_id_5" assertions="40" time="0.322791">
  </testcase>
  <testcase name="test_jobs_by_company_id_6" assertions="40" time="0.376162">
  </testcase>
  <testcase name="test_jobs_by_company_id_7" assertions="1" time="0.380908">
    <failure type="Test::Unit::AssertionFailedError" message="The title values are equal for 2....">
The title values are equal for 2.
&lt;"Product Manager - AWS CloudFront"&gt; expected to be =~
&lt;/Sr\ Demand\ Planner,\ Kindle/&gt;. (Test::Unit::AssertionFailedError)
regression.rb:100:in `test_jobs_by_company_id_7'
regression.rb:99:in `each'
regression.rb:99:in `test_jobs_by_company_id_7'    </failure>
  </testcase>
  <testcase name="test_jobs_by_company_id_8" assertions="1" time="0.37875">
    <failure type="Test::Unit::AssertionFailedError" message="The title values are equal for 2....">
The title values are equal for 2.
&lt;"Inbound Sales Specialist"&gt; expected to be =~
&lt;/Systems\ Support\ Analyst\ 4/&gt;. (Test::Unit::AssertionFailedError)
regression.rb:100:in `test_jobs_by_company_id_8'
regression.rb:99:in `each'
regression.rb:99:in `test_jobs_by_company_id_8'    </failure>
  </testcase>
  <testcase name="test_jobs_by_company_id_9" assertions="13" time="0.482772">
    <failure type="Test::Unit::AssertionFailedError" message="The title values are equal for 5....">
The title values are equal for 5.
&lt;"Sr Mgr Engineering"&gt; expected to be =~
&lt;/Operational\ Software\/Test\ Engineer/&gt;. (Test::Unit::AssertionFailedError)
regression.rb:100:in `test_jobs_by_company_id_9'
regression.rb:99:in `each'
regression.rb:99:in `test_jobs_by_company_id_9'    </failure>
  </testcase>
  <testcase name="test_questions_for_a_job" assertions="122" time="0.40145">
  </testcase>
  <testcase name="test_search_jobs_by_title_text" assertions="30" time="0.271635">
  </testcase>
  <system-out>
  </system-out>
  <system-err>
  </system-err>
</testsuite>
